#
# There is insufficient memory for the Java Runtime Environment to continue.
# Native memory allocation (malloc) failed to allocate 502576 bytes. Error detail: Chunk::new
# Possible reasons:
#   The system is out of physical RAM or swap space
#   This process is running with CompressedOops enabled, and the Java Heap may be blocking the growth of the native heap
# Possible solutions:
#   Reduce memory load on the system
#   Increase physical memory or swap space
#   Check if swap backing store is full
#   Decrease Java heap size (-Xmx/-Xms)
#   Decrease number of Java threads
#   Decrease Java thread stack sizes (-Xss)
#   Set larger code cache with -XX:ReservedCodeCacheSize=
#   JVM is running with Unscaled Compressed Oops mode in which the Java heap is
#     placed in the first 4GB address space. The Java Heap base address is the
#     maximum limit for the native heap growth. Please use -XX:HeapBaseMinAddress
#     to set the Java Heap base and to place the Java Heap above 4GB virtual address.
# This output file may be truncated or incomplete.
#
#  Out of Memory Error (arena.cpp:168), pid=10476, tid=21560
#
# JRE version: OpenJDK Runtime Environment Temurin-21.0.8+9 (21.0.8+9) (build 21.0.8+9-LTS)
# Java VM: OpenJDK 64-Bit Server VM Temurin-21.0.8+9 (21.0.8+9-LTS, mixed mode, sharing, tiered, compressed oops, compressed class ptrs, parallel gc, windows-amd64)
# No core dump will be written. Minidumps are not enabled by default on client versions of Windows
#

---------------  S U M M A R Y ------------

Command Line: --add-modules=ALL-SYSTEM --add-opens=java.base/java.util=ALL-UNNAMED --add-opens=java.base/java.lang=ALL-UNNAMED --add-opens=java.base/sun.nio.fs=ALL-UNNAMED -Declipse.application=org.eclipse.jdt.ls.core.id1 -Dosgi.bundles.defaultStartLevel=4 -Declipse.product=org.eclipse.jdt.ls.core.product -Djava.import.generatesMetadataFilesAtProjectRoot=false -DDetectVMInstallationsJob.disabled=true -Dfile.encoding=utf8 -XX:+UseParallelGC -XX:GCTimeRatio=4 -XX:AdaptiveSizePolicyWeight=90 -Dsun.zip.disableMemoryMapping=true -Xmx2G -Xms100m -Xlog:disable -javaagent:c:\Users\Adrianno\.vscode\extensions\redhat.java-1.44.0-win32-x64\lombok\lombok-1.18.39-4050.jar -XX:+HeapDumpOnOutOfMemoryError -XX:HeapDumpPath=c:\Users\Adrianno\AppData\Roaming\Code\User\workspaceStorage\781d6fa11dd267006e6a6756233025f1\redhat.java -Daether.dependencyCollector.impl=bf c:\Users\Adrianno\.vscode\extensions\redhat.java-1.44.0-win32-x64\server\plugins\org.eclipse.equinox.launcher_1.7.0.v20250519-0528.jar -configuration c:\Users\Adrianno\AppData\Roaming\Code\User\globalStorage\redhat.java\1.44.0\config_win -data c:\Users\Adrianno\AppData\Roaming\Code\User\workspaceStorage\781d6fa11dd267006e6a6756233025f1\redhat.java\jdt_ws --pipe=\\.\pipe\lsp-132714a7692824b877215a8ce98f550a-sock

Host: Intel(R) Core(TM) i7-8750H CPU @ 2.20GHz, 12 cores, 15G,  Windows 11 , 64 bit Build 26100 (10.0.26100.4484)
Time: Thu Aug  7 20:34:58 2025 Arabie  elapsed time: 83.573195 seconds (0d 0h 1m 23s)

---------------  T H R E A D  ---------------

Current thread (0x000002cf77f8c750):  JavaThread "C2 CompilerThread0" daemon [_thread_in_native, id=21560, stack(0x000000f464400000,0x000000f464500000) (1024K)]


Current CompileTask:
C2:83573 10387       4       org.gradle.tooling.internal.provider.StreamedValueConsumer::dispatch (48 bytes)

Stack: [0x000000f464400000,0x000000f464500000]
Native frames: (J=compiled Java code, j=interpreted, Vv=VM code, C=native code)
V  [jvm.dll+0x6d2449]
V  [jvm.dll+0x8ae341]
V  [jvm.dll+0x8b08be]
V  [jvm.dll+0x8b0fa3]
V  [jvm.dll+0x280c96]
V  [jvm.dll+0xc581d]
V  [jvm.dll+0xc5d53]
V  [jvm.dll+0x2f539d]
V  [jvm.dll+0x5fa00a]
V  [jvm.dll+0x252092]
V  [jvm.dll+0x25244f]
V  [jvm.dll+0x24ad14]
V  [jvm.dll+0x2483a4]
V  [jvm.dll+0x1c89ee]
V  [jvm.dll+0x257d4d]
V  [jvm.dll+0x2562ea]
V  [jvm.dll+0x3f2d16]
V  [jvm.dll+0x857e6b]
V  [jvm.dll+0x6d0b0d]
C  [ucrtbase.dll+0x37b0]
C  [KERNEL32.DLL+0x2e8d7]
C  [ntdll.dll+0x3c34c]


---------------  P R O C E S S  ---------------

Threads class SMR info:
_java_thread_list=0x000002cf7948bbc0, length=64, elements={
0x000002cf6e5ae730, 0x000002cf6e66d990, 0x000002cf6e66e8a0, 0x000002cf77f7e550,
0x000002cf77f7f400, 0x000002cf77f83820, 0x000002cf77f82980, 0x000002cf77f8c750,
0x000002cf7940af30, 0x000002cf794eb5c0, 0x000002cf7973f710, 0x000002cf7a78add0,
0x000002cf7f459360, 0x000002cf7a7c6040, 0x000002cf7a7c66a0, 0x000002cf7f3b2b10,
0x000002cf7f8f1010, 0x000002cf7f61b7f0, 0x000002cf7f618370, 0x000002cf7f619db0,
0x000002cf7f619720, 0x000002cf7f618a00, 0x000002cf7f61b160, 0x000002cf7f619090,
0x000002cf7f61a440, 0x000002cf7f61aad0, 0x000002cf510a0f80, 0x000002cf510a2330,
0x000002cf510a3d70, 0x000002cf510a29c0, 0x000002cf510a1ca0, 0x000002cf510a3050,
0x000002cf510a1610, 0x000002cf510a36e0, 0x000002cf510a08f0, 0x000002cf51097910,
0x000002cf51097280, 0x000002cf51099350, 0x000002cf51097fa0, 0x000002cf510999e0,
0x000002cf5109a070, 0x000002cf5109bab0, 0x000002cf51098630, 0x000002cf5109a700,
0x000002cf51098cc0, 0x000002cf5109c140, 0x000002cf5109c7d0, 0x000002cf5109ad90,
0x000002cf5109d4f0, 0x000002cf5109e210, 0x000002cf5109e8a0, 0x000002cf512c60e0,
0x000002cf512c4010, 0x000002cf512c46a0, 0x000002cf512c2c60, 0x000002cf512c7b20,
0x000002cf512c4d30, 0x000002cf512c53c0, 0x000002cf512c81b0, 0x000002cf512c6770,
0x000002cf512c8840, 0x000002cf512c5a50, 0x000002cf512ca280, 0x000002cf512c8ed0
}

Java Threads: ( => current thread )
  0x000002cf6e5ae730 JavaThread "main"                              [_thread_blocked, id=23216, stack(0x000000f463a00000,0x000000f463b00000) (1024K)]
  0x000002cf6e66d990 JavaThread "Reference Handler"          daemon [_thread_blocked, id=8624, stack(0x000000f463e00000,0x000000f463f00000) (1024K)]
  0x000002cf6e66e8a0 JavaThread "Finalizer"                  daemon [_thread_blocked, id=23548, stack(0x000000f463f00000,0x000000f464000000) (1024K)]
  0x000002cf77f7e550 JavaThread "Signal Dispatcher"          daemon [_thread_blocked, id=13016, stack(0x000000f464000000,0x000000f464100000) (1024K)]
  0x000002cf77f7f400 JavaThread "Attach Listener"            daemon [_thread_blocked, id=20436, stack(0x000000f464100000,0x000000f464200000) (1024K)]
  0x000002cf77f83820 JavaThread "Service Thread"             daemon [_thread_blocked, id=22884, stack(0x000000f464200000,0x000000f464300000) (1024K)]
  0x000002cf77f82980 JavaThread "Monitor Deflation Thread"   daemon [_thread_blocked, id=18324, stack(0x000000f464300000,0x000000f464400000) (1024K)]
=>0x000002cf77f8c750 JavaThread "C2 CompilerThread0"         daemon [_thread_in_native, id=21560, stack(0x000000f464400000,0x000000f464500000) (1024K)]
  0x000002cf7940af30 JavaThread "C1 CompilerThread0"         daemon [_thread_blocked, id=23120, stack(0x000000f464500000,0x000000f464600000) (1024K)]
  0x000002cf794eb5c0 JavaThread "Common-Cleaner"             daemon [_thread_blocked, id=9468, stack(0x000000f464600000,0x000000f464700000) (1024K)]
  0x000002cf7973f710 JavaThread "Notification Thread"        daemon [_thread_blocked, id=23200, stack(0x000000f464800000,0x000000f464900000) (1024K)]
  0x000002cf7a78add0 JavaThread "Active Thread: Equinox Container: b52718e3-952f-462f-9d3c-ff2dd2c82715"        [_thread_blocked, id=9144, stack(0x000000f465000000,0x000000f465100000) (1024K)]
  0x000002cf7f459360 JavaThread "Refresh Thread: Equinox Container: b52718e3-952f-462f-9d3c-ff2dd2c82715" daemon [_thread_blocked, id=10988, stack(0x000000f465200000,0x000000f465300000) (1024K)]
  0x000002cf7a7c6040 JavaThread "Framework Event Dispatcher: Equinox Container: b52718e3-952f-462f-9d3c-ff2dd2c82715" daemon [_thread_blocked, id=22264, stack(0x000000f465300000,0x000000f465400000) (1024K)]
  0x000002cf7a7c66a0 JavaThread "Start Level: Equinox Container: b52718e3-952f-462f-9d3c-ff2dd2c82715" daemon [_thread_blocked, id=16868, stack(0x000000f465400000,0x000000f465500000) (1024K)]
  0x000002cf7f3b2b10 JavaThread "Bundle File Closer"         daemon [_thread_blocked, id=19528, stack(0x000000f465700000,0x000000f465800000) (1024K)]
  0x000002cf7f8f1010 JavaThread "SCR Component Actor"        daemon [_thread_blocked, id=17824, stack(0x000000f465800000,0x000000f465900000) (1024K)]
  0x000002cf7f61b7f0 JavaThread "Worker-JM"                         [_thread_blocked, id=18160, stack(0x000000f465a00000,0x000000f465b00000) (1024K)]
  0x000002cf7f618370 JavaThread "JNA Cleaner"                daemon [_thread_blocked, id=23092, stack(0x000000f465b00000,0x000000f465c00000) (1024K)]
  0x000002cf7f619db0 JavaThread "Worker-0"                          [_thread_blocked, id=6136, stack(0x000000f464700000,0x000000f464800000) (1024K)]
  0x000002cf7f619720 JavaThread "Worker-1: Refreshing workspace"        [_thread_blocked, id=5464, stack(0x000000f464900000,0x000000f464a00000) (1024K)]
  0x000002cf7f618a00 JavaThread "Worker-2"                          [_thread_blocked, id=22092, stack(0x000000f465e00000,0x000000f465f00000) (1024K)]
  0x000002cf7f61b160 JavaThread "Worker-3"                          [_thread_blocked, id=23084, stack(0x000000f465c00000,0x000000f465d00000) (1024K)]
  0x000002cf7f619090 JavaThread "Java indexing"              daemon [_thread_blocked, id=22236, stack(0x000000f465d00000,0x000000f465e00000) (1024K)]
  0x000002cf7f61a440 JavaThread "Worker-4"                          [_thread_blocked, id=21956, stack(0x000000f465f00000,0x000000f466000000) (1024K)]
  0x000002cf7f61aad0 JavaThread "Worker-5"                          [_thread_blocked, id=18384, stack(0x000000f466500000,0x000000f466600000) (1024K)]
  0x000002cf510a0f80 JavaThread "Worker-6: Synchronize Gradle projects with workspace"        [_thread_blocked, id=22080, stack(0x000000f466600000,0x000000f466700000) (1024K)]
  0x000002cf510a2330 JavaThread "Thread-2"                   daemon [_thread_in_native, id=20444, stack(0x000000f466700000,0x000000f466800000) (1024K)]
  0x000002cf510a3d70 JavaThread "Thread-3"                   daemon [_thread_in_native, id=4912, stack(0x000000f466800000,0x000000f466900000) (1024K)]
  0x000002cf510a29c0 JavaThread "Thread-4"                   daemon [_thread_in_native, id=6360, stack(0x000000f466900000,0x000000f466a00000) (1024K)]
  0x000002cf510a1ca0 JavaThread "Thread-5"                   daemon [_thread_in_native, id=3820, stack(0x000000f466a00000,0x000000f466b00000) (1024K)]
  0x000002cf510a3050 JavaThread "Thread-6"                   daemon [_thread_in_native, id=23492, stack(0x000000f466b00000,0x000000f466c00000) (1024K)]
  0x000002cf510a1610 JavaThread "Thread-7"                   daemon [_thread_in_native, id=22796, stack(0x000000f466c00000,0x000000f466d00000) (1024K)]
  0x000002cf510a36e0 JavaThread "Thread-8"                   daemon [_thread_in_native, id=22268, stack(0x000000f466d00000,0x000000f466e00000) (1024K)]
  0x000002cf510a08f0 JavaThread "Thread-9"                   daemon [_thread_in_native, id=16796, stack(0x000000f466e00000,0x000000f466f00000) (1024K)]
  0x000002cf51097910 JavaThread "Thread-10"                  daemon [_thread_in_native, id=22664, stack(0x000000f466f00000,0x000000f467000000) (1024K)]
  0x000002cf51097280 JavaThread "Thread-11"                  daemon [_thread_in_native, id=19644, stack(0x000000f467000000,0x000000f467100000) (1024K)]
  0x000002cf51099350 JavaThread "Thread-12"                  daemon [_thread_in_native, id=22276, stack(0x000000f467100000,0x000000f467200000) (1024K)]
  0x000002cf51097fa0 JavaThread "Thread-13"                  daemon [_thread_in_native, id=21900, stack(0x000000f467200000,0x000000f467300000) (1024K)]
  0x000002cf510999e0 JavaThread "Thread-14"                  daemon [_thread_in_native, id=7684, stack(0x000000f467300000,0x000000f467400000) (1024K)]
  0x000002cf5109a070 JavaThread "pool-2-thread-1"                   [_thread_blocked, id=21712, stack(0x000000f467400000,0x000000f467500000) (1024K)]
  0x000002cf5109bab0 JavaThread "Timer-0"                           [_thread_blocked, id=21284, stack(0x000000f467500000,0x000000f467600000) (1024K)]
  0x000002cf51098630 JavaThread "WorkspaceEventsHandler"            [_thread_blocked, id=20600, stack(0x000000f467600000,0x000000f467700000) (1024K)]
  0x000002cf5109a700 JavaThread "pool-1-thread-1"                   [_thread_blocked, id=11576, stack(0x000000f467700000,0x000000f467800000) (1024K)]
  0x000002cf51098cc0 JavaThread "Worker-7"                          [_thread_blocked, id=23300, stack(0x000000f467800000,0x000000f467900000) (1024K)]
  0x000002cf5109c140 JavaThread "Worker-8: Initialize workspace"        [_thread_blocked, id=22052, stack(0x000000f467900000,0x000000f467a00000) (1024K)]
  0x000002cf5109c7d0 JavaThread "Timer-1"                           [_thread_blocked, id=22852, stack(0x000000f467a00000,0x000000f467b00000) (1024K)]
  0x000002cf5109ad90 JavaThread "Timer-2"                           [_thread_blocked, id=1120, stack(0x000000f466100000,0x000000f466200000) (1024K)]
  0x000002cf5109d4f0 JavaThread "Timer-3"                           [_thread_blocked, id=22292, stack(0x000000f467b00000,0x000000f467c00000) (1024K)]
  0x000002cf5109e210 JavaThread "Timer-4"                           [_thread_blocked, id=23204, stack(0x000000f467c00000,0x000000f467d00000) (1024K)]
  0x000002cf5109e8a0 JavaThread "Timer-5"                           [_thread_blocked, id=20216, stack(0x000000f467d00000,0x000000f467e00000) (1024K)]
  0x000002cf512c60e0 JavaThread "Timer-6"                           [_thread_blocked, id=2992, stack(0x000000f466000000,0x000000f466100000) (1024K)]
  0x000002cf512c4010 JavaThread "Timer-7"                           [_thread_blocked, id=15788, stack(0x000000f467e00000,0x000000f467f00000) (1024K)]
  0x000002cf512c46a0 JavaThread "Exec process"                      [_thread_blocked, id=14880, stack(0x000000f468100000,0x000000f468200000) (1024K)]
  0x000002cf512c2c60 JavaThread "Exec process Thread 2"             [_thread_blocked, id=6124, stack(0x000000f468200000,0x000000f468300000) (1024K)]
  0x000002cf512c7b20 JavaThread "Exec process Thread 3"             [_thread_blocked, id=21596, stack(0x000000f468300000,0x000000f468400000) (1024K)]
  0x000002cf512c4d30 JavaThread "Timer-8"                           [_thread_blocked, id=3172, stack(0x000000f467f00000,0x000000f468000000) (1024K)]
  0x000002cf512c53c0 JavaThread "Timer-9"                           [_thread_blocked, id=6320, stack(0x000000f468500000,0x000000f468600000) (1024K)]
  0x000002cf512c81b0 JavaThread "ForkJoinPool.commonPool-worker-1" daemon [_thread_blocked, id=22448, stack(0x000000f468600000,0x000000f468700000) (1024K)]
  0x000002cf512c6770 JavaThread "ForkJoinPool.commonPool-worker-2" daemon [_thread_blocked, id=19600, stack(0x000000f468700000,0x000000f468800000) (1024K)]
  0x000002cf512c8840 JavaThread "Timer-10"                          [_thread_blocked, id=22324, stack(0x000000f468000000,0x000000f468100000) (1024K)]
  0x000002cf512c5a50 JavaThread "Timer-11"                          [_thread_blocked, id=20312, stack(0x000000f468400000,0x000000f468500000) (1024K)]
  0x000002cf512ca280 JavaThread "Connection worker"                 [_thread_in_native, id=7236, stack(0x000000f468800000,0x000000f468900000) (1024K)]
  0x000002cf512c8ed0 JavaThread "pool-5-thread-1"                   [_thread_blocked, id=2272, stack(0x000000f468900000,0x000000f468a00000) (1024K)]
Total: 64

Other Threads:
  0x000002cf77f74960 VMThread "VM Thread"                           [id=14732, stack(0x000000f463d00000,0x000000f463e00000) (1024K)]
  0x000002cf77e6ca00 WatcherThread "VM Periodic Task Thread"        [id=20416, stack(0x000000f463c00000,0x000000f463d00000) (1024K)]
  0x000002cf6e5ce280 WorkerThread "GC Thread#0"                     [id=21692, stack(0x000000f463b00000,0x000000f463c00000) (1024K)]
  0x000002cf7a80bca0 WorkerThread "GC Thread#1"                     [id=3028, stack(0x000000f464a00000,0x000000f464b00000) (1024K)]
  0x000002cf7ab390c0 WorkerThread "GC Thread#2"                     [id=16716, stack(0x000000f464b00000,0x000000f464c00000) (1024K)]
  0x000002cf7ab39460 WorkerThread "GC Thread#3"                     [id=22060, stack(0x000000f464c00000,0x000000f464d00000) (1024K)]
  0x000002cf7a806f20 WorkerThread "GC Thread#4"                     [id=20500, stack(0x000000f464d00000,0x000000f464e00000) (1024K)]
  0x000002cf7a8072c0 WorkerThread "GC Thread#5"                     [id=21764, stack(0x000000f464e00000,0x000000f464f00000) (1024K)]
  0x000002cf7f0084b0 WorkerThread "GC Thread#6"                     [id=23464, stack(0x000000f464f00000,0x000000f465000000) (1024K)]
  0x000002cf7f502930 WorkerThread "GC Thread#7"                     [id=14112, stack(0x000000f465100000,0x000000f465200000) (1024K)]
  0x000002cf7f249570 WorkerThread "GC Thread#8"                     [id=2572, stack(0x000000f465500000,0x000000f465600000) (1024K)]
  0x000002cf7f248350 WorkerThread "GC Thread#9"                     [id=22588, stack(0x000000f465600000,0x000000f465700000) (1024K)]
Total: 12

Threads with active compile tasks:
C2 CompilerThread0  83623 10387       4       org.gradle.tooling.internal.provider.StreamedValueConsumer::dispatch (48 bytes)
Total: 1

VM state: not at safepoint (normal execution)

VM Mutex/Monitor currently owned by a thread: None

Heap address: 0x0000000080000000, size: 2048 MB, Compressed Oops mode: 32-bit

CDS archive(s) mapped at: [0x000002cf0f000000-0x000002cf0fba0000-0x000002cf0fba0000), size 12189696, SharedBaseAddress: 0x000002cf0f000000, ArchiveRelocationMode: 1.
Compressed class space mapped at: 0x000002cf10000000-0x000002cf50000000, reserved size: 1073741824
Narrow klass base: 0x000002cf0f000000, Narrow klass shift: 0, Narrow klass range: 0x100000000

GC Precious Log:
 CardTable entry size: 512
 CPUs: 12 total, 12 available
 Memory: 16234M
 Large Page Support: Disabled
 NUMA Support: Disabled
 Compressed Oops: Enabled (32-bit)
 Alignments: Space 512K, Generation 512K, Heap 2M
 Heap Min Capacity: 100M
 Heap Initial Capacity: 100M
 Heap Max Capacity: 2G
 Pre-touch: Disabled
 Parallel Workers: 10

Heap:
 PSYoungGen      total 10240K, used 4483K [0x00000000d5580000, 0x00000000d6100000, 0x0000000100000000)
  eden space 9728K, 43% used [0x00000000d5580000,0x00000000d59a8fe0,0x00000000d5f00000)
  from space 512K, 43% used [0x00000000d6000000,0x00000000d6038000,0x00000000d6080000)
  to   space 512K, 0% used [0x00000000d6080000,0x00000000d6080000,0x00000000d6100000)
 ParOldGen       total 324096K, used 190472K [0x0000000080000000, 0x0000000093c80000, 0x00000000d5580000)
  object space 324096K, 58% used [0x0000000080000000,0x000000008ba023c0,0x0000000093c80000)
 Metaspace       used 72973K, committed 74432K, reserved 1114112K
  class space    used 9097K, committed 9728K, reserved 1048576K

Card table byte_map: [0x000002cf732a0000,0x000002cf736b0000] _byte_map_base: 0x000002cf72ea0000

Marking Bits: (ParMarkBitMap*) 0x00007ffaddc5a340
 Begin Bits: [0x000002cf73960000, 0x000002cf75960000)
 End Bits:   [0x000002cf75960000, 0x000002cf77960000)

Polling page: 0x000002cf6e670000

Metaspace:

Usage:
  Non-class:     62.38 MB used.
      Class:      8.88 MB used.
       Both:     71.26 MB used.

Virtual space:
  Non-class space:       64.00 MB reserved,      63.19 MB ( 99%) committed,  1 nodes.
      Class space:        1.00 GB reserved,       9.50 MB ( <1%) committed,  1 nodes.
             Both:        1.06 GB reserved,      72.69 MB (  7%) committed. 

Chunk freelists:
   Non-Class:  9.00 KB
       Class:  6.44 MB
        Both:  6.45 MB

MaxMetaspaceSize: unlimited
CompressedClassSpaceSize: 1.00 GB
Initial GC threshold: 21.00 MB
Current GC threshold: 97.31 MB
CDS: on
 - commit_granule_bytes: 65536.
 - commit_granule_words: 8192.
 - virtual_space_node_default_size: 8388608.
 - enlarge_chunks_in_place: 1.
 - use_allocation_guard: 0.


Internal statistics:

num_allocs_failed_limit: 9.
num_arena_births: 1346.
num_arena_deaths: 14.
num_vsnodes_births: 2.
num_vsnodes_deaths: 0.
num_space_committed: 1163.
num_space_uncommitted: 0.
num_chunks_returned_to_freelist: 23.
num_chunks_taken_from_freelist: 4533.
num_chunk_merges: 13.
num_chunk_splits: 2836.
num_chunks_enlarged: 1631.
num_inconsistent_stats: 0.

CodeHeap 'non-profiled nmethods': size=120000Kb used=8651Kb max_used=8651Kb free=111348Kb
 bounds [0x000002cf07ad0000, 0x000002cf08350000, 0x000002cf0f000000]
CodeHeap 'profiled nmethods': size=120000Kb used=18833Kb max_used=18833Kb free=101166Kb
 bounds [0x000002cf00000000, 0x000002cf01270000, 0x000002cf07530000]
CodeHeap 'non-nmethods': size=5760Kb used=1459Kb max_used=1527Kb free=4300Kb
 bounds [0x000002cf07530000, 0x000002cf077a0000, 0x000002cf07ad0000]
CodeCache: size=245760Kb, used=28943Kb, max_used=29011Kb, free=216814Kb
 total_blobs=10383, nmethods=9613, adapters=676, full_count=0
Compilation: enabled, stopped_count=0, restarted_count=0

Compilation events (20 events):
Event: 80.234 Thread 0x000002cf77f8c750 10381       4       org.gradle.internal.serialize.AbstractDecoder::getInputStream (25 bytes)
Event: 80.234 Thread 0x000002cf77f8c750 nmethod 10381 0x000002cf08341b10 code [0x000002cf08341ca0, 0x000002cf08341d50]
Event: 80.261 Thread 0x000002cf77f8c750 10382       4       java.lang.invoke.LambdaForm$DMH/0x000002cf1018d000::invokeInterface (28 bytes)
Event: 80.261 Thread 0x000002cf7940af30 10383       3       org.gradle.internal.event.AbstractBroadcastDispatch::dispatch (65 bytes)
Event: 80.261 Thread 0x000002cf7940af30 nmethod 10383 0x000002cf01261a10 code [0x000002cf01261c20, 0x000002cf01262278]
Event: 80.262 Thread 0x000002cf77f8c750 nmethod 10382 0x000002cf08341e10 code [0x000002cf08341fc0, 0x000002cf08342188]
Event: 80.276 Thread 0x000002cf7940af30 10384       1       org.gradle.internal.logging.events.ProgressStartEvent::getBuildOperationCategory (5 bytes)
Event: 80.276 Thread 0x000002cf7940af30 nmethod 10384 0x000002cf08342390 code [0x000002cf08342520, 0x000002cf083425e8]
Event: 80.293 Thread 0x000002cf7940af30 10385       3       org.gradle.internal.event.AbstractBroadcastDispatch::dispatch (65 bytes)
Event: 80.293 Thread 0x000002cf7940af30 nmethod 10385 0x000002cf01262410 code [0x000002cf01262620, 0x000002cf01262c78]
Event: 80.293 Thread 0x000002cf7940af30 10386       1       org.gradle.internal.logging.events.ProgressStartEvent::getDescription (5 bytes)
Event: 80.293 Thread 0x000002cf7940af30 nmethod 10386 0x000002cf08342690 code [0x000002cf08342820, 0x000002cf083428e8]
Event: 80.879 Thread 0x000002cf77f8c750 10387       4       org.gradle.tooling.internal.provider.StreamedValueConsumer::dispatch (48 bytes)
Event: 80.917 Thread 0x000002cf7940af30 10390       3       org.gradle.tooling.internal.consumer.parameters.ProgressListenerAdapter::fireChangeEvent (51 bytes)
Event: 80.917 Thread 0x000002cf7940af30 nmethod 10390 0x000002cf01262e10 code [0x000002cf01263040, 0x000002cf012639d0]
Event: 80.917 Thread 0x000002cf7940af30 10391       3       org.gradle.tooling.internal.consumer.parameters.ProgressListenerAdapter$1::<init> (15 bytes)
Event: 80.917 Thread 0x000002cf7940af30 nmethod 10391 0x000002cf01263c90 code [0x000002cf01263e40, 0x000002cf01263fd8]
Event: 80.980 Thread 0x000002cf7940af30 10392       3       sun.nio.cs.StreamEncoder::ensureOpen (18 bytes)
Event: 80.980 Thread 0x000002cf7940af30 nmethod 10392 0x000002cf01264090 code [0x000002cf01264240, 0x000002cf01264448]
Event: 82.590 Thread 0x000002cf7940af30 10394       1       org.gradle.internal.logging.sink.GroupingProgressLogEventGenerator::access$300 (5 bytes)

GC Heap History (20 events):
Event: 40.249 GC heap before
{Heap before GC invocations=195 (full 3):
 PSYoungGen      total 10240K, used 10016K [0x00000000d5580000, 0x00000000d6100000, 0x0000000100000000)
  eden space 9728K, 100% used [0x00000000d5580000,0x00000000d5f00000,0x00000000d5f00000)
  from space 512K, 56% used [0x00000000d6000000,0x00000000d6048000,0x00000000d6080000)
  to   space 512K, 0% used [0x00000000d6080000,0x00000000d6080000,0x00000000d6100000)
 ParOldGen       total 324096K, used 189502K [0x0000000080000000, 0x0000000093c80000, 0x00000000d5580000)
  object space 324096K, 58% used [0x0000000080000000,0x000000008b90fac0,0x0000000093c80000)
 Metaspace       used 71544K, committed 72960K, reserved 1114112K
  class space    used 8967K, committed 9600K, reserved 1048576K
}
Event: 40.249 GC heap after
{Heap after GC invocations=195 (full 3):
 PSYoungGen      total 10240K, used 224K [0x00000000d5580000, 0x00000000d6100000, 0x0000000100000000)
  eden space 9728K, 0% used [0x00000000d5580000,0x00000000d5580000,0x00000000d5f00000)
  from space 512K, 43% used [0x00000000d6080000,0x00000000d60b8000,0x00000000d6100000)
  to   space 512K, 0% used [0x00000000d6000000,0x00000000d6000000,0x00000000d6080000)
 ParOldGen       total 324096K, used 189574K [0x0000000080000000, 0x0000000093c80000, 0x00000000d5580000)
  object space 324096K, 58% used [0x0000000080000000,0x000000008b921ac0,0x0000000093c80000)
 Metaspace       used 71544K, committed 72960K, reserved 1114112K
  class space    used 8967K, committed 9600K, reserved 1048576K
}
Event: 40.474 GC heap before
{Heap before GC invocations=196 (full 3):
 PSYoungGen      total 10240K, used 9952K [0x00000000d5580000, 0x00000000d6100000, 0x0000000100000000)
  eden space 9728K, 100% used [0x00000000d5580000,0x00000000d5f00000,0x00000000d5f00000)
  from space 512K, 43% used [0x00000000d6080000,0x00000000d60b8000,0x00000000d6100000)
  to   space 512K, 0% used [0x00000000d6000000,0x00000000d6000000,0x00000000d6080000)
 ParOldGen       total 324096K, used 189574K [0x0000000080000000, 0x0000000093c80000, 0x00000000d5580000)
  object space 324096K, 58% used [0x0000000080000000,0x000000008b921ac0,0x0000000093c80000)
 Metaspace       used 72369K, committed 73856K, reserved 1114112K
  class space    used 9060K, committed 9728K, reserved 1048576K
}
Event: 40.475 GC heap after
{Heap after GC invocations=196 (full 3):
 PSYoungGen      total 10240K, used 504K [0x00000000d5580000, 0x00000000d6100000, 0x0000000100000000)
  eden space 9728K, 0% used [0x00000000d5580000,0x00000000d5580000,0x00000000d5f00000)
  from space 512K, 98% used [0x00000000d6000000,0x00000000d607e1a8,0x00000000d6080000)
  to   space 512K, 0% used [0x00000000d6080000,0x00000000d6080000,0x00000000d6100000)
 ParOldGen       total 324096K, used 189606K [0x0000000080000000, 0x0000000093c80000, 0x00000000d5580000)
  object space 324096K, 58% used [0x0000000080000000,0x000000008b929ac0,0x0000000093c80000)
 Metaspace       used 72369K, committed 73856K, reserved 1114112K
  class space    used 9060K, committed 9728K, reserved 1048576K
}
Event: 41.411 GC heap before
{Heap before GC invocations=197 (full 3):
 PSYoungGen      total 10240K, used 10232K [0x00000000d5580000, 0x00000000d6100000, 0x0000000100000000)
  eden space 9728K, 100% used [0x00000000d5580000,0x00000000d5f00000,0x00000000d5f00000)
  from space 512K, 98% used [0x00000000d6000000,0x00000000d607e1a8,0x00000000d6080000)
  to   space 512K, 0% used [0x00000000d6080000,0x00000000d6080000,0x00000000d6100000)
 ParOldGen       total 324096K, used 189606K [0x0000000080000000, 0x0000000093c80000, 0x00000000d5580000)
  object space 324096K, 58% used [0x0000000080000000,0x000000008b929ac0,0x0000000093c80000)
 Metaspace       used 72369K, committed 73856K, reserved 1114112K
  class space    used 9060K, committed 9728K, reserved 1048576K
}
Event: 41.411 GC heap after
{Heap after GC invocations=197 (full 3):
 PSYoungGen      total 10240K, used 320K [0x00000000d5580000, 0x00000000d6100000, 0x0000000100000000)
  eden space 9728K, 0% used [0x00000000d5580000,0x00000000d5580000,0x00000000d5f00000)
  from space 512K, 62% used [0x00000000d6080000,0x00000000d60d0000,0x00000000d6100000)
  to   space 512K, 0% used [0x00000000d6000000,0x00000000d6000000,0x00000000d6080000)
 ParOldGen       total 324096K, used 189928K [0x0000000080000000, 0x0000000093c80000, 0x00000000d5580000)
  object space 324096K, 58% used [0x0000000080000000,0x000000008b97a3a0,0x0000000093c80000)
 Metaspace       used 72369K, committed 73856K, reserved 1114112K
  class space    used 9060K, committed 9728K, reserved 1048576K
}
Event: 54.942 GC heap before
{Heap before GC invocations=198 (full 3):
 PSYoungGen      total 10240K, used 10047K [0x00000000d5580000, 0x00000000d6100000, 0x0000000100000000)
  eden space 9728K, 99% used [0x00000000d5580000,0x00000000d5effff8,0x00000000d5f00000)
  from space 512K, 62% used [0x00000000d6080000,0x00000000d60d0000,0x00000000d6100000)
  to   space 512K, 0% used [0x00000000d6000000,0x00000000d6000000,0x00000000d6080000)
 ParOldGen       total 324096K, used 189928K [0x0000000080000000, 0x0000000093c80000, 0x00000000d5580000)
  object space 324096K, 58% used [0x0000000080000000,0x000000008b97a3a0,0x0000000093c80000)
 Metaspace       used 72627K, committed 74112K, reserved 1114112K
  class space    used 9071K, committed 9728K, reserved 1048576K
}
Event: 54.943 GC heap after
{Heap after GC invocations=198 (full 3):
 PSYoungGen      total 10240K, used 352K [0x00000000d5580000, 0x00000000d6100000, 0x0000000100000000)
  eden space 9728K, 0% used [0x00000000d5580000,0x00000000d5580000,0x00000000d5f00000)
  from space 512K, 68% used [0x00000000d6000000,0x00000000d6058000,0x00000000d6080000)
  to   space 512K, 0% used [0x00000000d6080000,0x00000000d6080000,0x00000000d6100000)
 ParOldGen       total 324096K, used 189976K [0x0000000080000000, 0x0000000093c80000, 0x00000000d5580000)
  object space 324096K, 58% used [0x0000000080000000,0x000000008b9863a0,0x0000000093c80000)
 Metaspace       used 72627K, committed 74112K, reserved 1114112K
  class space    used 9071K, committed 9728K, reserved 1048576K
}
Event: 59.478 GC heap before
{Heap before GC invocations=199 (full 3):
 PSYoungGen      total 10240K, used 10080K [0x00000000d5580000, 0x00000000d6100000, 0x0000000100000000)
  eden space 9728K, 100% used [0x00000000d5580000,0x00000000d5f00000,0x00000000d5f00000)
  from space 512K, 68% used [0x00000000d6000000,0x00000000d6058000,0x00000000d6080000)
  to   space 512K, 0% used [0x00000000d6080000,0x00000000d6080000,0x00000000d6100000)
 ParOldGen       total 324096K, used 189976K [0x0000000080000000, 0x0000000093c80000, 0x00000000d5580000)
  object space 324096K, 58% used [0x0000000080000000,0x000000008b9863a0,0x0000000093c80000)
 Metaspace       used 72792K, committed 74240K, reserved 1114112K
  class space    used 9075K, committed 9728K, reserved 1048576K
}
Event: 59.479 GC heap after
{Heap after GC invocations=199 (full 3):
 PSYoungGen      total 10240K, used 320K [0x00000000d5580000, 0x00000000d6100000, 0x0000000100000000)
  eden space 9728K, 0% used [0x00000000d5580000,0x00000000d5580000,0x00000000d5f00000)
  from space 512K, 62% used [0x00000000d6080000,0x00000000d60d0000,0x00000000d6100000)
  to   space 512K, 0% used [0x00000000d6000000,0x00000000d6000000,0x00000000d6080000)
 ParOldGen       total 324096K, used 190176K [0x0000000080000000, 0x0000000093c80000, 0x00000000d5580000)
  object space 324096K, 58% used [0x0000000080000000,0x000000008b9b83c0,0x0000000093c80000)
 Metaspace       used 72792K, committed 74240K, reserved 1114112K
  class space    used 9075K, committed 9728K, reserved 1048576K
}
Event: 66.235 GC heap before
{Heap before GC invocations=200 (full 3):
 PSYoungGen      total 10240K, used 10048K [0x00000000d5580000, 0x00000000d6100000, 0x0000000100000000)
  eden space 9728K, 100% used [0x00000000d5580000,0x00000000d5f00000,0x00000000d5f00000)
  from space 512K, 62% used [0x00000000d6080000,0x00000000d60d0000,0x00000000d6100000)
  to   space 512K, 0% used [0x00000000d6000000,0x00000000d6000000,0x00000000d6080000)
 ParOldGen       total 324096K, used 190176K [0x0000000080000000, 0x0000000093c80000, 0x00000000d5580000)
  object space 324096K, 58% used [0x0000000080000000,0x000000008b9b83c0,0x0000000093c80000)
 Metaspace       used 72845K, committed 74304K, reserved 1114112K
  class space    used 9082K, committed 9728K, reserved 1048576K
}
Event: 66.236 GC heap after
{Heap after GC invocations=200 (full 3):
 PSYoungGen      total 10240K, used 288K [0x00000000d5580000, 0x00000000d6100000, 0x0000000100000000)
  eden space 9728K, 0% used [0x00000000d5580000,0x00000000d5580000,0x00000000d5f00000)
  from space 512K, 56% used [0x00000000d6000000,0x00000000d6048000,0x00000000d6080000)
  to   space 512K, 0% used [0x00000000d6080000,0x00000000d6080000,0x00000000d6100000)
 ParOldGen       total 324096K, used 190248K [0x0000000080000000, 0x0000000093c80000, 0x00000000d5580000)
  object space 324096K, 58% used [0x0000000080000000,0x000000008b9ca3c0,0x0000000093c80000)
 Metaspace       used 72845K, committed 74304K, reserved 1114112K
  class space    used 9082K, committed 9728K, reserved 1048576K
}
Event: 67.163 GC heap before
{Heap before GC invocations=201 (full 3):
 PSYoungGen      total 10240K, used 10016K [0x00000000d5580000, 0x00000000d6100000, 0x0000000100000000)
  eden space 9728K, 100% used [0x00000000d5580000,0x00000000d5f00000,0x00000000d5f00000)
  from space 512K, 56% used [0x00000000d6000000,0x00000000d6048000,0x00000000d6080000)
  to   space 512K, 0% used [0x00000000d6080000,0x00000000d6080000,0x00000000d6100000)
 ParOldGen       total 324096K, used 190248K [0x0000000080000000, 0x0000000093c80000, 0x00000000d5580000)
  object space 324096K, 58% used [0x0000000080000000,0x000000008b9ca3c0,0x0000000093c80000)
 Metaspace       used 72845K, committed 74304K, reserved 1114112K
  class space    used 9082K, committed 9728K, reserved 1048576K
}
Event: 67.164 GC heap after
{Heap after GC invocations=201 (full 3):
 PSYoungGen      total 10240K, used 288K [0x00000000d5580000, 0x00000000d6100000, 0x0000000100000000)
  eden space 9728K, 0% used [0x00000000d5580000,0x00000000d5580000,0x00000000d5f00000)
  from space 512K, 56% used [0x00000000d6080000,0x00000000d60c8000,0x00000000d6100000)
  to   space 512K, 0% used [0x00000000d6000000,0x00000000d6000000,0x00000000d6080000)
 ParOldGen       total 324096K, used 190312K [0x0000000080000000, 0x0000000093c80000, 0x00000000d5580000)
  object space 324096K, 58% used [0x0000000080000000,0x000000008b9da3c0,0x0000000093c80000)
 Metaspace       used 72845K, committed 74304K, reserved 1114112K
  class space    used 9082K, committed 9728K, reserved 1048576K
}
Event: 72.924 GC heap before
{Heap before GC invocations=202 (full 3):
 PSYoungGen      total 10240K, used 10016K [0x00000000d5580000, 0x00000000d6100000, 0x0000000100000000)
  eden space 9728K, 100% used [0x00000000d5580000,0x00000000d5f00000,0x00000000d5f00000)
  from space 512K, 56% used [0x00000000d6080000,0x00000000d60c8000,0x00000000d6100000)
  to   space 512K, 0% used [0x00000000d6000000,0x00000000d6000000,0x00000000d6080000)
 ParOldGen       total 324096K, used 190312K [0x0000000080000000, 0x0000000093c80000, 0x00000000d5580000)
  object space 324096K, 58% used [0x0000000080000000,0x000000008b9da3c0,0x0000000093c80000)
 Metaspace       used 72867K, committed 74304K, reserved 1114112K
  class space    used 9084K, committed 9728K, reserved 1048576K
}
Event: 72.924 GC heap after
{Heap after GC invocations=202 (full 3):
 PSYoungGen      total 10240K, used 288K [0x00000000d5580000, 0x00000000d6100000, 0x0000000100000000)
  eden space 9728K, 0% used [0x00000000d5580000,0x00000000d5580000,0x00000000d5f00000)
  from space 512K, 56% used [0x00000000d6000000,0x00000000d6048000,0x00000000d6080000)
  to   space 512K, 0% used [0x00000000d6080000,0x00000000d6080000,0x00000000d6100000)
 ParOldGen       total 324096K, used 190312K [0x0000000080000000, 0x0000000093c80000, 0x00000000d5580000)
  object space 324096K, 58% used [0x0000000080000000,0x000000008b9da3c0,0x0000000093c80000)
 Metaspace       used 72867K, committed 74304K, reserved 1114112K
  class space    used 9084K, committed 9728K, reserved 1048576K
}
Event: 76.337 GC heap before
{Heap before GC invocations=203 (full 3):
 PSYoungGen      total 10240K, used 10016K [0x00000000d5580000, 0x00000000d6100000, 0x0000000100000000)
  eden space 9728K, 100% used [0x00000000d5580000,0x00000000d5f00000,0x00000000d5f00000)
  from space 512K, 56% used [0x00000000d6000000,0x00000000d6048000,0x00000000d6080000)
  to   space 512K, 0% used [0x00000000d6080000,0x00000000d6080000,0x00000000d6100000)
 ParOldGen       total 324096K, used 190312K [0x0000000080000000, 0x0000000093c80000, 0x00000000d5580000)
  object space 324096K, 58% used [0x0000000080000000,0x000000008b9da3c0,0x0000000093c80000)
 Metaspace       used 72954K, committed 74432K, reserved 1114112K
  class space    used 9097K, committed 9728K, reserved 1048576K
}
Event: 76.337 GC heap after
{Heap after GC invocations=203 (full 3):
 PSYoungGen      total 10240K, used 320K [0x00000000d5580000, 0x00000000d6100000, 0x0000000100000000)
  eden space 9728K, 0% used [0x00000000d5580000,0x00000000d5580000,0x00000000d5f00000)
  from space 512K, 62% used [0x00000000d6080000,0x00000000d60d0000,0x00000000d6100000)
  to   space 512K, 0% used [0x00000000d6000000,0x00000000d6000000,0x00000000d6080000)
 ParOldGen       total 324096K, used 190376K [0x0000000080000000, 0x0000000093c80000, 0x00000000d5580000)
  object space 324096K, 58% used [0x0000000080000000,0x000000008b9ea3c0,0x0000000093c80000)
 Metaspace       used 72954K, committed 74432K, reserved 1114112K
  class space    used 9097K, committed 9728K, reserved 1048576K
}
Event: 80.934 GC heap before
{Heap before GC invocations=204 (full 3):
 PSYoungGen      total 10240K, used 10048K [0x00000000d5580000, 0x00000000d6100000, 0x0000000100000000)
  eden space 9728K, 100% used [0x00000000d5580000,0x00000000d5f00000,0x00000000d5f00000)
  from space 512K, 62% used [0x00000000d6080000,0x00000000d60d0000,0x00000000d6100000)
  to   space 512K, 0% used [0x00000000d6000000,0x00000000d6000000,0x00000000d6080000)
 ParOldGen       total 324096K, used 190376K [0x0000000080000000, 0x0000000093c80000, 0x00000000d5580000)
  object space 324096K, 58% used [0x0000000080000000,0x000000008b9ea3c0,0x0000000093c80000)
 Metaspace       used 72973K, committed 74432K, reserved 1114112K
  class space    used 9097K, committed 9728K, reserved 1048576K
}
Event: 80.934 GC heap after
{Heap after GC invocations=204 (full 3):
 PSYoungGen      total 10240K, used 224K [0x00000000d5580000, 0x00000000d6100000, 0x0000000100000000)
  eden space 9728K, 0% used [0x00000000d5580000,0x00000000d5580000,0x00000000d5f00000)
  from space 512K, 43% used [0x00000000d6000000,0x00000000d6038000,0x00000000d6080000)
  to   space 512K, 0% used [0x00000000d6080000,0x00000000d6080000,0x00000000d6100000)
 ParOldGen       total 324096K, used 190472K [0x0000000080000000, 0x0000000093c80000, 0x00000000d5580000)
  object space 324096K, 58% used [0x0000000080000000,0x000000008ba023c0,0x0000000093c80000)
 Metaspace       used 72973K, committed 74432K, reserved 1114112K
  class space    used 9097K, committed 9728K, reserved 1048576K
}

Dll operation events (15 events):
Event: 0.014 Loaded shared library c:\Users\Adrianno\.vscode\extensions\redhat.java-1.44.0-win32-x64\jre\21.0.8-win32-x86_64\bin\java.dll
Event: 0.078 Loaded shared library c:\Users\Adrianno\.vscode\extensions\redhat.java-1.44.0-win32-x64\jre\21.0.8-win32-x86_64\bin\zip.dll
Event: 0.097 Loaded shared library C:\Users\Adrianno\.vscode\extensions\redhat.java-1.44.0-win32-x64\jre\21.0.8-win32-x86_64\bin\instrument.dll
Event: 0.102 Loaded shared library C:\Users\Adrianno\.vscode\extensions\redhat.java-1.44.0-win32-x64\jre\21.0.8-win32-x86_64\bin\net.dll
Event: 0.106 Loaded shared library C:\Users\Adrianno\.vscode\extensions\redhat.java-1.44.0-win32-x64\jre\21.0.8-win32-x86_64\bin\nio.dll
Event: 0.108 Loaded shared library C:\Users\Adrianno\.vscode\extensions\redhat.java-1.44.0-win32-x64\jre\21.0.8-win32-x86_64\bin\zip.dll
Event: 0.123 Loaded shared library C:\Users\Adrianno\.vscode\extensions\redhat.java-1.44.0-win32-x64\jre\21.0.8-win32-x86_64\bin\jimage.dll
Event: 0.189 Loaded shared library c:\Users\Adrianno\.vscode\extensions\redhat.java-1.44.0-win32-x64\jre\21.0.8-win32-x86_64\bin\verify.dll
Event: 1.120 Loaded shared library C:\Users\Adrianno\AppData\Roaming\Code\User\globalStorage\redhat.java\1.44.0\config_win\org.eclipse.equinox.launcher\org.eclipse.equinox.launcher.win32.win32.x86_64_1.2.1400.v20250730-1736\eclipse_11913.dll
Event: 2.312 Loaded shared library C:\Users\Adrianno\AppData\Local\Temp\jna--761698456\jna146109040186062954.dll
Event: 10.567 Loaded shared library D:\AppNutrilfit\.gradle\native\1def1411415f61bf3af743bc5b6707747c0891f09f0c88961ee8f79bc544acac\windows-amd64\native-platform.dll
Event: 15.425 Loaded shared library C:\Users\Adrianno\.vscode\extensions\redhat.java-1.44.0-win32-x64\jre\21.0.8-win32-x86_64\bin\management.dll
Event: 15.428 Loaded shared library C:\Users\Adrianno\.vscode\extensions\redhat.java-1.44.0-win32-x64\jre\21.0.8-win32-x86_64\bin\management_ext.dll
Event: 18.485 Loaded shared library C:\Users\Adrianno\.vscode\extensions\redhat.java-1.44.0-win32-x64\jre\21.0.8-win32-x86_64\bin\extnet.dll
Event: 21.702 Loaded shared library C:\Users\Adrianno\.vscode\extensions\redhat.java-1.44.0-win32-x64\jre\21.0.8-win32-x86_64\bin\sunmscapi.dll

Deoptimization events (20 events):
Event: 73.096 Thread 0x000002cf512ca280 Uncommon trap: trap_request=0xffffff45 fr.pc=0x000002cf082cd104 relative=0x00000000000001c4
Event: 73.096 Thread 0x000002cf512ca280 Uncommon trap: reason=unstable_if action=reinterpret pc=0x000002cf082cd104 method=java.io.ObjectStreamField.<init>(Ljava/lang/String;Ljava/lang/String;Z)V @ 45 c2
Event: 73.096 Thread 0x000002cf512ca280 DEOPT PACKING pc=0x000002cf082cd104 sp=0x000000f4688fdf00
Event: 73.096 Thread 0x000002cf512ca280 DEOPT UNPACKING pc=0x000002cf07583aa2 sp=0x000000f4688fdea8 mode 2
Event: 74.448 Thread 0x000002cf512ca280 Uncommon trap: trap_request=0xffffff45 fr.pc=0x000002cf082f8434 relative=0x0000000000002cb4
Event: 74.449 Thread 0x000002cf512ca280 Uncommon trap: reason=unstable_if action=reinterpret pc=0x000002cf082f8434 method=java.io.ObjectStreamClass.initNonProxy(Ljava/io/ObjectStreamClass;Ljava/lang/Class;Ljava/lang/ClassNotFoundException;Ljava/io/ObjectStreamClass;)V @ 91 c2
Event: 74.449 Thread 0x000002cf512ca280 DEOPT PACKING pc=0x000002cf082f8434 sp=0x000000f4688fdb10
Event: 74.449 Thread 0x000002cf512ca280 DEOPT UNPACKING pc=0x000002cf07583aa2 sp=0x000000f4688fdb10 mode 2
Event: 74.449 Thread 0x000002cf512ca280 Uncommon trap: trap_request=0xffffff45 fr.pc=0x000002cf0830f768 relative=0x0000000000001508
Event: 74.449 Thread 0x000002cf512ca280 Uncommon trap: reason=unstable_if action=reinterpret pc=0x000002cf0830f768 method=java.io.ObjectStreamClass$FieldReflector.setObjFieldValues(Ljava/lang/Object;[Ljava/lang/Object;Z)V @ 56 c2
Event: 74.449 Thread 0x000002cf512ca280 DEOPT PACKING pc=0x000002cf0830f768 sp=0x000000f4688fde80
Event: 74.449 Thread 0x000002cf512ca280 DEOPT UNPACKING pc=0x000002cf07583aa2 sp=0x000000f4688fdc70 mode 2
Event: 74.449 Thread 0x000002cf512ca280 Uncommon trap: trap_request=0xffffff45 fr.pc=0x000002cf082efa28 relative=0x0000000000000328
Event: 74.449 Thread 0x000002cf512ca280 Uncommon trap: reason=unstable_if action=reinterpret pc=0x000002cf082efa28 method=java.io.ObjectStreamClass$FieldReflector.setObjFieldValues(Ljava/lang/Object;[Ljava/lang/Object;Z)V @ 56 c2
Event: 74.449 Thread 0x000002cf512ca280 DEOPT PACKING pc=0x000002cf082efa28 sp=0x000000f4688fde30
Event: 74.449 Thread 0x000002cf512ca280 DEOPT UNPACKING pc=0x000002cf07583aa2 sp=0x000000f4688fdc70 mode 2
Event: 76.062 Thread 0x000002cf512ca280 Uncommon trap: trap_request=0xffffff45 fr.pc=0x000002cf082ea388 relative=0x0000000000000528
Event: 76.062 Thread 0x000002cf512ca280 Uncommon trap: reason=unstable_if action=reinterpret pc=0x000002cf082ea388 method=java.io.ObjectStreamClass$FieldReflector.setObjFieldValues(Ljava/lang/Object;[Ljava/lang/Object;Z)V @ 56 c2
Event: 76.062 Thread 0x000002cf512ca280 DEOPT PACKING pc=0x000002cf082ea388 sp=0x000000f4688fdbb0
Event: 76.062 Thread 0x000002cf512ca280 DEOPT UNPACKING pc=0x000002cf07583aa2 sp=0x000000f4688fdb38 mode 2

Classes loaded (20 events):
Event: 31.033 Loading class sun/nio/cs/Surrogate$Parser
Event: 31.033 Loading class sun/nio/cs/Surrogate$Parser done
Event: 31.034 Loading class sun/nio/cs/Surrogate
Event: 31.034 Loading class sun/nio/cs/Surrogate done
Event: 40.277 Loading class java/util/Collections$SynchronizedRandomAccessList
Event: 40.278 Loading class java/util/Collections$SynchronizedList
Event: 40.278 Loading class java/util/Collections$SynchronizedList done
Event: 40.278 Loading class java/util/Collections$SynchronizedRandomAccessList done
Event: 40.338 Loading class java/util/concurrent/CompletableFuture$Signaller
Event: 40.338 Loading class java/util/concurrent/CompletableFuture$Signaller done
Event: 40.368 Loading class java/util/Hashtable$KeySet
Event: 40.368 Loading class java/util/Hashtable$KeySet done
Event: 40.369 Loading class java/util/concurrent/CompletableFuture$UniApply
Event: 40.369 Loading class java/util/concurrent/CompletableFuture$UniApply done
Event: 40.369 Loading class java/util/concurrent/CompletableFuture$UniExceptionally
Event: 40.370 Loading class java/util/concurrent/CompletableFuture$UniExceptionally done
Event: 46.032 Loading class java/lang/UnsupportedClassVersionError
Event: 46.032 Loading class java/lang/UnsupportedClassVersionError done
Event: 60.453 Loading class java/time/Ser
Event: 60.453 Loading class java/time/Ser done

Classes unloaded (7 events):
Event: 3.502 Thread 0x000002cf77f74960 Unloading class 0x000002cf101a7000 'java/lang/invoke/LambdaForm$MH+0x000002cf101a7000'
Event: 3.502 Thread 0x000002cf77f74960 Unloading class 0x000002cf101a6c00 'java/lang/invoke/LambdaForm$MH+0x000002cf101a6c00'
Event: 3.502 Thread 0x000002cf77f74960 Unloading class 0x000002cf101a6800 'java/lang/invoke/LambdaForm$MH+0x000002cf101a6800'
Event: 3.502 Thread 0x000002cf77f74960 Unloading class 0x000002cf101a6400 'java/lang/invoke/LambdaForm$MH+0x000002cf101a6400'
Event: 3.502 Thread 0x000002cf77f74960 Unloading class 0x000002cf101a6000 'java/lang/invoke/LambdaForm$BMH+0x000002cf101a6000'
Event: 3.502 Thread 0x000002cf77f74960 Unloading class 0x000002cf101a5c00 'java/lang/invoke/LambdaForm$DMH+0x000002cf101a5c00'
Event: 3.502 Thread 0x000002cf77f74960 Unloading class 0x000002cf101a4800 'java/lang/invoke/LambdaForm$DMH+0x000002cf101a4800'

Classes redefined (0 events):
No events

Internal exceptions (20 events):
Event: 46.035 Thread 0x000002cf512ca280 Exception <a 'java/lang/NoSuchMethodError'{0x00000000d5d6f250}: static Lorg/gradle/internal/build/event/types/DefaultOperationStartedProgressEvent;.<clinit>()V> (0x00000000d5d6f250) 
thrown [s\src\hotspot\share\prims\jni.cpp, line 1111]
Event: 46.036 Thread 0x000002cf512ca280 Exception <a 'java/lang/NoSuchMethodError'{0x00000000d5d85bd8}: static Lorg/gradle/internal/build/event/types/DefaultOperationDescriptor;.<clinit>()V> (0x00000000d5d85bd8) 
thrown [s\src\hotspot\share\prims\jni.cpp, line 1111]
Event: 46.037 Thread 0x000002cf512ca280 Exception <a 'java/lang/NoSuchMethodError'{0x00000000d5d948f0}: static Lorg/gradle/internal/operations/OperationIdentifier;.<clinit>()V> (0x00000000d5d948f0) 
thrown [s\src\hotspot\share\prims\jni.cpp, line 1111]
Event: 48.270 Thread 0x000002cf512ca280 Exception <a 'java/lang/NoSuchMethodError'{0x00000000d5de16d0}: static Lorg/gradle/internal/build/event/types/DefaultOperationFinishedProgressEvent;.<clinit>()V> (0x00000000d5de16d0) 
thrown [s\src\hotspot\share\prims\jni.cpp, line 1111]
Event: 48.271 Thread 0x000002cf512ca280 Exception <a 'java/lang/NoSuchMethodError'{0x00000000d5df87d0}: static Lorg/gradle/internal/build/event/types/AbstractResult;.<clinit>()V> (0x00000000d5df87d0) 
thrown [s\src\hotspot\share\prims\jni.cpp, line 1111]
Event: 48.273 Thread 0x000002cf512ca280 Exception <a 'java/lang/NoSuchMethodError'{0x00000000d5e066a8}: static Lorg/gradle/internal/build/event/types/AbstractOperationResult;.<clinit>()V> (0x00000000d5e066a8) 
thrown [s\src\hotspot\share\prims\jni.cpp, line 1111]
Event: 48.273 Thread 0x000002cf512ca280 Exception <a 'java/lang/NoSuchMethodError'{0x00000000d5e14b78}: static Lorg/gradle/internal/build/event/types/DefaultSuccessResult;.<clinit>()V> (0x00000000d5e14b78) 
thrown [s\src\hotspot\share\prims\jni.cpp, line 1111]
Event: 56.130 Thread 0x000002cf512ca280 Exception <a 'java/lang/NoSuchMethodError'{0x00000000d564ad38}: static Lorg/gradle/internal/build/event/types/DefaultBuildPhaseDescriptor;.<clinit>()V> (0x00000000d564ad38) 
thrown [s\src\hotspot\share\prims\jni.cpp, line 1111]
Event: 57.282 Thread 0x000002cf512ca280 Exception <a 'java/lang/NoSuchMethodError'{0x00000000d57c6820}: static Lorg/gradle/internal/build/event/types/DefaultProjectConfigurationDescriptor;.<clinit>()V> (0x00000000d57c6820) 
thrown [s\src\hotspot\share\prims\jni.cpp, line 1111]
Event: 60.451 Thread 0x000002cf512ca280 Exception <a 'java/lang/NoSuchMethodError'{0x00000000d56d6858}: static Lorg/gradle/internal/build/event/types/AbstractProjectConfigurationResult;.<clinit>()V> (0x00000000d56d6858) 
thrown [s\src\hotspot\share\prims\jni.cpp, line 1111]
Event: 60.451 Thread 0x000002cf512ca280 Exception <a 'java/lang/NoSuchMethodError'{0x00000000d56e6248}: static Lorg/gradle/internal/build/event/types/DefaultProjectConfigurationSuccessResult;.<clinit>()V> (0x00000000d56e6248) 
thrown [s\src\hotspot\share\prims\jni.cpp, line 1111]
Event: 60.452 Thread 0x000002cf512ca280 Exception <a 'java/lang/NoSuchMethodError'{0x00000000d56ff2c8}: static Lorg/gradle/internal/build/event/types/DefaultPluginApplicationResult;.<clinit>()V> (0x00000000d56ff2c8) 
thrown [s\src\hotspot\share\prims\jni.cpp, line 1111]
Event: 60.453 Thread 0x000002cf512ca280 Exception <a 'java/lang/NoSuchMethodError'{0x00000000d5718238}: static Lorg/gradle/internal/build/event/types/DefaultBinaryPluginIdentifier;.<clinit>()V> (0x00000000d5718238) 
thrown [s\src\hotspot\share\prims\jni.cpp, line 1111]
Event: 60.455 Thread 0x000002cf512ca280 Exception <a 'java/lang/NoSuchMethodError'{0x00000000d5737980}: static Lorg/gradle/internal/build/event/types/DefaultScriptPluginIdentifier;.<clinit>()V> (0x00000000d5737980) 
thrown [s\src\hotspot\share\prims\jni.cpp, line 1111]
Event: 73.079 Thread 0x000002cf512ca280 Exception <a 'java/lang/NoSuchMethodError'{0x00000000d567a210}: static Lorg/gradle/internal/build/event/types/DefaultTaskStartedProgressEvent;.<clinit>()V> (0x00000000d567a210) 
thrown [s\src\hotspot\share\prims\jni.cpp, line 1111]
Event: 73.082 Thread 0x000002cf512ca280 Exception <a 'java/lang/NoSuchMethodError'{0x00000000d5693d20}: static Lorg/gradle/internal/build/event/types/DefaultTaskDescriptor;.<clinit>()V> (0x00000000d5693d20) 
thrown [s\src\hotspot\share\prims\jni.cpp, line 1111]
Event: 73.094 Thread 0x000002cf512ca280 Exception <a 'java/lang/NoSuchMethodError'{0x00000000d56d2080}: static Lorg/gradle/internal/build/event/types/DefaultTaskFinishedProgressEvent;.<clinit>()V> (0x00000000d56d2080) 
thrown [s\src\hotspot\share\prims\jni.cpp, line 1111]
Event: 73.095 Thread 0x000002cf512ca280 Exception <a 'java/lang/NoSuchMethodError'{0x00000000d56eab88}: static Lorg/gradle/internal/build/event/types/AbstractTaskResult;.<clinit>()V> (0x00000000d56eab88) 
thrown [s\src\hotspot\share\prims\jni.cpp, line 1111]
Event: 73.096 Thread 0x000002cf512ca280 Exception <a 'java/lang/NoSuchMethodError'{0x00000000d56f9b68}: static Lorg/gradle/internal/build/event/types/DefaultTaskSkippedResult;.<clinit>()V> (0x00000000d56f9b68) 
thrown [s\src\hotspot\share\prims\jni.cpp, line 1111]
Event: 74.130 Thread 0x000002cf512ca280 Exception <a 'java/lang/NoSuchMethodError'{0x00000000d58c2190}: static Lorg/gradle/internal/build/event/types/DefaultTaskSuccessResult;.<clinit>()V> (0x00000000d58c2190) 
thrown [s\src\hotspot\share\prims\jni.cpp, line 1111]

ZGC Phase Switch (0 events):
No events

VM Operations (20 events):
Event: 73.092 Executing VM operation: HandshakeAllThreads (Deoptimize)
Event: 73.092 Executing VM operation: HandshakeAllThreads (Deoptimize) done
Event: 73.094 Executing VM operation: HandshakeAllThreads (Deoptimize)
Event: 73.094 Executing VM operation: HandshakeAllThreads (Deoptimize) done
Event: 74.102 Executing VM operation: Cleanup
Event: 74.102 Executing VM operation: Cleanup done
Event: 75.107 Executing VM operation: Cleanup
Event: 75.107 Executing VM operation: Cleanup done
Event: 76.113 Executing VM operation: Cleanup
Event: 76.113 Executing VM operation: Cleanup done
Event: 76.337 Executing VM operation: ParallelGCFailedAllocation (Allocation Failure)
Event: 76.337 Executing VM operation: ParallelGCFailedAllocation (Allocation Failure) done
Event: 77.345 Executing VM operation: Cleanup
Event: 77.345 Executing VM operation: Cleanup done
Event: 79.364 Executing VM operation: Cleanup
Event: 79.364 Executing VM operation: Cleanup done
Event: 80.372 Executing VM operation: Cleanup
Event: 80.372 Executing VM operation: Cleanup done
Event: 80.934 Executing VM operation: ParallelGCFailedAllocation (Allocation Failure)
Event: 80.934 Executing VM operation: ParallelGCFailedAllocation (Allocation Failure) done

Memory protections (0 events):
No events

Nmethod flushes (20 events):
Event: 16.802 Thread 0x000002cf77f74960 flushing  nmethod 0x000002cf007fce90
Event: 16.802 Thread 0x000002cf77f74960 flushing  nmethod 0x000002cf007fd290
Event: 16.802 Thread 0x000002cf77f74960 flushing  nmethod 0x000002cf007fd690
Event: 16.802 Thread 0x000002cf77f74960 flushing  nmethod 0x000002cf00807090
Event: 16.802 Thread 0x000002cf77f74960 flushing  nmethod 0x000002cf00807610
Event: 16.802 Thread 0x000002cf77f74960 flushing  nmethod 0x000002cf00823790
Event: 16.802 Thread 0x000002cf77f74960 flushing  nmethod 0x000002cf0083d790
Event: 16.802 Thread 0x000002cf77f74960 flushing  nmethod 0x000002cf0083e990
Event: 16.802 Thread 0x000002cf77f74960 flushing  nmethod 0x000002cf0085a690
Event: 16.802 Thread 0x000002cf77f74960 flushing  nmethod 0x000002cf0085db90
Event: 16.802 Thread 0x000002cf77f74960 flushing  nmethod 0x000002cf0085f910
Event: 16.802 Thread 0x000002cf77f74960 flushing  nmethod 0x000002cf0087a010
Event: 16.802 Thread 0x000002cf77f74960 flushing  nmethod 0x000002cf0087af10
Event: 16.802 Thread 0x000002cf77f74960 flushing  nmethod 0x000002cf0087b610
Event: 16.802 Thread 0x000002cf77f74960 flushing  nmethod 0x000002cf0087c110
Event: 16.802 Thread 0x000002cf77f74960 flushing  nmethod 0x000002cf0087c710
Event: 16.802 Thread 0x000002cf77f74960 flushing  nmethod 0x000002cf00883c10
Event: 16.802 Thread 0x000002cf77f74960 flushing  nmethod 0x000002cf0088b110
Event: 16.802 Thread 0x000002cf77f74960 flushing  nmethod 0x000002cf008d9d90
Event: 16.802 Thread 0x000002cf77f74960 flushing  nmethod 0x000002cf008ed290

Events (20 events):
Event: 40.476 Thread 0x000002cf7f1b2ab0 Thread exited: 0x000002cf7f1b2ab0
Event: 40.879 Thread 0x000002cf5b084010 Thread exited: 0x000002cf5b084010
Event: 41.428 Thread 0x000002cf510a0f80 Thread added: 0x000002cf512c8840
Event: 41.429 Thread 0x000002cf510a0f80 Thread added: 0x000002cf512c6e00
Event: 41.453 Thread 0x000002cf512c6e00 Thread exited: 0x000002cf512c6e00
Event: 41.453 Thread 0x000002cf510a0f80 Thread added: 0x000002cf512c5a50
Event: 41.454 Thread 0x000002cf510a0f80 Thread added: 0x000002cf512ca280
Event: 41.476 Thread 0x000002cf512ca280 Thread added: 0x000002cf512c8ed0
Event: 42.301 Thread 0x000002cf512ca280 Thread added: 0x000002cf512c9560
Event: 42.307 Thread 0x000002cf512c9560 Thread added: 0x000002cf512c6e00
Event: 42.307 Thread 0x000002cf512c9560 Thread added: 0x000002cf512c7490
Event: 42.307 Thread 0x000002cf512c6e00 Thread exited: 0x000002cf512c6e00
Event: 45.021 Thread 0x000002cf512c7490 Thread exited: 0x000002cf512c7490
Event: 45.021 Thread 0x000002cf512c9560 Thread exited: 0x000002cf512c9560
Event: 59.157 Thread 0x000002cf7940af30 Thread added: 0x000002cf5baf6620
Event: 59.349 Thread 0x000002cf5baf6620 Thread exited: 0x000002cf5baf6620
Event: 60.456 Thread 0x000002cf7940af30 Thread added: 0x000002cf5baf6620
Event: 60.992 Thread 0x000002cf5baf6620 Thread exited: 0x000002cf5baf6620
Event: 64.201 Thread 0x000002cf77f8c750 Thread added: 0x000002cf5baf6620
Event: 66.118 Thread 0x000002cf5baf6620 Thread exited: 0x000002cf5baf6620


Dynamic libraries:
0x00007ff6bf520000 - 0x00007ff6bf52e000 	c:\Users\Adrianno\.vscode\extensions\redhat.java-1.44.0-win32-x64\jre\21.0.8-win32-x86_64\bin\java.exe
0x00007ffb48700000 - 0x00007ffb48968000 	C:\WINDOWS\SYSTEM32\ntdll.dll
0x00007ffb47a70000 - 0x00007ffb47b39000 	C:\WINDOWS\System32\KERNEL32.DLL
0x00007ffb45bd0000 - 0x00007ffb45fbd000 	C:\WINDOWS\System32\KERNELBASE.dll
0x00007ffb46220000 - 0x00007ffb4636b000 	C:\WINDOWS\System32\ucrtbase.dll
0x00007ffb3ac80000 - 0x00007ffb3ac98000 	c:\Users\Adrianno\.vscode\extensions\redhat.java-1.44.0-win32-x64\jre\21.0.8-win32-x86_64\bin\jli.dll
0x00007ffb3ac60000 - 0x00007ffb3ac7e000 	c:\Users\Adrianno\.vscode\extensions\redhat.java-1.44.0-win32-x64\jre\21.0.8-win32-x86_64\bin\VCRUNTIME140.dll
0x00007ffb47520000 - 0x00007ffb476ec000 	C:\WINDOWS\System32\USER32.dll
0x00007ffb45fc0000 - 0x00007ffb45fe7000 	C:\WINDOWS\System32\win32u.dll
0x00007ffb27d60000 - 0x00007ffb27ffa000 	C:\WINDOWS\WinSxS\amd64_microsoft.windows.common-controls_6595b64144ccf1df_6.0.26100.4484_none_3e0e6d4ce32ef3b3\COMCTL32.dll
0x00007ffb47d80000 - 0x00007ffb47dab000 	C:\WINDOWS\System32\GDI32.dll
0x00007ffb47080000 - 0x00007ffb47129000 	C:\WINDOWS\System32\msvcrt.dll
0x00007ffb459d0000 - 0x00007ffb45b07000 	C:\WINDOWS\System32\gdi32full.dll
0x00007ffb45ff0000 - 0x00007ffb46093000 	C:\WINDOWS\System32\msvcp_win.dll
0x00007ffb47380000 - 0x00007ffb473af000 	C:\WINDOWS\System32\IMM32.DLL
0x00007ffb3ebe0000 - 0x00007ffb3ebec000 	c:\Users\Adrianno\.vscode\extensions\redhat.java-1.44.0-win32-x64\jre\21.0.8-win32-x86_64\bin\vcruntime140_1.dll
0x00007ffb3a840000 - 0x00007ffb3a8cd000 	c:\Users\Adrianno\.vscode\extensions\redhat.java-1.44.0-win32-x64\jre\21.0.8-win32-x86_64\bin\msvcp140.dll
0x00007ffadcfa0000 - 0x00007ffaddd37000 	c:\Users\Adrianno\.vscode\extensions\redhat.java-1.44.0-win32-x64\jre\21.0.8-win32-x86_64\bin\server\jvm.dll
0x00007ffb46c20000 - 0x00007ffb46cd4000 	C:\WINDOWS\System32\ADVAPI32.dll
0x00007ffb48030000 - 0x00007ffb480d6000 	C:\WINDOWS\System32\sechost.dll
0x00007ffb47820000 - 0x00007ffb47938000 	C:\WINDOWS\System32\RPCRT4.dll
0x00007ffb477a0000 - 0x00007ffb47814000 	C:\WINDOWS\System32\WS2_32.dll
0x00007ffb45240000 - 0x00007ffb4529e000 	C:\WINDOWS\SYSTEM32\POWRPROF.dll
0x00007ffb3d220000 - 0x00007ffb3d255000 	C:\WINDOWS\SYSTEM32\WINMM.dll
0x00007ffb36a90000 - 0x00007ffb36a9b000 	C:\WINDOWS\SYSTEM32\VERSION.dll
0x00007ffb45220000 - 0x00007ffb45234000 	C:\WINDOWS\SYSTEM32\UMPDC.dll
0x00007ffb445b0000 - 0x00007ffb445cb000 	C:\WINDOWS\SYSTEM32\kernel.appcore.dll
0x00007ffb3ac50000 - 0x00007ffb3ac5a000 	c:\Users\Adrianno\.vscode\extensions\redhat.java-1.44.0-win32-x64\jre\21.0.8-win32-x86_64\bin\jimage.dll
0x00007ffb42ee0000 - 0x00007ffb43121000 	C:\WINDOWS\SYSTEM32\DBGHELP.DLL
0x00007ffb46ce0000 - 0x00007ffb47066000 	C:\WINDOWS\System32\combase.dll
0x00007ffb47430000 - 0x00007ffb47510000 	C:\WINDOWS\System32\OLEAUT32.dll
0x00007ffb2a580000 - 0x00007ffb2a5c3000 	C:\WINDOWS\SYSTEM32\dbgcore.DLL
0x00007ffb46400000 - 0x00007ffb46499000 	C:\WINDOWS\System32\bcryptPrimitives.dll
0x00007ffb3d1e0000 - 0x00007ffb3d1ef000 	c:\Users\Adrianno\.vscode\extensions\redhat.java-1.44.0-win32-x64\jre\21.0.8-win32-x86_64\bin\instrument.dll
0x00007ffb3ac20000 - 0x00007ffb3ac3f000 	c:\Users\Adrianno\.vscode\extensions\redhat.java-1.44.0-win32-x64\jre\21.0.8-win32-x86_64\bin\java.dll
0x00007ffb464a0000 - 0x00007ffb46bea000 	C:\WINDOWS\System32\SHELL32.dll
0x00007ffb460a0000 - 0x00007ffb46214000 	C:\WINDOWS\System32\wintypes.dll
0x00007ffb43470000 - 0x00007ffb43ccb000 	C:\WINDOWS\SYSTEM32\windows.storage.dll
0x00007ffb47940000 - 0x00007ffb47a35000 	C:\WINDOWS\System32\SHCORE.dll
0x00007ffb473c0000 - 0x00007ffb4742a000 	C:\WINDOWS\System32\shlwapi.dll
0x00007ffb45760000 - 0x00007ffb4578f000 	C:\WINDOWS\SYSTEM32\profapi.dll
0x00007ffb3ac00000 - 0x00007ffb3ac18000 	c:\Users\Adrianno\.vscode\extensions\redhat.java-1.44.0-win32-x64\jre\21.0.8-win32-x86_64\bin\zip.dll
0x00007ffb3abf0000 - 0x00007ffb3ac00000 	C:\Users\Adrianno\.vscode\extensions\redhat.java-1.44.0-win32-x64\jre\21.0.8-win32-x86_64\bin\net.dll
0x00007ffb3a500000 - 0x00007ffb3a61e000 	C:\WINDOWS\SYSTEM32\WINHTTP.dll
0x00007ffb44b20000 - 0x00007ffb44b8a000 	C:\WINDOWS\system32\mswsock.dll
0x00007ffb3aba0000 - 0x00007ffb3abb6000 	C:\Users\Adrianno\.vscode\extensions\redhat.java-1.44.0-win32-x64\jre\21.0.8-win32-x86_64\bin\nio.dll
0x00007ffb3ac40000 - 0x00007ffb3ac50000 	c:\Users\Adrianno\.vscode\extensions\redhat.java-1.44.0-win32-x64\jre\21.0.8-win32-x86_64\bin\verify.dll
0x00007ffb39090000 - 0x00007ffb390d5000 	C:\Users\Adrianno\AppData\Roaming\Code\User\globalStorage\redhat.java\1.44.0\config_win\org.eclipse.equinox.launcher\org.eclipse.equinox.launcher.win32.win32.x86_64_1.2.1400.v20250730-1736\eclipse_11913.dll
0x00007ffb47140000 - 0x00007ffb472de000 	C:\WINDOWS\System32\ole32.dll
0x00007ffb44f00000 - 0x00007ffb44f1b000 	C:\WINDOWS\SYSTEM32\CRYPTSP.dll
0x00007ffb44510000 - 0x00007ffb4454b000 	C:\WINDOWS\system32\rsaenh.dll
0x00007ffb44bc0000 - 0x00007ffb44beb000 	C:\WINDOWS\SYSTEM32\USERENV.dll
0x00007ffb45730000 - 0x00007ffb45756000 	C:\WINDOWS\SYSTEM32\bcrypt.dll
0x00007ffb44ee0000 - 0x00007ffb44eec000 	C:\WINDOWS\SYSTEM32\CRYPTBASE.dll
0x00007ffb43fc0000 - 0x00007ffb43ff3000 	C:\WINDOWS\SYSTEM32\IPHLPAPI.DLL
0x00007ffb47130000 - 0x00007ffb4713a000 	C:\WINDOWS\System32\NSI.dll
0x00007ffb38fd0000 - 0x00007ffb39019000 	C:\Users\Adrianno\AppData\Local\Temp\jna--761698456\jna146109040186062954.dll
0x00007ffb47db0000 - 0x00007ffb47db8000 	C:\WINDOWS\System32\PSAPI.DLL
0x00007ffb3cde0000 - 0x00007ffb3cdff000 	C:\WINDOWS\SYSTEM32\dhcpcsvc6.DLL
0x00007ffb3a470000 - 0x00007ffb3a495000 	C:\WINDOWS\SYSTEM32\dhcpcsvc.DLL
0x00007ffb28000000 - 0x00007ffb28027000 	D:\AppNutrilfit\.gradle\native\1def1411415f61bf3af743bc5b6707747c0891f09f0c88961ee8f79bc544acac\windows-amd64\native-platform.dll
0x00007ffb3ab90000 - 0x00007ffb3ab9a000 	C:\Users\Adrianno\.vscode\extensions\redhat.java-1.44.0-win32-x64\jre\21.0.8-win32-x86_64\bin\management.dll
0x00007ffb3ab80000 - 0x00007ffb3ab8b000 	C:\Users\Adrianno\.vscode\extensions\redhat.java-1.44.0-win32-x64\jre\21.0.8-win32-x86_64\bin\management_ext.dll
0x00007ffb3a6c0000 - 0x00007ffb3a6c9000 	C:\Users\Adrianno\.vscode\extensions\redhat.java-1.44.0-win32-x64\jre\21.0.8-win32-x86_64\bin\extnet.dll
0x00007ffb3ab70000 - 0x00007ffb3ab7e000 	C:\Users\Adrianno\.vscode\extensions\redhat.java-1.44.0-win32-x64\jre\21.0.8-win32-x86_64\bin\sunmscapi.dll
0x00007ffb45850000 - 0x00007ffb459c7000 	C:\WINDOWS\System32\CRYPT32.dll
0x00007ffb450c0000 - 0x00007ffb450f0000 	C:\WINDOWS\SYSTEM32\ncrypt.dll
0x00007ffb45070000 - 0x00007ffb450af000 	C:\WINDOWS\SYSTEM32\NTASN1.dll
0x00007ffab57d0000 - 0x00007ffab57d8000 	C:\WINDOWS\system32\wshunix.dll
0x00007ffb44050000 - 0x00007ffb44176000 	C:\WINDOWS\SYSTEM32\DNSAPI.dll
0x00007ffb36940000 - 0x00007ffb3694b000 	C:\Windows\System32\rasadhlp.dll
0x00007ffb39db0000 - 0x00007ffb39e36000 	C:\WINDOWS\System32\fwpuclnt.dll

JVMTI agents:
c:\Users\Adrianno\.vscode\extensions\redhat.java-1.44.0-win32-x64\lombok\lombok-1.18.39-4050.jar path:c:\Users\Adrianno\.vscode\extensions\redhat.java-1.44.0-win32-x64\jre\21.0.8-win32-x86_64\bin\instrument.dll, loaded, initialized, instrumentlib options:none

dbghelp: loaded successfully - version: 4.0.5 - missing functions: none
symbol engine: initialized successfully - sym options: 0x614 - pdb path: .;c:\Users\Adrianno\.vscode\extensions\redhat.java-1.44.0-win32-x64\jre\21.0.8-win32-x86_64\bin;C:\WINDOWS\SYSTEM32;C:\WINDOWS\WinSxS\amd64_microsoft.windows.common-controls_6595b64144ccf1df_6.0.26100.4484_none_3e0e6d4ce32ef3b3;c:\Users\Adrianno\.vscode\extensions\redhat.java-1.44.0-win32-x64\jre\21.0.8-win32-x86_64\bin\server;C:\Users\Adrianno\AppData\Roaming\Code\User\globalStorage\redhat.java\1.44.0\config_win\org.eclipse.equinox.launcher\org.eclipse.equinox.launcher.win32.win32.x86_64_1.2.1400.v20250730-1736;C:\Users\Adrianno\AppData\Local\Temp\jna--761698456;D:\AppNutrilfit\.gradle\native\1def1411415f61bf3af743bc5b6707747c0891f09f0c88961ee8f79bc544acac\windows-amd64

VM Arguments:
jvm_args: --add-modules=ALL-SYSTEM --add-opens=java.base/java.util=ALL-UNNAMED --add-opens=java.base/java.lang=ALL-UNNAMED --add-opens=java.base/sun.nio.fs=ALL-UNNAMED -Declipse.application=org.eclipse.jdt.ls.core.id1 -Dosgi.bundles.defaultStartLevel=4 -Declipse.product=org.eclipse.jdt.ls.core.product -Djava.import.generatesMetadataFilesAtProjectRoot=false -DDetectVMInstallationsJob.disabled=true -Dfile.encoding=utf8 -XX:+UseParallelGC -XX:GCTimeRatio=4 -XX:AdaptiveSizePolicyWeight=90 -Dsun.zip.disableMemoryMapping=true -Xmx2G -Xms100m -Xlog:disable -javaagent:c:\Users\Adrianno\.vscode\extensions\redhat.java-1.44.0-win32-x64\lombok\lombok-1.18.39-4050.jar -XX:+HeapDumpOnOutOfMemoryError -XX:HeapDumpPath=c:\Users\Adrianno\AppData\Roaming\Code\User\workspaceStorage\781d6fa11dd267006e6a6756233025f1\redhat.java -Daether.dependencyCollector.impl=bf 
java_command: c:\Users\Adrianno\.vscode\extensions\redhat.java-1.44.0-win32-x64\server\plugins\org.eclipse.equinox.launcher_1.7.0.v20250519-0528.jar -configuration c:\Users\Adrianno\AppData\Roaming\Code\User\globalStorage\redhat.java\1.44.0\config_win -data c:\Users\Adrianno\AppData\Roaming\Code\User\workspaceStorage\781d6fa11dd267006e6a6756233025f1\redhat.java\jdt_ws --pipe=\\.\pipe\lsp-132714a7692824b877215a8ce98f550a-sock
java_class_path (initial): c:\Users\Adrianno\.vscode\extensions\redhat.java-1.44.0-win32-x64\server\plugins\org.eclipse.equinox.launcher_1.7.0.v20250519-0528.jar
Launcher Type: SUN_STANDARD

[Global flags]
    uintx AdaptiveSizePolicyWeight                 = 90                                        {product} {command line}
     intx CICompilerCount                          = 4                                         {product} {ergonomic}
    uintx GCTimeRatio                              = 4                                         {product} {command line}
     bool HeapDumpOnOutOfMemoryError               = true                                   {manageable} {command line}
    ccstr HeapDumpPath                             = c:\Users\Adrianno\AppData\Roaming\Code\User\workspaceStorage\781d6fa11dd267006e6a6756233025f1\redhat.java         {manageable} {command line}
   size_t InitialHeapSize                          = 104857600                                 {product} {command line}
   size_t MaxHeapSize                              = 2147483648                                {product} {command line}
   size_t MaxNewSize                               = 715653120                                 {product} {ergonomic}
   size_t MinHeapDeltaBytes                        = 524288                                    {product} {ergonomic}
   size_t MinHeapSize                              = 104857600                                 {product} {command line}
   size_t NewSize                                  = 34603008                                  {product} {ergonomic}
    uintx NonNMethodCodeHeapSize                   = 5839372                                {pd product} {ergonomic}
    uintx NonProfiledCodeHeapSize                  = 122909434                              {pd product} {ergonomic}
   size_t OldSize                                  = 70254592                                  {product} {ergonomic}
    uintx ProfiledCodeHeapSize                     = 122909434                              {pd product} {ergonomic}
    uintx ReservedCodeCacheSize                    = 251658240                              {pd product} {ergonomic}
     bool SegmentedCodeCache                       = true                                      {product} {ergonomic}
   size_t SoftMaxHeapSize                          = 2147483648                             {manageable} {ergonomic}
     bool UseCompressedOops                        = true                           {product lp64_product} {ergonomic}
     bool UseLargePagesIndividualAllocation        = false                                  {pd product} {ergonomic}
     bool UseParallelGC                            = true                                      {product} {command line}

Logging:
Log output configuration:
 #0: stdout all=off uptime,level,tags foldmultilines=false
 #1: stderr all=off uptime,level,tags foldmultilines=false

Environment Variables:
JAVA_HOME=C:\Program Files\Java\jdk-17
CLASSPATH=.;D:\Etudes\S5\Mr Tahina\Projet_Prelevement\WEB-INF\lib\ojdbc5.jar;C:\Users\Adrianno\AppData\Local\Programs\Python\Python312;
PATH=C:\Program Files\Common Files\Oracle\Java\javapath;C:\Program Files\Java\jdk-17\bin;.;G:\app\Adrianno\product\11.2.0\dbhome_1\bin;C:\app\Adrianno\product\21c\dbhomeXE\bin;C:\WINDOWS\system32;C:\WINDOWS;C:\WINDOWS\System32\Wbem;C:\WINDOWS\System32\WindowsPowerShell\v1.0\;C:\WINDOWS\System32\OpenSSH\;C:\Program Files\NVIDIA Corporation\NVIDIA NvDLISR;C:\Program Files (x86)\NVIDIA Corporation\PhysX\Common;C:\Program Files\dotnet\;%JBOSS_HOME%\bin;C:\xampp\php;D:\Etudes\S5\Mr Tahina\apache-ant-1.10.15\bin;C:\Users\Adrianno\AppData\Roaming\nvm;C:\Program Files\nodejs;C:\Program Files\nodejs\;C:\Program Files\PostgreSQL\16\bin;C:\Program Files\Java\jdk-21\bin;C:\Program Files\Apache Software Foundation\Tomcat 10.0\webapps\apache-maven-3.8.8-bin\apache-maven-3.8.8\bin;D:\Etudes\S5\Mr Tahina\Foot\project-bolt-sb1-9gpezuju\project\lib;D:\Etudes\S5\Mr Tahina\horsJeux\native;D:\Etudes\S5\Mr Tahina\horsJeux\lib\opencv-490.jar;C:\Users\Adrianno\Downloads\opencv\build\java\opencv-4110.jar;C:\Users\Adrianno\Downloads\opencv\build\java\x64\opencv_java4110.dll;C:\composer;C:\xampp\php\extras\openssl;C:\ProgramData\ComposerSetup\bin;C:\Program Files\Git\cmd;C:\Program Files\Git\bin;C:\Users\Adrianno\scoop\shims;.;C:\Users\Adrianno\AppData\Local\Programs\Python\Launcher\;C:\Users\Adrianno\AppData\Local\Microsoft\WindowsApps;C:\Users\Adrianno\AppData\Local\Programs\Microsoft VS Code\bin;%JBOSS_HOME%\bin;C:\Program Files\Java\jdk-21\bin;C:\Users\Adrianno\AppData\Roaming\nvm;C:\Program Files\nodejs;C:\Users\Adrianno\AppData\Roaming\npm;C:\Program Files\PostgreSQL\16\bin;C:\xampp\php;C:\Users\Adrianno\.dotnet\tools;C:\Program Files\Apache Software Foundation\Tomcat 10.0\webapps\apache-maven-3.8.8-bin\apache-maven-3.8.8\bin;D:\Etudes\S5\Mr Tahina\horsJeux\native\opencv-490.jar;C:\Users\Adrianno\Downloads\opencv\build\bin\opencv_videoio_ffmpeg4110_64.dll;C:\Users\Adrianno\Downloads\opencv\build\java\opencv-4110.jar;C:\Users\Adrianno\AppData\Local\GitHubDesktop\bin;C:\Users\Adrianno\AppData\Roaming\Composer\vendor\bin;C:\Program Files\Git\bin;C:\Program Files\Git\cmd;D:\AppNutrilfit\Android\SDK\platform-tools;D:\AppNutrilfit\Android\SDK\emulator;D:\AppNutrilfit\Android\SDK\tools;D:\cursor\resources\app\bin
USERNAME=Adrianno
OS=Windows_NT
PROCESSOR_IDENTIFIER=Intel64 Family 6 Model 158 Stepping 10, GenuineIntel
TMP=C:\Users\Adrianno\AppData\Local\Temp
TEMP=C:\Users\Adrianno\AppData\Local\Temp




Periodic native trim disabled

---------------  S Y S T E M  ---------------

OS:
 Windows 11 , 64 bit Build 26100 (10.0.26100.4484)
OS uptime: 0 days 1:50 hours
Hyper-V role detected

CPU: total 12 (initial active 12) (6 cores per cpu, 2 threads per core) family 6 model 158 stepping 10 microcode 0xde, cx8, cmov, fxsr, ht, mmx, 3dnowpref, sse, sse2, sse3, ssse3, sse4.1, sse4.2, popcnt, lzcnt, tsc, tscinvbit, avx, avx2, aes, erms, clmul, bmi1, bmi2, adx, fma, vzeroupper, clflush, clflushopt, hv, rdtscp, f16c
Processor Information for the first 12 processors :
  Max Mhz: 2208, Current Mhz: 2208, Mhz Limit: 2208

Memory: 4k page, system-wide physical 16234M (4525M free)
TotalPageFile size 31317M (AvailPageFile size 0M)
current process WorkingSet (physical memory assigned to process): 669M, peak: 704M
current process commit charge ("private bytes"): 634M, peak: 658M

vm_info: OpenJDK 64-Bit Server VM (21.0.8+9-LTS) for windows-amd64 JRE (21.0.8+9-LTS), built on 2025-07-15T00:00:00Z by "admin" with MS VC++ 17.7 (VS2022)

END.
