#
# There is insufficient memory for the Java Runtime Environment to continue.
# Native memory allocation (malloc) failed to allocate 469136 bytes for Chunk::new
# Possible reasons:
#   The system is out of physical RAM or swap space
#   The process is running with CompressedOops enabled, and the Java Heap may be blocking the growth of the native heap
# Possible solutions:
#   Reduce memory load on the system
#   Increase physical memory or swap space
#   Check if swap backing store is full
#   Decrease Java heap size (-Xmx/-Xms)
#   Decrease number of Java threads
#   Decrease Java thread stack sizes (-Xss)
#   Set larger code cache with -XX:ReservedCodeCacheSize=
#   JVM is running with Zero Based Compressed Oops mode in which the Java heap is
#     placed in the first 32GB address space. The Java Heap base address is the
#     maximum limit for the native heap growth. Please use -XX:HeapBaseMinAddress
#     to set the Java Heap base and to place the Java Heap above 32GB virtual address.
# This output file may be truncated or incomplete.
#
#  Out of Memory Error (arena.cpp:189), pid=17952, tid=18152
#
# JRE version: Java(TM) SE Runtime Environment (17.0.12+8) (build 17.0.12+8-LTS-286)
# Java VM: Java HotSpot(TM) 64-Bit Server VM (17.0.12+8-LTS-286, mixed mode, sharing, tiered, compressed oops, compressed class ptrs, g1 gc, windows-amd64)
# No core dump will be written. Minidumps are not enabled by default on client versions of Windows
#

---------------  S U M M A R Y ------------

Command Line: --add-opens=java.base/java.lang=ALL-UNNAMED --add-opens=java.base/java.lang.invoke=ALL-UNNAMED --add-opens=java.base/java.util=ALL-UNNAMED --add-opens=java.prefs/java.util.prefs=ALL-UNNAMED --add-exports=jdk.compiler/com.sun.tools.javac.api=ALL-UNNAMED --add-exports=jdk.compiler/com.sun.tools.javac.util=ALL-UNNAMED --add-opens=java.base/java.util=ALL-UNNAMED --add-opens=java.prefs/java.util.prefs=ALL-UNNAMED --add-opens=java.base/java.nio.charset=ALL-UNNAMED --add-opens=java.base/java.net=ALL-UNNAMED --add-opens=java.base/java.util.concurrent.atomic=ALL-UNNAMED --add-opens=java.xml/javax.xml.namespace=ALL-UNNAMED -XX:MaxMetaspaceSize=1024m -Xmx4096m -Dfile.encoding=UTF-8 -Duser.country=FR -Duser.language=fr -Duser.variant -javaagent:D:\AppNutrilfit\.gradle\wrapper\dists\gradle-8.14.1-bin\baw1sv0jfoi8rxs14qo3h49cs\gradle-8.14.1\lib\agents\gradle-instrumentation-agent-8.14.1.jar org.gradle.launcher.daemon.bootstrap.GradleDaemon 8.14.1

Host: Intel(R) Core(TM) i7-8750H CPU @ 2.20GHz, 12 cores, 15G,  Windows 11 , 64 bit Build 26100 (10.0.26100.4484)
Time: Thu Aug  7 20:34:58 2025 Arabie  elapsed time: 41.234880 seconds (0d 0h 0m 41s)

---------------  T H R E A D  ---------------

Current thread (0x000001b308ef8f30):  JavaThread "C2 CompilerThread1" daemon [_thread_in_native, id=18152, stack(0x0000003b83200000,0x0000003b83300000)]


Current CompileTask:
C2:  41235 11134   !   4       java.io.BufferedReader::readLine (327 bytes)

Stack: [0x0000003b83200000,0x0000003b83300000]
Native frames: (J=compiled Java code, j=interpreted, Vv=VM code, C=native code)
V  [jvm.dll+0x67a04a]
V  [jvm.dll+0x7da4ed]
V  [jvm.dll+0x7dbe33]
V  [jvm.dll+0x7dc4a3]
V  [jvm.dll+0x24508f]
V  [jvm.dll+0xab773]
V  [jvm.dll+0xabd3c]
V  [jvm.dll+0x361b9f]
V  [jvm.dll+0x1ba64a]
V  [jvm.dll+0x216997]
V  [jvm.dll+0x215c6f]
V  [jvm.dll+0x1a2960]
V  [jvm.dll+0x22610b]
V  [jvm.dll+0x2242ab]
V  [jvm.dll+0x79075c]
V  [jvm.dll+0x78abea]
V  [jvm.dll+0x678f35]
C  [ucrtbase.dll+0x37b0]
C  [KERNEL32.DLL+0x2e8d7]
C  [ntdll.dll+0x3c34c]


---------------  P R O C E S S  ---------------

Threads class SMR info:
_java_thread_list=0x000001b308b0a3b0, length=196, elements={
0x000001b2a7dd6e00, 0x000001b2cd04f840, 0x000001b2cd050310, 0x000001b2cd064450,
0x000001b2cd064d20, 0x000001b2cd066600, 0x000001b2cd066ed0, 0x000001b2cd068270,
0x000001b2cd068b80, 0x000001b2cd06bc40, 0x000001b2cd1a1620, 0x000001b2cd26b380,
0x000001b308731ba0, 0x000001b307bb7d60, 0x000001b307f3d5d0, 0x000001b307f3f940,
0x000001b307f3cbb0, 0x000001b307f3dff0, 0x000001b307f3fe50, 0x000001b307f3ea10,
0x000001b307f3e500, 0x000001b307f3dae0, 0x000001b307f40360, 0x000001b307f3ef20,
0x000001b307f3f430, 0x000001b3075b53e0, 0x000001b3075b3580, 0x000001b3075b1c30,
0x000001b3075b2140, 0x000001b3075b3070, 0x000001b3075b49c0, 0x000001b3075b2b60,
0x000001b3075b5e00, 0x000001b3075b3a90, 0x000001b3075b3fa0, 0x000001b3075b2650,
0x000001b3075b6310, 0x000001b3075b8680, 0x000001b3075b8b90, 0x000001b3075b90a0,
0x000001b3075b6820, 0x000001b3075b95b0, 0x000001b3075b6d30, 0x000001b3075b7240,
0x000001b3075b7c60, 0x000001b3075b8170, 0x000001b30a20f8e0, 0x000001b30a20d570,
0x000001b30a20fdf0, 0x000001b30a210810, 0x000001b30a20f3d0, 0x000001b30a20da80,
0x000001b30a210300, 0x000001b30a20df90, 0x000001b30a20d060, 0x000001b30a20e4a0,
0x000001b30a20e9b0, 0x000001b30a20eec0, 0x000001b309d16710, 0x000001b309d152d0,
0x000001b309d16c20, 0x000001b309d18a80, 0x000001b309d157e0, 0x000001b309d18f90,
0x000001b309d194a0, 0x000001b309d15cf0, 0x000001b309d199b0, 0x000001b309d16200,
0x000001b309d19ec0, 0x000001b309d17640, 0x000001b309d18570, 0x000001b309d1a3d0,
0x000001b309d17130, 0x000001b309d1adf0, 0x000001b309d1a8e0, 0x000001b309d1b300,
0x000001b309d17b50, 0x000001b309d1b810, 0x000001b309d18060, 0x000001b309d1bd20,
0x000001b309d1c230, 0x000001b309d1c740, 0x000001b309d1cc50, 0x000001b30a06e9d0,
0x000001b30a06fe10, 0x000001b30a071760, 0x000001b30a06f900, 0x000001b30a06dfb0,
0x000001b30a06eee0, 0x000001b30a070320, 0x000001b30a070830, 0x000001b30a071c70,
0x000001b30a06e4c0, 0x000001b30a072180, 0x000001b30a074a00, 0x000001b30a072690,
0x000001b30a0744f0, 0x000001b30a074f10, 0x000001b30a073ad0, 0x000001b30a075420,
0x000001b30a072ba0, 0x000001b30a0730b0, 0x000001b30a0735c0, 0x000001b30a073fe0,
0x000001b2cd3c60f0, 0x000001b2cd3c8e80, 0x000001b2cd3c8970, 0x000001b2cd3c6600,
0x000001b2cd3c7a40, 0x000001b2cd3c8460, 0x000001b2cd3c9390, 0x000001b2cd3c98a0,
0x000001b2cd3c6b10, 0x000001b2cd3c9db0, 0x000001b2cd3c7f50, 0x000001b2cd3c7020,
0x000001b2cd3ca2c0, 0x000001b2cd3ca7d0, 0x000001b2cd3cace0, 0x000001b2cd3c7530,
0x000001b2cd3cd050, 0x000001b2cd3cda70, 0x000001b2cd3cb1f0, 0x000001b2cd3cc630,
0x000001b2cd3cb700, 0x000001b2cd3cbc10, 0x000001b2cd3cc120, 0x000001b2cd3ccb40,
0x000001b2cd3cd560, 0x000001b3099ccdc0, 0x000001b3099ce710, 0x000001b3099cec20,
0x000001b3099cd2d0, 0x000001b3099ce200, 0x000001b3099cd7e0, 0x000001b3099cdcf0,
0x000001b3099cc8b0, 0x000001b3099cb470, 0x000001b3099cb980, 0x000001b3099cf130,
0x000001b3099cbe90, 0x000001b3099cf640, 0x000001b3099cc3a0, 0x000001b3099d1ec0,
0x000001b3099d2df0, 0x000001b3099d23d0, 0x000001b3099d28e0, 0x000001b3099cfb50,
0x000001b3099d0570, 0x000001b3099d0f90, 0x000001b3099d0a80, 0x000001b3099d0060,
0x000001b3099d19b0, 0x000001b30761a330, 0x000001b307619910, 0x000001b30761c190,
0x000001b30761c6a0, 0x000001b30761b770, 0x000001b30761a840, 0x000001b30761ad50,
0x000001b30761b260, 0x000001b30761bc80, 0x000001b307618ef0, 0x000001b307619400,
0x000001b30761cbb0, 0x000001b30761d0c0, 0x000001b30761d5d0, 0x000001b307619e20,
0x000001b30761f430, 0x000001b307620870, 0x000001b30761e500, 0x000001b30761fe50,
0x000001b30761ef20, 0x000001b30761ea10, 0x000001b30761f940, 0x000001b30761dae0,
0x000001b30761dff0, 0x000001b307620360, 0x000001b3099d14a0, 0x000001b30af8ab10,
0x000001b30af8b020, 0x000001b30af896d0, 0x000001b30af8b530, 0x000001b30af891c0,
0x000001b30af89be0, 0x000001b30af87d80, 0x000001b30af8a0f0, 0x000001b30af8a600,
0x000001b30af887a0, 0x000001b30af8ba40, 0x000001b30af88290, 0x000001b30af8bf50,
0x000001b30af8c460, 0x000001b30af88cb0, 0x000001b30af8f700, 0x000001b308ef8f30
}

Java Threads: ( => current thread )
  0x000001b2a7dd6e00 JavaThread "main" [_thread_blocked, id=21276, stack(0x0000003bf5700000,0x0000003bf5800000)]
  0x000001b2cd04f840 JavaThread "Reference Handler" daemon [_thread_blocked, id=22464, stack(0x0000003bf5e00000,0x0000003bf5f00000)]
  0x000001b2cd050310 JavaThread "Finalizer" daemon [_thread_blocked, id=7412, stack(0x0000003bf5f00000,0x0000003bf6000000)]
  0x000001b2cd064450 JavaThread "Signal Dispatcher" daemon [_thread_blocked, id=13836, stack(0x0000003bf6000000,0x0000003bf6100000)]
  0x000001b2cd064d20 JavaThread "Attach Listener" daemon [_thread_blocked, id=23272, stack(0x0000003bf6100000,0x0000003bf6200000)]
  0x000001b2cd066600 JavaThread "Service Thread" daemon [_thread_blocked, id=23036, stack(0x0000003bf6200000,0x0000003bf6300000)]
  0x000001b2cd066ed0 JavaThread "Monitor Deflation Thread" daemon [_thread_blocked, id=22604, stack(0x0000003bf6300000,0x0000003bf6400000)]
  0x000001b2cd068270 JavaThread "C2 CompilerThread0" daemon [_thread_in_native, id=21520, stack(0x0000003bf6400000,0x0000003bf6500000)]
  0x000001b2cd068b80 JavaThread "C1 CompilerThread0" daemon [_thread_in_vm, id=2284, stack(0x0000003bf6500000,0x0000003bf6600000)]
  0x000001b2cd06bc40 JavaThread "Sweeper thread" daemon [_thread_blocked, id=20728, stack(0x0000003bf6600000,0x0000003bf6700000)]
  0x000001b2cd1a1620 JavaThread "Common-Cleaner" daemon [_thread_blocked, id=20972, stack(0x0000003bf6700000,0x0000003bf6800000)]
  0x000001b2cd26b380 JavaThread "Notification Thread" daemon [_thread_blocked, id=4048, stack(0x0000003bf6900000,0x0000003bf6a00000)]
  0x000001b308731ba0 JavaThread "Daemon health stats" [_thread_blocked, id=5440, stack(0x0000003bf7100000,0x0000003bf7200000)]
  0x000001b307bb7d60 JavaThread "Incoming local TCP Connector on port 56637" [_thread_in_native, id=4812, stack(0x0000003bf7200000,0x0000003bf7300000)]
  0x000001b307f3d5d0 JavaThread "Daemon periodic checks" [_thread_blocked, id=15020, stack(0x0000003bf7300000,0x0000003bf7400000)]
  0x000001b307f3f940 JavaThread "Daemon" [_thread_blocked, id=20476, stack(0x0000003bf7400000,0x0000003bf7500000)]
  0x000001b307f3cbb0 JavaThread "Handler for socket connection from /127.0.0.1:56637 to /127.0.0.1:56638" [_thread_in_native, id=18408, stack(0x0000003bf7500000,0x0000003bf7600000)]
  0x000001b307f3dff0 JavaThread "Cancel handler" [_thread_blocked, id=16680, stack(0x0000003bf7600000,0x0000003bf7700000)]
  0x000001b307f3fe50 JavaThread "Daemon worker" [_thread_blocked, id=10528, stack(0x0000003bf7700000,0x0000003bf7800000)]
  0x000001b307f3ea10 JavaThread "Asynchronous log dispatcher for DefaultDaemonConnection: socket connection from /127.0.0.1:56637 to /127.0.0.1:56638" [_thread_blocked, id=2228, stack(0x0000003bf7800000,0x0000003bf7900000)]
  0x000001b307f3e500 JavaThread "Stdin handler" [_thread_blocked, id=20504, stack(0x0000003bf7900000,0x0000003bf7a00000)]
  0x000001b307f3dae0 JavaThread "Daemon client event forwarder" [_thread_blocked, id=4388, stack(0x0000003bf7a00000,0x0000003bf7b00000)]
  0x000001b307f40360 JavaThread "Cache worker for journal cache (D:\AppNutrilfit\.gradle\caches\journal-1)" [_thread_blocked, id=5688, stack(0x0000003bf7b00000,0x0000003bf7c00000)]
  0x000001b307f3ef20 JavaThread "File lock request listener" [_thread_in_native, id=3504, stack(0x0000003bf7c00000,0x0000003bf7d00000)]
  0x000001b307f3f430 JavaThread "Cache worker for file hash cache (D:\AppNutrilfit\.gradle\caches\8.14.1\fileHashes)" [_thread_blocked, id=7456, stack(0x0000003bf7d00000,0x0000003bf7e00000)]
  0x000001b3075b53e0 JavaThread "Cache worker for file hash cache (D:\AppNutrilfit\reactNativeNf\android\.gradle\8.14.1\fileHashes)" [_thread_blocked, id=21400, stack(0x0000003bf7f00000,0x0000003bf8000000)]
  0x000001b3075b3580 JavaThread "Cache worker for Build Output Cleanup Cache (D:\AppNutrilfit\reactNativeNf\android\.gradle\buildOutputCleanup)" [_thread_blocked, id=13940, stack(0x0000003bf8000000,0x0000003bf8100000)]
  0x000001b3075b1c30 JavaThread "File watcher server" daemon [_thread_in_native, id=8028, stack(0x0000003bf8500000,0x0000003bf8600000)]
  0x000001b3075b2140 JavaThread "File watcher consumer" daemon [_thread_blocked, id=2396, stack(0x0000003bf8600000,0x0000003bf8700000)]
  0x000001b3075b3070 JavaThread "jar transforms" [_thread_blocked, id=11932, stack(0x0000003bf8700000,0x0000003bf8800000)]
  0x000001b3075b49c0 JavaThread "jar transforms Thread 2" [_thread_blocked, id=20000, stack(0x0000003bf8800000,0x0000003bf8900000)]
  0x000001b3075b2b60 JavaThread "jar transforms Thread 3" [_thread_blocked, id=17656, stack(0x0000003bf8900000,0x0000003bf8a00000)]
  0x000001b3075b5e00 JavaThread "jar transforms Thread 4" [_thread_blocked, id=9476, stack(0x0000003bf8d00000,0x0000003bf8e00000)]
  0x000001b3075b3a90 JavaThread "jar transforms Thread 5" [_thread_blocked, id=13316, stack(0x0000003bf8e00000,0x0000003bf8f00000)]
  0x000001b3075b3fa0 JavaThread "Cache worker for checksums cache (D:\AppNutrilfit\reactNativeNf\android\.gradle\8.14.1\checksums)" [_thread_blocked, id=1808, stack(0x0000003bf9000000,0x0000003bf9100000)]
  0x000001b3075b2650 JavaThread "Cache worker for file content cache (D:\AppNutrilfit\.gradle\caches\8.14.1\fileContent)" [_thread_blocked, id=16896, stack(0x0000003bf9100000,0x0000003bf9200000)]
  0x000001b3075b6310 JavaThread "jar transforms Thread 6" [_thread_blocked, id=6852, stack(0x0000003bf8f00000,0x0000003bf9000000)]
  0x000001b3075b8680 JavaThread "jar transforms Thread 7" [_thread_blocked, id=20784, stack(0x0000003bf7e00000,0x0000003bf7f00000)]
  0x000001b3075b8b90 JavaThread "jar transforms Thread 8" [_thread_blocked, id=21216, stack(0x0000003bf9300000,0x0000003bf9400000)]
  0x000001b3075b90a0 JavaThread "jar transforms Thread 9" [_thread_blocked, id=21636, stack(0x0000003bf9400000,0x0000003bf9500000)]
  0x000001b3075b6820 JavaThread "jar transforms Thread 10" [_thread_blocked, id=15964, stack(0x0000003bf9200000,0x0000003bf9300000)]
  0x000001b3075b95b0 JavaThread "Cache worker for cache directory md-supplier (D:\AppNutrilfit\.gradle\caches\8.14.1\md-supplier)" [_thread_blocked, id=20992, stack(0x0000003bf9600000,0x0000003bf9700000)]
  0x000001b3075b6d30 JavaThread "Cache worker for cache directory md-rule (D:\AppNutrilfit\.gradle\caches\8.14.1\md-rule)" [_thread_blocked, id=22388, stack(0x0000003bf9700000,0x0000003bf9800000)]
  0x000001b3075b7240 JavaThread "Cache worker for Build Output Cleanup Cache (D:\AppNutrilfit\reactNativeNf\node_modules\@react-native\gradle-plugin\.gradle\buildOutputCleanup)" [_thread_blocked, id=10232, stack(0x0000003bf9500000,0x0000003bf9600000)]
  0x000001b3075b7c60 JavaThread "Unconstrained build operations" [_thread_blocked, id=13320, stack(0x0000003bf9800000,0x0000003bf9900000)]
  0x000001b3075b8170 JavaThread "Unconstrained build operations Thread 2" [_thread_blocked, id=7360, stack(0x0000003bf9900000,0x0000003bf9a00000)]
  0x000001b30a20f8e0 JavaThread "Unconstrained build operations Thread 3" [_thread_blocked, id=21756, stack(0x0000003bf9b00000,0x0000003bf9c00000)]
  0x000001b30a20d570 JavaThread "Unconstrained build operations Thread 4" [_thread_blocked, id=23364, stack(0x0000003bf9c00000,0x0000003bf9d00000)]
  0x000001b30a20fdf0 JavaThread "Unconstrained build operations Thread 5" [_thread_blocked, id=7424, stack(0x0000003bf9a00000,0x0000003bf9b00000)]
  0x000001b30a210810 JavaThread "Unconstrained build operations Thread 6" [_thread_blocked, id=23256, stack(0x0000003bf9d00000,0x0000003bf9e00000)]
  0x000001b30a20f3d0 JavaThread "Unconstrained build operations Thread 7" [_thread_blocked, id=6500, stack(0x0000003bf9e00000,0x0000003bf9f00000)]
  0x000001b30a20da80 JavaThread "Unconstrained build operations Thread 8" [_thread_blocked, id=23380, stack(0x0000003bf9f00000,0x0000003bfa000000)]
  0x000001b30a210300 JavaThread "Unconstrained build operations Thread 9" [_thread_blocked, id=23056, stack(0x0000003bfa000000,0x0000003bfa100000)]
  0x000001b30a20df90 JavaThread "Unconstrained build operations Thread 10" [_thread_blocked, id=19592, stack(0x0000003bfa100000,0x0000003bfa200000)]
  0x000001b30a20d060 JavaThread "Unconstrained build operations Thread 11" [_thread_blocked, id=22580, stack(0x0000003bfa200000,0x0000003bfa300000)]
  0x000001b30a20e4a0 JavaThread "Unconstrained build operations Thread 12" [_thread_blocked, id=13128, stack(0x0000003bfa300000,0x0000003bfa400000)]
  0x000001b30a20e9b0 JavaThread "Unconstrained build operations Thread 13" [_thread_blocked, id=8896, stack(0x0000003bfa400000,0x0000003bfa500000)]
  0x000001b30a20eec0 JavaThread "Unconstrained build operations Thread 14" [_thread_blocked, id=22748, stack(0x0000003bfa500000,0x0000003bfa600000)]
  0x000001b309d16710 JavaThread "Unconstrained build operations Thread 15" [_thread_blocked, id=20656, stack(0x0000003bfa600000,0x0000003bfa700000)]
  0x000001b309d152d0 JavaThread "Unconstrained build operations Thread 16" [_thread_blocked, id=19620, stack(0x0000003bfa700000,0x0000003bfa800000)]
  0x000001b309d16c20 JavaThread "Unconstrained build operations Thread 17" [_thread_blocked, id=22904, stack(0x0000003bfa800000,0x0000003bfa900000)]
  0x000001b309d18a80 JavaThread "Unconstrained build operations Thread 18" [_thread_blocked, id=2064, stack(0x0000003bfa900000,0x0000003bfaa00000)]
  0x000001b309d157e0 JavaThread "Unconstrained build operations Thread 19" [_thread_blocked, id=12484, stack(0x0000003bfaa00000,0x0000003bfab00000)]
  0x000001b309d18f90 JavaThread "Unconstrained build operations Thread 20" [_thread_blocked, id=8048, stack(0x0000003bfab00000,0x0000003bfac00000)]
  0x000001b309d194a0 JavaThread "Unconstrained build operations Thread 21" [_thread_blocked, id=23376, stack(0x0000003bfac00000,0x0000003bfad00000)]
  0x000001b309d15cf0 JavaThread "Unconstrained build operations Thread 22" [_thread_blocked, id=22284, stack(0x0000003bfad00000,0x0000003bfae00000)]
  0x000001b309d199b0 JavaThread "Unconstrained build operations Thread 23" [_thread_in_native, id=8460, stack(0x0000003bfae00000,0x0000003bfaf00000)]
  0x000001b309d16200 JavaThread "Unconstrained build operations Thread 24" [_thread_blocked, id=17808, stack(0x0000003bfaf00000,0x0000003bfb000000)]
  0x000001b309d19ec0 JavaThread "Unconstrained build operations Thread 25" [_thread_blocked, id=22600, stack(0x0000003bfb000000,0x0000003bfb100000)]
  0x000001b309d17640 JavaThread "Unconstrained build operations Thread 26" [_thread_blocked, id=23288, stack(0x0000003bfb100000,0x0000003bfb200000)]
  0x000001b309d18570 JavaThread "Unconstrained build operations Thread 27" [_thread_blocked, id=9096, stack(0x0000003bfb200000,0x0000003bfb300000)]
  0x000001b309d1a3d0 JavaThread "Unconstrained build operations Thread 28" [_thread_in_native, id=12016, stack(0x0000003bfb300000,0x0000003bfb400000)]
  0x000001b309d17130 JavaThread "Unconstrained build operations Thread 29" [_thread_in_native, id=21684, stack(0x0000003bfb400000,0x0000003bfb500000)]
  0x000001b309d1adf0 JavaThread "Unconstrained build operations Thread 30" [_thread_in_native, id=21748, stack(0x0000003bfb500000,0x0000003bfb600000)]
  0x000001b309d1a8e0 JavaThread "Unconstrained build operations Thread 31" [_thread_blocked, id=21688, stack(0x0000003bfb600000,0x0000003bfb700000)]
  0x000001b309d1b300 JavaThread "Unconstrained build operations Thread 32" [_thread_blocked, id=2144, stack(0x0000003bfb700000,0x0000003bfb800000)]
  0x000001b309d17b50 JavaThread "Unconstrained build operations Thread 33" [_thread_blocked, id=6132, stack(0x0000003bfb800000,0x0000003bfb900000)]
  0x000001b309d1b810 JavaThread "Unconstrained build operations Thread 34" [_thread_in_native, id=23444, stack(0x0000003bfb900000,0x0000003bfba00000)]
  0x000001b309d18060 JavaThread "Unconstrained build operations Thread 35" [_thread_in_native, id=22864, stack(0x0000003bfba00000,0x0000003bfbb00000)]
  0x000001b309d1bd20 JavaThread "Unconstrained build operations Thread 36" [_thread_in_native, id=19672, stack(0x0000003bfbb00000,0x0000003bfbc00000)]
  0x000001b309d1c230 JavaThread "Unconstrained build operations Thread 37" [_thread_in_native, id=19116, stack(0x0000003bfbc00000,0x0000003bfbd00000)]
  0x000001b309d1c740 JavaThread "Unconstrained build operations Thread 38" [_thread_in_native, id=16784, stack(0x0000003bfbd00000,0x0000003bfbe00000)]
  0x000001b309d1cc50 JavaThread "Unconstrained build operations Thread 39" [_thread_in_native, id=22896, stack(0x0000003bfbe00000,0x0000003bfbf00000)]
  0x000001b30a06e9d0 JavaThread "build event listener" [_thread_blocked, id=16924, stack(0x0000003bfc000000,0x0000003bfc100000)]
  0x000001b30a06fe10 JavaThread "Memory manager" [_thread_blocked, id=20524, stack(0x0000003bfc100000,0x0000003bfc200000)]
  0x000001b30a071760 JavaThread "ForkJoinPool.commonPool-worker-1" daemon [_thread_blocked, id=8612, stack(0x0000003bfc300000,0x0000003bfc400000)]
  0x000001b30a06f900 JavaThread "ForkJoinPool.commonPool-worker-2" daemon [_thread_blocked, id=10032, stack(0x0000003bfc400000,0x0000003bfc500000)]
  0x000001b30a06dfb0 JavaThread "ForkJoinPool.commonPool-worker-3" daemon [_thread_blocked, id=20604, stack(0x0000003bfc500000,0x0000003bfc600000)]
  0x000001b30a06eee0 JavaThread "ForkJoinPool.commonPool-worker-4" daemon [_thread_blocked, id=6068, stack(0x0000003bfc600000,0x0000003bfc700000)]
  0x000001b30a070320 JavaThread "ForkJoinPool.commonPool-worker-5" daemon [_thread_blocked, id=5784, stack(0x0000003bfc700000,0x0000003bfc800000)]
  0x000001b30a070830 JavaThread "ForkJoinPool.commonPool-worker-6" daemon [_thread_blocked, id=12808, stack(0x0000003bfc800000,0x0000003bfc900000)]
  0x000001b30a071c70 JavaThread "ForkJoinPool.commonPool-worker-7" daemon [_thread_blocked, id=10168, stack(0x0000003bfc900000,0x0000003bfca00000)]
  0x000001b30a06e4c0 JavaThread "ForkJoinPool.commonPool-worker-8" daemon [_thread_blocked, id=23440, stack(0x0000003bfca00000,0x0000003bfcb00000)]
  0x000001b30a072180 JavaThread "ForkJoinPool.commonPool-worker-9" daemon [_thread_blocked, id=22928, stack(0x0000003bfcb00000,0x0000003bfcc00000)]
  0x000001b30a074a00 JavaThread "ForkJoinPool.commonPool-worker-10" daemon [_thread_blocked, id=22436, stack(0x0000003bfcc00000,0x0000003bfcd00000)]
  0x000001b30a072690 JavaThread "ForkJoinPool.commonPool-worker-11" daemon [_thread_blocked, id=11892, stack(0x0000003bfcd00000,0x0000003bfce00000)]
  0x000001b30a0744f0 JavaThread "Exec process" [_thread_blocked, id=22440, stack(0x0000003bfce00000,0x0000003bfcf00000)]
  0x000001b30a074f10 JavaThread "Exec process Thread 2" [_thread_blocked, id=10800, stack(0x0000003bfbf00000,0x0000003bfc000000)]
  0x000001b30a073ad0 JavaThread "Exec process Thread 3" [_thread_blocked, id=22184, stack(0x0000003bfc200000,0x0000003bfc300000)]
  0x000001b30a075420 JavaThread "included builds" [_thread_blocked, id=22752, stack(0x0000003bfd000000,0x0000003bfd100000)]
  0x000001b30a072ba0 JavaThread "Execution worker" [_thread_blocked, id=23060, stack(0x0000003bfd100000,0x0000003bfd200000)]
  0x000001b30a0730b0 JavaThread "Execution worker Thread 2" [_thread_blocked, id=22612, stack(0x0000003bfd200000,0x0000003bfd300000)]
  0x000001b30a0735c0 JavaThread "Execution worker Thread 3" [_thread_blocked, id=20872, stack(0x0000003bfd300000,0x0000003bfd400000)]
  0x000001b30a073fe0 JavaThread "Execution worker Thread 4" [_thread_blocked, id=23160, stack(0x0000003bfd400000,0x0000003bfd500000)]
  0x000001b2cd3c60f0 JavaThread "Execution worker Thread 5" [_thread_blocked, id=10380, stack(0x0000003bfd500000,0x0000003bfd600000)]
  0x000001b2cd3c8e80 JavaThread "Execution worker Thread 6" [_thread_blocked, id=13980, stack(0x0000003bfd600000,0x0000003bfd700000)]
  0x000001b2cd3c8970 JavaThread "Execution worker Thread 7" [_thread_blocked, id=384, stack(0x0000003bfd700000,0x0000003bfd800000)]
  0x000001b2cd3c6600 JavaThread "Execution worker Thread 8" [_thread_blocked, id=6064, stack(0x0000003bfd800000,0x0000003bfd900000)]
  0x000001b2cd3c7a40 JavaThread "Execution worker Thread 9" [_thread_blocked, id=3112, stack(0x0000003bfd900000,0x0000003bfda00000)]
  0x000001b2cd3c8460 JavaThread "Execution worker Thread 10" [_thread_blocked, id=16548, stack(0x0000003bfda00000,0x0000003bfdb00000)]
  0x000001b2cd3c9390 JavaThread "Execution worker Thread 11" [_thread_blocked, id=21584, stack(0x0000003bfdb00000,0x0000003bfdc00000)]
  0x000001b2cd3c98a0 JavaThread "Cache worker for execution history cache (D:\AppNutrilfit\reactNativeNf\node_modules\@react-native\gradle-plugin\.gradle\8.14.1\executionHistory)" [_thread_blocked, id=14172, stack(0x0000003bfdc00000,0x0000003bfdd00000)]
  0x000001b2cd3c6b10 JavaThread "Unconstrained build operations Thread 40" [_thread_blocked, id=22556, stack(0x0000003bfcf00000,0x0000003bfd000000)]
  0x000001b2cd3c9db0 JavaThread "Unconstrained build operations Thread 41" [_thread_blocked, id=19664, stack(0x0000003bfdd00000,0x0000003bfde00000)]
  0x000001b2cd3c7f50 JavaThread "Unconstrained build operations Thread 42" [_thread_blocked, id=22988, stack(0x0000003bfde00000,0x0000003bfdf00000)]
  0x000001b2cd3c7020 JavaThread "Unconstrained build operations Thread 43" [_thread_blocked, id=9588, stack(0x0000003bfdf00000,0x0000003bfe000000)]
  0x000001b2cd3ca2c0 JavaThread "Unconstrained build operations Thread 44" [_thread_blocked, id=21508, stack(0x0000003bfe000000,0x0000003bfe100000)]
  0x000001b2cd3ca7d0 JavaThread "Unconstrained build operations Thread 45" [_thread_blocked, id=22964, stack(0x0000003bfe100000,0x0000003bfe200000)]
  0x000001b2cd3cace0 JavaThread "Unconstrained build operations Thread 46" [_thread_blocked, id=12868, stack(0x0000003bfe200000,0x0000003bfe300000)]
  0x000001b2cd3c7530 JavaThread "Unconstrained build operations Thread 47" [_thread_blocked, id=18100, stack(0x0000003bfe300000,0x0000003bfe400000)]
  0x000001b2cd3cd050 JavaThread "Unconstrained build operations Thread 48" [_thread_blocked, id=9496, stack(0x0000003bfe400000,0x0000003bfe500000)]
  0x000001b2cd3cda70 JavaThread "Unconstrained build operations Thread 49" [_thread_blocked, id=11508, stack(0x0000003bfe500000,0x0000003bfe600000)]
  0x000001b2cd3cb1f0 JavaThread "Unconstrained build operations Thread 50" [_thread_blocked, id=14848, stack(0x0000003bfe600000,0x0000003bfe700000)]
  0x000001b2cd3cc630 JavaThread "Unconstrained build operations Thread 51" [_thread_blocked, id=3724, stack(0x0000003bfe700000,0x0000003bfe800000)]
  0x000001b2cd3cb700 JavaThread "Unconstrained build operations Thread 52" [_thread_blocked, id=20560, stack(0x0000003bfe800000,0x0000003bfe900000)]
  0x000001b2cd3cbc10 JavaThread "Unconstrained build operations Thread 53" [_thread_blocked, id=21788, stack(0x0000003bfe900000,0x0000003bfea00000)]
  0x000001b2cd3cc120 JavaThread "Unconstrained build operations Thread 54" [_thread_blocked, id=23284, stack(0x0000003bfea00000,0x0000003bfeb00000)]
  0x000001b2cd3ccb40 JavaThread "Unconstrained build operations Thread 55" [_thread_blocked, id=22676, stack(0x0000003bfeb00000,0x0000003bfec00000)]
  0x000001b2cd3cd560 JavaThread "Unconstrained build operations Thread 56" [_thread_blocked, id=11336, stack(0x0000003bfec00000,0x0000003bfed00000)]
  0x000001b3099ccdc0 JavaThread "Unconstrained build operations Thread 57" [_thread_blocked, id=20584, stack(0x0000003bfed00000,0x0000003bfee00000)]
  0x000001b3099ce710 JavaThread "Unconstrained build operations Thread 58" [_thread_blocked, id=18744, stack(0x0000003bfee00000,0x0000003bfef00000)]
  0x000001b3099cec20 JavaThread "Unconstrained build operations Thread 59" [_thread_blocked, id=11192, stack(0x0000003bfef00000,0x0000003bff000000)]
  0x000001b3099cd2d0 JavaThread "Unconstrained build operations Thread 60" [_thread_blocked, id=11308, stack(0x0000003bff000000,0x0000003bff100000)]
  0x000001b3099ce200 JavaThread "Unconstrained build operations Thread 61" [_thread_blocked, id=5076, stack(0x0000003bff100000,0x0000003bff200000)]
  0x000001b3099cd7e0 JavaThread "Unconstrained build operations Thread 62" [_thread_blocked, id=22628, stack(0x0000003bff200000,0x0000003bff300000)]
  0x000001b3099cdcf0 JavaThread "Unconstrained build operations Thread 63" [_thread_blocked, id=3708, stack(0x0000003bff300000,0x0000003bff400000)]
  0x000001b3099cc8b0 JavaThread "Unconstrained build operations Thread 64" [_thread_blocked, id=21844, stack(0x0000003bff400000,0x0000003bff500000)]
  0x000001b3099cb470 JavaThread "Unconstrained build operations Thread 65" [_thread_blocked, id=5308, stack(0x0000003bff500000,0x0000003bff600000)]
  0x000001b3099cb980 JavaThread "Unconstrained build operations Thread 66" [_thread_blocked, id=22124, stack(0x0000003bff600000,0x0000003bff700000)]
  0x000001b3099cf130 JavaThread "Unconstrained build operations Thread 67" [_thread_blocked, id=19612, stack(0x0000003bff700000,0x0000003bff800000)]
  0x000001b3099cbe90 JavaThread "Unconstrained build operations Thread 68" [_thread_blocked, id=21916, stack(0x0000003bff800000,0x0000003bff900000)]
  0x000001b3099cf640 JavaThread "Unconstrained build operations Thread 69" [_thread_blocked, id=19480, stack(0x0000003bff900000,0x0000003bffa00000)]
  0x000001b3099cc3a0 JavaThread "Unconstrained build operations Thread 70" [_thread_blocked, id=22936, stack(0x0000003bffd00000,0x0000003bffe00000)]
  0x000001b3099d1ec0 JavaThread "Unconstrained build operations Thread 71" [_thread_blocked, id=17720, stack(0x0000003bffe00000,0x0000003bfff00000)]
  0x000001b3099d2df0 JavaThread "Unconstrained build operations Thread 72" [_thread_blocked, id=12228, stack(0x0000003bfff00000,0x0000003c00000000)]
  0x000001b3099d23d0 JavaThread "Unconstrained build operations Thread 73" [_thread_blocked, id=22100, stack(0x0000003b80000000,0x0000003b80100000)]
  0x000001b3099d28e0 JavaThread "Unconstrained build operations Thread 74" [_thread_blocked, id=22452, stack(0x0000003b80100000,0x0000003b80200000)]
  0x000001b3099cfb50 JavaThread "Unconstrained build operations Thread 75" [_thread_blocked, id=13160, stack(0x0000003b80200000,0x0000003b80300000)]
  0x000001b3099d0570 JavaThread "Unconstrained build operations Thread 76" [_thread_blocked, id=20828, stack(0x0000003b80300000,0x0000003b80400000)]
  0x000001b3099d0f90 JavaThread "Unconstrained build operations Thread 77" [_thread_blocked, id=2648, stack(0x0000003b80400000,0x0000003b80500000)]
  0x000001b3099d0a80 JavaThread "Unconstrained build operations Thread 78" [_thread_blocked, id=13108, stack(0x0000003b80500000,0x0000003b80600000)]
  0x000001b3099d0060 JavaThread "Unconstrained build operations Thread 79" [_thread_blocked, id=17756, stack(0x0000003b80600000,0x0000003b80700000)]
  0x000001b3099d19b0 JavaThread "Unconstrained build operations Thread 80" [_thread_blocked, id=3548, stack(0x0000003b80700000,0x0000003b80800000)]
  0x000001b30761a330 JavaThread "Unconstrained build operations Thread 81" [_thread_blocked, id=13488, stack(0x0000003b80800000,0x0000003b80900000)]
  0x000001b307619910 JavaThread "Unconstrained build operations Thread 82" [_thread_blocked, id=1776, stack(0x0000003b80900000,0x0000003b80a00000)]
  0x000001b30761c190 JavaThread "Unconstrained build operations Thread 83" [_thread_blocked, id=2880, stack(0x0000003b80a00000,0x0000003b80b00000)]
  0x000001b30761c6a0 JavaThread "Unconstrained build operations Thread 84" [_thread_blocked, id=22032, stack(0x0000003b80b00000,0x0000003b80c00000)]
  0x000001b30761b770 JavaThread "Unconstrained build operations Thread 85" [_thread_blocked, id=20284, stack(0x0000003b80c00000,0x0000003b80d00000)]
  0x000001b30761a840 JavaThread "Unconstrained build operations Thread 86" [_thread_blocked, id=22668, stack(0x0000003b80d00000,0x0000003b80e00000)]
  0x000001b30761ad50 JavaThread "Unconstrained build operations Thread 87" [_thread_blocked, id=22484, stack(0x0000003b80e00000,0x0000003b80f00000)]
  0x000001b30761b260 JavaThread "Unconstrained build operations Thread 88" [_thread_blocked, id=21192, stack(0x0000003b80f00000,0x0000003b81000000)]
  0x000001b30761bc80 JavaThread "Unconstrained build operations Thread 89" [_thread_blocked, id=6268, stack(0x0000003b81000000,0x0000003b81100000)]
  0x000001b307618ef0 JavaThread "Unconstrained build operations Thread 90" [_thread_blocked, id=9660, stack(0x0000003b81100000,0x0000003b81200000)]
  0x000001b307619400 JavaThread "Unconstrained build operations Thread 91" [_thread_blocked, id=21180, stack(0x0000003b81200000,0x0000003b81300000)]
  0x000001b30761cbb0 JavaThread "Unconstrained build operations Thread 92" [_thread_blocked, id=10872, stack(0x0000003b81300000,0x0000003b81400000)]
  0x000001b30761d0c0 JavaThread "Unconstrained build operations Thread 93" [_thread_blocked, id=22140, stack(0x0000003b81400000,0x0000003b81500000)]
  0x000001b30761d5d0 JavaThread "Unconstrained build operations Thread 94" [_thread_blocked, id=10648, stack(0x0000003b81500000,0x0000003b81600000)]
  0x000001b307619e20 JavaThread "Unconstrained build operations Thread 95" [_thread_blocked, id=21908, stack(0x0000003b81600000,0x0000003b81700000)]
  0x000001b30761f430 JavaThread "Unconstrained build operations Thread 96" [_thread_blocked, id=21652, stack(0x0000003b81700000,0x0000003b81800000)]
  0x000001b307620870 JavaThread "Unconstrained build operations Thread 97" [_thread_blocked, id=8376, stack(0x0000003b81800000,0x0000003b81900000)]
  0x000001b30761e500 JavaThread "Unconstrained build operations Thread 98" [_thread_blocked, id=22504, stack(0x0000003b81900000,0x0000003b81a00000)]
  0x000001b30761fe50 JavaThread "Unconstrained build operations Thread 99" [_thread_blocked, id=22508, stack(0x0000003b81a00000,0x0000003b81b00000)]
  0x000001b30761ef20 JavaThread "Unconstrained build operations Thread 100" [_thread_blocked, id=21972, stack(0x0000003b81b00000,0x0000003b81c00000)]
  0x000001b30761ea10 JavaThread "Unconstrained build operations Thread 101" [_thread_blocked, id=23276, stack(0x0000003b81c00000,0x0000003b81d00000)]
  0x000001b30761f940 JavaThread "Unconstrained build operations Thread 102" [_thread_blocked, id=13224, stack(0x0000003b81d00000,0x0000003b81e00000)]
  0x000001b30761dae0 JavaThread "Unconstrained build operations Thread 103" [_thread_blocked, id=19752, stack(0x0000003b81e00000,0x0000003b81f00000)]
  0x000001b30761dff0 JavaThread "Unconstrained build operations Thread 104" [_thread_blocked, id=19104, stack(0x0000003b81f00000,0x0000003b82000000)]
  0x000001b307620360 JavaThread "Unconstrained build operations Thread 105" [_thread_blocked, id=14396, stack(0x0000003b82000000,0x0000003b82100000)]
  0x000001b3099d14a0 JavaThread "Unconstrained build operations Thread 106" [_thread_blocked, id=2956, stack(0x0000003b82100000,0x0000003b82200000)]
  0x000001b30af8ab10 JavaThread "Unconstrained build operations Thread 107" [_thread_blocked, id=11808, stack(0x0000003b82200000,0x0000003b82300000)]
  0x000001b30af8b020 JavaThread "Unconstrained build operations Thread 108" [_thread_blocked, id=9504, stack(0x0000003b82300000,0x0000003b82400000)]
  0x000001b30af896d0 JavaThread "Unconstrained build operations Thread 109" [_thread_blocked, id=4028, stack(0x0000003b82400000,0x0000003b82500000)]
  0x000001b30af8b530 JavaThread "Unconstrained build operations Thread 110" [_thread_blocked, id=10984, stack(0x0000003b82500000,0x0000003b82600000)]
  0x000001b30af891c0 JavaThread "Unconstrained build operations Thread 111" [_thread_blocked, id=23176, stack(0x0000003b82600000,0x0000003b82700000)]
  0x000001b30af89be0 JavaThread "Unconstrained build operations Thread 112" [_thread_blocked, id=21364, stack(0x0000003b82700000,0x0000003b82800000)]
  0x000001b30af87d80 JavaThread "Unconstrained build operations Thread 113" [_thread_blocked, id=8548, stack(0x0000003b82800000,0x0000003b82900000)]
  0x000001b30af8a0f0 JavaThread "Unconstrained build operations Thread 114" [_thread_blocked, id=22952, stack(0x0000003b82900000,0x0000003b82a00000)]
  0x000001b30af8a600 JavaThread "jar transforms Thread 11" [_thread_blocked, id=21708, stack(0x0000003b82a00000,0x0000003b82b00000)]
  0x000001b30af887a0 JavaThread "jar transforms Thread 12" [_thread_blocked, id=10452, stack(0x0000003b82b00000,0x0000003b82c00000)]
  0x000001b30af8ba40 JavaThread "Unconstrained build operations Thread 115" [_thread_blocked, id=22500, stack(0x0000003b82c00000,0x0000003b82d00000)]
  0x000001b30af88290 JavaThread "Unconstrained build operations Thread 116" [_thread_blocked, id=20344, stack(0x0000003b82d00000,0x0000003b82e00000)]
  0x000001b30af8bf50 JavaThread "Unconstrained build operations Thread 117" [_thread_blocked, id=5868, stack(0x0000003b82e00000,0x0000003b82f00000)]
  0x000001b30af8c460 JavaThread "Unconstrained build operations Thread 118" [_thread_blocked, id=21828, stack(0x0000003b82f00000,0x0000003b83000000)]
  0x000001b30af88cb0 JavaThread "Unconstrained build operations Thread 119" [_thread_blocked, id=21732, stack(0x0000003b83000000,0x0000003b83100000)]
  0x000001b30af8f700 JavaThread "Unconstrained build operations Thread 120" [_thread_blocked, id=13560, stack(0x0000003b83100000,0x0000003b83200000)]
=>0x000001b308ef8f30 JavaThread "C2 CompilerThread1" daemon [_thread_in_native, id=18152, stack(0x0000003b83200000,0x0000003b83300000)]

Other Threads:
  0x000001b2cd0426d0 VMThread "VM Thread" [stack: 0x0000003bf5d00000,0x0000003bf5e00000] [id=22916]
  0x000001b2a7dd7b90 WatcherThread [stack: 0x0000003bf6a00000,0x0000003bf6b00000] [id=8312]
  0x000001b2a7e46010 GCTaskThread "GC Thread#0" [stack: 0x0000003bf5800000,0x0000003bf5900000] [id=16656]
  0x000001b2cd5a36c0 GCTaskThread "GC Thread#1" [stack: 0x0000003bf6c00000,0x0000003bf6d00000] [id=6272]
  0x000001b2cd26c290 GCTaskThread "GC Thread#2" [stack: 0x0000003bf6d00000,0x0000003bf6e00000] [id=7276]
  0x000001b2cd26c550 GCTaskThread "GC Thread#3" [stack: 0x0000003bf6e00000,0x0000003bf6f00000] [id=23524]
  0x000001b2cd26c810 GCTaskThread "GC Thread#4" [stack: 0x0000003bf6f00000,0x0000003bf7000000] [id=22496]
  0x000001b2cd26cad0 GCTaskThread "GC Thread#5" [stack: 0x0000003bf7000000,0x0000003bf7100000] [id=16688]
  0x000001b30894bb20 GCTaskThread "GC Thread#6" [stack: 0x0000003bf6800000,0x0000003bf6900000] [id=5700]
  0x000001b307ac4af0 GCTaskThread "GC Thread#7" [stack: 0x0000003bf6b00000,0x0000003bf6c00000] [id=8096]
  0x000001b308b08dd0 GCTaskThread "GC Thread#8" [stack: 0x0000003bf8100000,0x0000003bf8200000] [id=18040]
  0x000001b308b082d0 GCTaskThread "GC Thread#9" [stack: 0x0000003bf8200000,0x0000003bf8300000] [id=11072]
  0x000001b2a7e56e70 ConcurrentGCThread "G1 Main Marker" [stack: 0x0000003bf5900000,0x0000003bf5a00000] [id=22996]
  0x000001b2a7e58460 ConcurrentGCThread "G1 Conc#0" [stack: 0x0000003bf5a00000,0x0000003bf5b00000] [id=21776]
  0x000001b308b08010 ConcurrentGCThread "G1 Conc#1" [stack: 0x0000003bf8300000,0x0000003bf8400000] [id=20776]
  0x000001b308b08b10 ConcurrentGCThread "G1 Conc#2" [stack: 0x0000003bf8400000,0x0000003bf8500000] [id=8196]
  0x000001b2a7e911f0 ConcurrentGCThread "G1 Refine#0" [stack: 0x0000003bf5b00000,0x0000003bf5c00000] [id=19340]
  0x000001b3078a4d50 ConcurrentGCThread "G1 Refine#1" [stack: 0x0000003bf8a00000,0x0000003bf8b00000] [id=4480]
  0x000001b309c3a290 ConcurrentGCThread "G1 Refine#2" [stack: 0x0000003bf8b00000,0x0000003bf8c00000] [id=13916]
  0x000001b309c39cb0 ConcurrentGCThread "G1 Refine#3" [stack: 0x0000003bf8c00000,0x0000003bf8d00000] [id=21868]
  0x000001b2a7e919d0 ConcurrentGCThread "G1 Service" [stack: 0x0000003bf5c00000,0x0000003bf5d00000] [id=7664]

Threads with active compile tasks:
C2 CompilerThread1    41305 11134   !   4       java.io.BufferedReader::readLine (327 bytes)

VM state: not at safepoint (normal execution)

VM Mutex/Monitor currently owned by a thread: None

Heap address: 0x0000000700000000, size: 4096 MB, Compressed Oops mode: Zero based, Oop shift amount: 3

CDS archive(s) mapped at: [0x000001b2ce000000-0x000001b2cebd0000-0x000001b2cebd0000), size 12386304, SharedBaseAddress: 0x000001b2ce000000, ArchiveRelocationMode: 1.
Compressed class space mapped at: 0x000001b2cf000000-0x000001b303000000, reserved size: 872415232
Narrow klass base: 0x000001b2ce000000, Narrow klass shift: 0, Narrow klass range: 0x100000000

GC Precious Log:
 CPUs: 12 total, 12 available
 Memory: 16234M
 Large Page Support: Disabled
 NUMA Support: Disabled
 Compressed Oops: Enabled (Zero based)
 Heap Region Size: 2M
 Heap Min Capacity: 8M
 Heap Initial Capacity: 254M
 Heap Max Capacity: 4G
 Pre-touch: Disabled
 Parallel Workers: 10
 Concurrent Workers: 3
 Concurrent Refinement Workers: 10
 Periodic GC: Disabled

Heap:
 garbage-first heap   total 155648K, used 94523K [0x0000000700000000, 0x0000000800000000)
  region size 2048K, 11 young (22528K), 4 survivors (8192K)
 Metaspace       used 81842K, committed 82816K, reserved 983040K
  class space    used 11357K, committed 11840K, reserved 851968K

Heap Regions: E=young(eden), S=young(survivor), O=old, HS=humongous(starts), HC=humongous(continues), CS=collection set, F=free, OA=open archive, CA=closed archive, TAMS=top-at-mark-start (previous, next)
|   0|0x0000000700000000, 0x0000000700200000, 0x0000000700200000|100%|HS|  |TAMS 0x0000000700200000, 0x0000000700000000| Complete 
|   1|0x0000000700200000, 0x0000000700400000, 0x0000000700400000|100%|HC|  |TAMS 0x0000000700400000, 0x0000000700200000| Complete 
|   2|0x0000000700400000, 0x0000000700600000, 0x0000000700600000|100%| O|  |TAMS 0x0000000700600000, 0x0000000700400000| Untracked 
|   3|0x0000000700600000, 0x0000000700800000, 0x0000000700800000|100%| O|  |TAMS 0x0000000700800000, 0x0000000700600000| Untracked 
|   4|0x0000000700800000, 0x0000000700a00000, 0x0000000700a00000|100%| O|  |TAMS 0x0000000700a00000, 0x0000000700800000| Untracked 
|   5|0x0000000700a00000, 0x0000000700c00000, 0x0000000700c00000|100%| O|  |TAMS 0x0000000700c00000, 0x0000000700a00000| Untracked 
|   6|0x0000000700c00000, 0x0000000700e00000, 0x0000000700e00000|100%| O|  |TAMS 0x0000000700e00000, 0x0000000700c00000| Untracked 
|   7|0x0000000700e00000, 0x0000000701000000, 0x0000000701000000|100%| O|  |TAMS 0x0000000701000000, 0x0000000700e00000| Untracked 
|   8|0x0000000701000000, 0x0000000701200000, 0x0000000701200000|100%| O|  |TAMS 0x0000000701200000, 0x0000000701000000| Untracked 
|   9|0x0000000701200000, 0x0000000701400000, 0x0000000701400000|100%| O|  |TAMS 0x0000000701400000, 0x0000000701200000| Untracked 
|  10|0x0000000701400000, 0x0000000701600000, 0x0000000701600000|100%| O|  |TAMS 0x0000000701600000, 0x0000000701400000| Untracked 
|  11|0x0000000701600000, 0x0000000701800000, 0x0000000701800000|100%| O|  |TAMS 0x0000000701800000, 0x0000000701600000| Untracked 
|  12|0x0000000701800000, 0x0000000701a00000, 0x0000000701a00000|100%| O|  |TAMS 0x0000000701a00000, 0x0000000701800000| Untracked 
|  13|0x0000000701a00000, 0x0000000701c00000, 0x0000000701c00000|100%| O|  |TAMS 0x0000000701c00000, 0x0000000701a00000| Untracked 
|  14|0x0000000701c00000, 0x0000000701e00000, 0x0000000701e00000|100%| O|  |TAMS 0x0000000701c00000, 0x0000000701c00000| Untracked 
|  15|0x0000000701e00000, 0x0000000702000000, 0x0000000702000000|100%| O|  |TAMS 0x0000000702000000, 0x0000000701e00000| Untracked 
|  16|0x0000000702000000, 0x0000000702200000, 0x0000000702200000|100%| O|  |TAMS 0x0000000702000000, 0x0000000702000000| Untracked 
|  17|0x0000000702200000, 0x0000000702400000, 0x0000000702400000|100%| O|  |TAMS 0x0000000702400000, 0x0000000702200000| Untracked 
|  18|0x0000000702400000, 0x0000000702600000, 0x0000000702600000|100%| O|  |TAMS 0x0000000702600000, 0x0000000702400000| Untracked 
|  19|0x0000000702600000, 0x0000000702800000, 0x0000000702800000|100%| O|  |TAMS 0x0000000702683000, 0x0000000702600000| Untracked 
|  20|0x0000000702800000, 0x0000000702a00000, 0x0000000702a00000|100%|HS|  |TAMS 0x0000000702a00000, 0x0000000702800000| Complete 
|  21|0x0000000702a00000, 0x0000000702c00000, 0x0000000702c00000|100%|HC|  |TAMS 0x0000000702c00000, 0x0000000702a00000| Complete 
|  22|0x0000000702c00000, 0x0000000702e00000, 0x0000000702e00000|100%|HS|  |TAMS 0x0000000702e00000, 0x0000000702c00000| Complete 
|  23|0x0000000702e00000, 0x0000000703000000, 0x0000000703000000|100%|HC|  |TAMS 0x0000000703000000, 0x0000000702e00000| Complete 
|  24|0x0000000703000000, 0x0000000703200000, 0x0000000703200000|100%| O|  |TAMS 0x0000000703000000, 0x0000000703000000| Untracked 
|  25|0x0000000703200000, 0x0000000703400000, 0x0000000703400000|100%| O|  |TAMS 0x0000000703200000, 0x0000000703200000| Untracked 
|  26|0x0000000703400000, 0x0000000703600000, 0x0000000703600000|100%| O|  |TAMS 0x0000000703400000, 0x0000000703400000| Untracked 
|  27|0x0000000703600000, 0x0000000703800000, 0x0000000703800000|100%| O|  |TAMS 0x0000000703600000, 0x0000000703600000| Untracked 
|  28|0x0000000703800000, 0x0000000703a00000, 0x0000000703a00000|100%| O|  |TAMS 0x0000000703800000, 0x0000000703800000| Untracked 
|  29|0x0000000703a00000, 0x0000000703c00000, 0x0000000703c00000|100%| O|  |TAMS 0x0000000703a00000, 0x0000000703a00000| Untracked 
|  30|0x0000000703c00000, 0x0000000703e00000, 0x0000000703e00000|100%| O|  |TAMS 0x0000000703c00000, 0x0000000703c00000| Untracked 
|  31|0x0000000703e00000, 0x0000000704000000, 0x0000000704000000|100%|HS|  |TAMS 0x0000000703e00000, 0x0000000703e00000| Complete 
|  32|0x0000000704000000, 0x0000000704200000, 0x0000000704200000|100%|HC|  |TAMS 0x0000000704000000, 0x0000000704000000| Complete 
|  33|0x0000000704200000, 0x0000000704400000, 0x0000000704400000|100%| O|  |TAMS 0x0000000704200000, 0x0000000704200000| Untracked 
|  34|0x0000000704400000, 0x0000000704600000, 0x0000000704600000|100%| O|  |TAMS 0x0000000704400000, 0x0000000704400000| Untracked 
|  35|0x0000000704600000, 0x0000000704800000, 0x0000000704800000|100%| O|  |TAMS 0x0000000704600000, 0x0000000704600000| Untracked 
|  36|0x0000000704800000, 0x000000070489d600, 0x0000000704a00000| 30%| O|  |TAMS 0x0000000704800000, 0x0000000704800000| Untracked 
|  37|0x0000000704a00000, 0x0000000704a00000, 0x0000000704c00000|  0%| F|  |TAMS 0x0000000704a00000, 0x0000000704a00000| Untracked 
|  38|0x0000000704c00000, 0x0000000704c00000, 0x0000000704e00000|  0%| F|  |TAMS 0x0000000704c00000, 0x0000000704c00000| Untracked 
|  39|0x0000000704e00000, 0x0000000704e00000, 0x0000000705000000|  0%| F|  |TAMS 0x0000000704e00000, 0x0000000704e00000| Untracked 
|  40|0x0000000705000000, 0x0000000705000000, 0x0000000705200000|  0%| F|  |TAMS 0x0000000705000000, 0x0000000705000000| Untracked 
|  41|0x0000000705200000, 0x0000000705200000, 0x0000000705400000|  0%| F|  |TAMS 0x0000000705200000, 0x0000000705200000| Untracked 
|  42|0x0000000705400000, 0x0000000705400000, 0x0000000705600000|  0%| F|  |TAMS 0x0000000705400000, 0x0000000705400000| Untracked 
|  43|0x0000000705600000, 0x0000000705600000, 0x0000000705800000|  0%| F|  |TAMS 0x0000000705600000, 0x0000000705600000| Untracked 
|  44|0x0000000705800000, 0x0000000705800000, 0x0000000705a00000|  0%| F|  |TAMS 0x0000000705800000, 0x0000000705800000| Untracked 
|  45|0x0000000705a00000, 0x0000000705a00000, 0x0000000705c00000|  0%| F|  |TAMS 0x0000000705a00000, 0x0000000705a00000| Untracked 
|  46|0x0000000705c00000, 0x0000000705c00000, 0x0000000705e00000|  0%| F|  |TAMS 0x0000000705c00000, 0x0000000705c00000| Untracked 
|  47|0x0000000705e00000, 0x0000000705e00000, 0x0000000706000000|  0%| F|  |TAMS 0x0000000705e00000, 0x0000000705e00000| Untracked 
|  48|0x0000000706000000, 0x00000007061b1890, 0x0000000706200000| 84%| S|CS|TAMS 0x0000000706000000, 0x0000000706000000| Complete 
|  49|0x0000000706200000, 0x0000000706400000, 0x0000000706400000|100%| S|CS|TAMS 0x0000000706200000, 0x0000000706200000| Complete 
|  50|0x0000000706400000, 0x0000000706600000, 0x0000000706600000|100%| S|CS|TAMS 0x0000000706400000, 0x0000000706400000| Complete 
|  51|0x0000000706600000, 0x0000000706800000, 0x0000000706800000|100%| S|CS|TAMS 0x0000000706600000, 0x0000000706600000| Complete 
|  52|0x0000000706800000, 0x0000000706800000, 0x0000000706a00000|  0%| F|  |TAMS 0x0000000706800000, 0x0000000706800000| Untracked 
|  53|0x0000000706a00000, 0x0000000706a00000, 0x0000000706c00000|  0%| F|  |TAMS 0x0000000706a00000, 0x0000000706a00000| Untracked 
|  54|0x0000000706c00000, 0x0000000706c00000, 0x0000000706e00000|  0%| F|  |TAMS 0x0000000706c00000, 0x0000000706c00000| Untracked 
|  55|0x0000000706e00000, 0x0000000706e00000, 0x0000000707000000|  0%| F|  |TAMS 0x0000000706e00000, 0x0000000706e00000| Untracked 
|  56|0x0000000707000000, 0x0000000707000000, 0x0000000707200000|  0%| F|  |TAMS 0x0000000707000000, 0x0000000707000000| Untracked 
|  57|0x0000000707200000, 0x0000000707200000, 0x0000000707400000|  0%| F|  |TAMS 0x0000000707200000, 0x0000000707200000| Untracked 
|  58|0x0000000707400000, 0x0000000707400000, 0x0000000707600000|  0%| F|  |TAMS 0x0000000707400000, 0x0000000707400000| Untracked 
|  59|0x0000000707600000, 0x0000000707600000, 0x0000000707800000|  0%| F|  |TAMS 0x0000000707600000, 0x0000000707600000| Untracked 
|  60|0x0000000707800000, 0x0000000707800000, 0x0000000707a00000|  0%| F|  |TAMS 0x0000000707800000, 0x0000000707800000| Untracked 
|  61|0x0000000707a00000, 0x0000000707a00000, 0x0000000707c00000|  0%| F|  |TAMS 0x0000000707a00000, 0x0000000707a00000| Untracked 
|  62|0x0000000707c00000, 0x0000000707c00000, 0x0000000707e00000|  0%| F|  |TAMS 0x0000000707c00000, 0x0000000707c00000| Untracked 
|  63|0x0000000707e00000, 0x0000000707e00000, 0x0000000708000000|  0%| F|  |TAMS 0x0000000707e00000, 0x0000000707e00000| Untracked 
|  64|0x0000000708000000, 0x0000000708000000, 0x0000000708200000|  0%| F|  |TAMS 0x0000000708000000, 0x0000000708000000| Untracked 
|  65|0x0000000708200000, 0x0000000708200000, 0x0000000708400000|  0%| F|  |TAMS 0x0000000708200000, 0x0000000708200000| Untracked 
|  66|0x0000000708400000, 0x0000000708400000, 0x0000000708600000|  0%| F|  |TAMS 0x0000000708400000, 0x0000000708400000| Untracked 
|  67|0x0000000708600000, 0x0000000708600000, 0x0000000708800000|  0%| F|  |TAMS 0x0000000708600000, 0x0000000708600000| Untracked 
|  68|0x0000000708800000, 0x0000000708800000, 0x0000000708a00000|  0%| F|  |TAMS 0x0000000708800000, 0x0000000708800000| Untracked 
|  69|0x0000000708a00000, 0x0000000708bc5380, 0x0000000708c00000| 88%| E|  |TAMS 0x0000000708a00000, 0x0000000708a00000| Complete 
|  70|0x0000000708c00000, 0x0000000708e00000, 0x0000000708e00000|100%| E|CS|TAMS 0x0000000708c00000, 0x0000000708c00000| Complete 
|  71|0x0000000708e00000, 0x0000000709000000, 0x0000000709000000|100%| E|CS|TAMS 0x0000000708e00000, 0x0000000708e00000| Complete 
|  72|0x0000000709000000, 0x0000000709200000, 0x0000000709200000|100%| E|CS|TAMS 0x0000000709000000, 0x0000000709000000| Complete 
|  73|0x0000000709200000, 0x0000000709400000, 0x0000000709400000|100%| E|CS|TAMS 0x0000000709200000, 0x0000000709200000| Complete 
|  74|0x0000000709400000, 0x0000000709600000, 0x0000000709600000|100%| E|CS|TAMS 0x0000000709400000, 0x0000000709400000| Complete 
| 126|0x000000070fc00000, 0x000000070fe00000, 0x000000070fe00000|100%| E|CS|TAMS 0x000000070fc00000, 0x000000070fc00000| Complete 

Card table byte_map: [0x000001b2c13a0000,0x000001b2c1ba0000] _byte_map_base: 0x000001b2bdba0000

Marking Bits (Prev, Next): (CMBitMap*) 0x000001b2a7e46580, (CMBitMap*) 0x000001b2a7e46540
 Prev Bits: [0x000001b2c63a0000, 0x000001b2ca3a0000)
 Next Bits: [0x000001b2c23a0000, 0x000001b2c63a0000)

Polling page: 0x000001b2a9650000

Metaspace:

Usage:
  Non-class:     68.83 MB used.
      Class:     11.09 MB used.
       Both:     79.92 MB used.

Virtual space:
  Non-class space:      128.00 MB reserved,      69.31 MB ( 54%) committed,  2 nodes.
      Class space:      832.00 MB reserved,      11.56 MB (  1%) committed,  1 nodes.
             Both:      960.00 MB reserved,      80.88 MB (  8%) committed. 

Chunk freelists:
   Non-Class:  10.59 MB
       Class:  4.48 MB
        Both:  15.08 MB

MaxMetaspaceSize: 1.00 GB
CompressedClassSpaceSize: 832.00 MB
Initial GC threshold: 21.00 MB
Current GC threshold: 98.25 MB
CDS: on
MetaspaceReclaimPolicy: balanced
 - commit_granule_bytes: 65536.
 - commit_granule_words: 8192.
 - virtual_space_node_default_size: 8388608.
 - enlarge_chunks_in_place: 1.
 - new_chunks_are_fully_committed: 0.
 - uncommit_free_chunks: 1.
 - use_allocation_guard: 0.
 - handle_deallocations: 1.


Internal statistics:

num_allocs_failed_limit: 9.
num_arena_births: 1282.
num_arena_deaths: 0.
num_vsnodes_births: 3.
num_vsnodes_deaths: 0.
num_space_committed: 1294.
num_space_uncommitted: 0.
num_chunks_returned_to_freelist: 9.
num_chunks_taken_from_freelist: 4984.
num_chunk_merges: 9.
num_chunk_splits: 3146.
num_chunks_enlarged: 1927.
num_inconsistent_stats: 0.

CodeHeap 'non-profiled nmethods': size=120000Kb used=6089Kb max_used=6089Kb free=113910Kb
 bounds [0x000001b2b8ae0000, 0x000001b2b90e0000, 0x000001b2c0010000]
CodeHeap 'profiled nmethods': size=120000Kb used=18285Kb max_used=18285Kb free=101715Kb
 bounds [0x000001b2b1010000, 0x000001b2b21f0000, 0x000001b2b8540000]
CodeHeap 'non-nmethods': size=5760Kb used=2393Kb max_used=2473Kb free=3366Kb
 bounds [0x000001b2b8540000, 0x000001b2b87c0000, 0x000001b2b8ae0000]
 total_blobs=10654 nmethods=9727 adapters=839
 compilation: enabled
              stopped_count=0, restarted_count=0
 full_count=0

Compilation events (20 events):
Event: 38.665 Thread 0x000001b2cd068b80 11162       3       org.gradle.internal.snapshot.impl.HashCodeSnapshot::appendToHasher (14 bytes)
Event: 38.666 Thread 0x000001b2cd068b80 nmethod 11162 0x000001b2b21d0910 code [0x000001b2b21d0b20, 0x000001b2b21d1238]
Event: 38.666 Thread 0x000001b2cd068b80 11163       3       com.google.common.collect.CollectCollectors$$Lambda$474/0x000001b2cf436f78::accept (17 bytes)
Event: 38.666 Thread 0x000001b2cd068b80 nmethod 11163 0x000001b2b21d1510 code [0x000001b2b21d16e0, 0x000001b2b21d1bc8]
Event: 38.666 Thread 0x000001b2cd068b80 11154   !   3       sun.nio.ch.FileChannelImpl::position (273 bytes)
Event: 38.667 Thread 0x000001b2cd068b80 nmethod 11154 0x000001b2b21d1d90 code [0x000001b2b21d2080, 0x000001b2b21d3208]
Event: 38.667 Thread 0x000001b2cd068b80 11166       3       sun.nio.ch.ChannelInputStream::available (54 bytes)
Event: 38.667 Thread 0x000001b2cd068b80 nmethod 11166 0x000001b2b21d3b10 code [0x000001b2b21d3d00, 0x000001b2b21d4318]
Event: 38.667 Thread 0x000001b2cd068b80 11164       1       org.gradle.api.internal.artifacts.transform.TransformingAsyncArtifactListener$1::requireArtifactFiles (2 bytes)
Event: 38.667 Thread 0x000001b2cd068b80 nmethod 11164 0x000001b2b90ca310 code [0x000001b2b90ca4a0, 0x000001b2b90ca578]
Event: 38.669 Thread 0x000001b2cd068b80 11167       3       org.gradle.api.internal.artifacts.ivyservice.resolveengine.artifact.EndCollection::<init> (10 bytes)
Event: 38.669 Thread 0x000001b2cd068b80 nmethod 11167 0x000001b2b21d4510 code [0x000001b2b21d46a0, 0x000001b2b21d4858]
Event: 38.669 Thread 0x000001b2cd068b80 11168       3       org.gradle.api.internal.artifacts.ivyservice.resolveengine.artifact.EndCollection::startFinalization (1 bytes)
Event: 38.669 Thread 0x000001b2cd068b80 nmethod 11168 0x000001b2b21d4910 code [0x000001b2b21d4aa0, 0x000001b2b21d4bb8]
Event: 38.690 Thread 0x000001b2cd068b80 11170       3       org.gradle.api.internal.artifacts.transform.TransformExecutionResult$Builder$MixedInputAndProducedOutputResult$$Lambda$976/0x000001b2cf6b7748::apply (12 bytes)
Event: 38.690 Thread 0x000001b2cd068b80 nmethod 11170 0x000001b2b21d4c90 code [0x000001b2b21d4e40, 0x000001b2b21d5188]
Event: 38.690 Thread 0x000001b2cd068b80 11171       3       org.gradle.api.internal.artifacts.transform.TransformExecutionResult$Builder$MixedInputAndProducedOutputResult::lambda$resolveForWorkspace$0 (8 bytes)
Event: 38.690 Thread 0x000001b2cd068b80 nmethod 11171 0x000001b2b21d5290 code [0x000001b2b21d5440, 0x000001b2b21d5608]
Event: 39.060 Thread 0x000001b2cd068b80 11172       3       java.util.HashMap$ValueSpliterator::characteristics (28 bytes)
Event: 39.060 Thread 0x000001b2cd068b80 nmethod 11172 0x000001b2b21d5710 code [0x000001b2b21d58c0, 0x000001b2b21d5a98]

GC Heap History (20 events):
Event: 13.124 GC heap before
{Heap before GC invocations=13 (full 0):
 garbage-first heap   total 155648K, used 114083K [0x0000000700000000, 0x0000000800000000)
  region size 2048K, 38 young (77824K), 1 survivors (2048K)
 Metaspace       used 47362K, committed 48000K, reserved 917504K
  class space    used 6635K, committed 6976K, reserved 851968K
}
Event: 13.127 GC heap after
{Heap after GC invocations=14 (full 0):
 garbage-first heap   total 155648K, used 41245K [0x0000000700000000, 0x0000000800000000)
  region size 2048K, 2 young (4096K), 2 survivors (4096K)
 Metaspace       used 47362K, committed 48000K, reserved 917504K
  class space    used 6635K, committed 6976K, reserved 851968K
}
Event: 14.812 GC heap before
{Heap before GC invocations=14 (full 0):
 garbage-first heap   total 155648K, used 119069K [0x0000000700000000, 0x0000000800000000)
  region size 2048K, 40 young (81920K), 2 survivors (4096K)
 Metaspace       used 55002K, committed 55680K, reserved 917504K
  class space    used 7706K, committed 8000K, reserved 851968K
}
Event: 14.816 GC heap after
{Heap after GC invocations=15 (full 0):
 garbage-first heap   total 155648K, used 45152K [0x0000000700000000, 0x0000000800000000)
  region size 2048K, 4 young (8192K), 4 survivors (8192K)
 Metaspace       used 55002K, committed 55680K, reserved 917504K
  class space    used 7706K, committed 8000K, reserved 851968K
}
Event: 19.129 GC heap before
{Heap before GC invocations=15 (full 0):
 garbage-first heap   total 155648K, used 125024K [0x0000000700000000, 0x0000000800000000)
  region size 2048K, 41 young (83968K), 4 survivors (8192K)
 Metaspace       used 59413K, committed 60096K, reserved 917504K
  class space    used 8295K, committed 8640K, reserved 851968K
}
Event: 19.135 GC heap after
{Heap after GC invocations=16 (full 0):
 garbage-first heap   total 155648K, used 58871K [0x0000000700000000, 0x0000000800000000)
  region size 2048K, 5 young (10240K), 5 survivors (10240K)
 Metaspace       used 59413K, committed 60096K, reserved 917504K
  class space    used 8295K, committed 8640K, reserved 851968K
}
Event: 21.547 GC heap before
{Heap before GC invocations=17 (full 0):
 garbage-first heap   total 155648K, used 122359K [0x0000000700000000, 0x0000000800000000)
  region size 2048K, 36 young (73728K), 5 survivors (10240K)
 Metaspace       used 63945K, committed 64704K, reserved 917504K
  class space    used 8971K, committed 9344K, reserved 851968K
}
Event: 21.552 GC heap after
{Heap after GC invocations=18 (full 0):
 garbage-first heap   total 155648K, used 61453K [0x0000000700000000, 0x0000000800000000)
  region size 2048K, 4 young (8192K), 4 survivors (8192K)
 Metaspace       used 63945K, committed 64704K, reserved 917504K
  class space    used 8971K, committed 9344K, reserved 851968K
}
Event: 21.591 GC heap before
{Heap before GC invocations=18 (full 0):
 garbage-first heap   total 155648K, used 63501K [0x0000000700000000, 0x0000000800000000)
  region size 2048K, 5 young (10240K), 4 survivors (8192K)
 Metaspace       used 64109K, committed 64832K, reserved 917504K
  class space    used 8996K, committed 9344K, reserved 851968K
}
Event: 21.596 GC heap after
{Heap after GC invocations=19 (full 0):
 garbage-first heap   total 155648K, used 61801K [0x0000000700000000, 0x0000000800000000)
  region size 2048K, 1 young (2048K), 1 survivors (2048K)
 Metaspace       used 64109K, committed 64832K, reserved 917504K
  class space    used 8996K, committed 9344K, reserved 851968K
}
Event: 23.055 GC heap before
{Heap before GC invocations=19 (full 0):
 garbage-first heap   total 155648K, used 125289K [0x0000000700000000, 0x0000000800000000)
  region size 2048K, 32 young (65536K), 1 survivors (2048K)
 Metaspace       used 67531K, committed 68288K, reserved 917504K
  class space    used 9530K, committed 9856K, reserved 851968K
}
Event: 23.058 GC heap after
{Heap after GC invocations=20 (full 0):
 garbage-first heap   total 155648K, used 63179K [0x0000000700000000, 0x0000000800000000)
  region size 2048K, 2 young (4096K), 2 survivors (4096K)
 Metaspace       used 67531K, committed 68288K, reserved 917504K
  class space    used 9530K, committed 9856K, reserved 851968K
}
Event: 25.578 GC heap before
{Heap before GC invocations=20 (full 0):
 garbage-first heap   total 155648K, used 124619K [0x0000000700000000, 0x0000000800000000)
  region size 2048K, 32 young (65536K), 2 survivors (4096K)
 Metaspace       used 70322K, committed 71296K, reserved 917504K
  class space    used 9925K, committed 10368K, reserved 851968K
}
Event: 25.582 GC heap after
{Heap after GC invocations=21 (full 0):
 garbage-first heap   total 155648K, used 66323K [0x0000000700000000, 0x0000000800000000)
  region size 2048K, 3 young (6144K), 3 survivors (6144K)
 Metaspace       used 70322K, committed 71296K, reserved 917504K
  class space    used 9925K, committed 10368K, reserved 851968K
}
Event: 31.752 GC heap before
{Heap before GC invocations=21 (full 0):
 garbage-first heap   total 155648K, used 125715K [0x0000000700000000, 0x0000000800000000)
  region size 2048K, 32 young (65536K), 3 survivors (6144K)
 Metaspace       used 74532K, committed 75456K, reserved 917504K
  class space    used 10603K, committed 11072K, reserved 851968K
}
Event: 31.761 GC heap after
{Heap after GC invocations=22 (full 0):
 garbage-first heap   total 155648K, used 70379K [0x0000000700000000, 0x0000000800000000)
  region size 2048K, 4 young (8192K), 4 survivors (8192K)
 Metaspace       used 74532K, committed 75456K, reserved 917504K
  class space    used 10603K, committed 11072K, reserved 851968K
}
Event: 34.005 GC heap before
{Heap before GC invocations=22 (full 0):
 garbage-first heap   total 155648K, used 129771K [0x0000000700000000, 0x0000000800000000)
  region size 2048K, 32 young (65536K), 4 survivors (8192K)
 Metaspace       used 80235K, committed 81152K, reserved 983040K
  class space    used 11205K, committed 11648K, reserved 851968K
}
Event: 34.010 GC heap after
{Heap after GC invocations=23 (full 0):
 garbage-first heap   total 155648K, used 77646K [0x0000000700000000, 0x0000000800000000)
  region size 2048K, 4 young (8192K), 4 survivors (8192K)
 Metaspace       used 80235K, committed 81152K, reserved 983040K
  class space    used 11205K, committed 11648K, reserved 851968K
}
Event: 38.547 GC heap before
{Heap before GC invocations=23 (full 0):
 garbage-first heap   total 155648K, used 124750K [0x0000000700000000, 0x0000000800000000)
  region size 2048K, 28 young (57344K), 4 survivors (8192K)
 Metaspace       used 81760K, committed 82752K, reserved 983040K
  class space    used 11357K, committed 11840K, reserved 851968K
}
Event: 38.553 GC heap after
{Heap after GC invocations=24 (full 0):
 garbage-first heap   total 155648K, used 82235K [0x0000000700000000, 0x0000000800000000)
  region size 2048K, 4 young (8192K), 4 survivors (8192K)
 Metaspace       used 81760K, committed 82752K, reserved 983040K
  class space    used 11357K, committed 11840K, reserved 851968K
}

Deoptimization events (20 events):
Event: 37.949 Thread 0x000001b2cd3c98a0 DEOPT UNPACKING pc=0x000001b2b85923a3 sp=0x0000003bfdcfe3c8 mode 2
Event: 37.952 Thread 0x000001b2cd3c60f0 DEOPT PACKING pc=0x000001b2b120c995 sp=0x0000003bfd5fb9b0
Event: 37.952 Thread 0x000001b2cd3c60f0 DEOPT UNPACKING pc=0x000001b2b8592b43 sp=0x0000003bfd5faee8 mode 0
Event: 37.977 Thread 0x000001b2cd3c60f0 DEOPT PACKING pc=0x000001b2b120c9ed sp=0x0000003bfd5f99e0
Event: 37.977 Thread 0x000001b2cd3c60f0 DEOPT UNPACKING pc=0x000001b2b8592b43 sp=0x0000003bfd5f8f18 mode 0
Event: 38.535 Thread 0x000001b2cd3c98a0 Uncommon trap: trap_request=0xffffffde fr.pc=0x000001b2b8cb6a04 relative=0x00000000000001c4
Event: 38.535 Thread 0x000001b2cd3c98a0 Uncommon trap: reason=class_check action=maybe_recompile pc=0x000001b2b8cb6a04 method=java.io.BufferedInputStream.read1([BII)I @ 39 c2
Event: 38.535 Thread 0x000001b2cd3c98a0 DEOPT PACKING pc=0x000001b2b8cb6a04 sp=0x0000003bfdcfe400
Event: 38.535 Thread 0x000001b2cd3c98a0 DEOPT UNPACKING pc=0x000001b2b85923a3 sp=0x0000003bfdcfe3a8 mode 2
Event: 38.535 Thread 0x000001b2cd3c98a0 Uncommon trap: trap_request=0xffffff45 fr.pc=0x000001b2b8d4e484 relative=0x00000000000002e4
Event: 38.536 Thread 0x000001b2cd3c98a0 Uncommon trap: reason=unstable_if action=reinterpret pc=0x000001b2b8d4e484 method=java.io.BufferedOutputStream.write([BII)V @ 6 c2
Event: 38.536 Thread 0x000001b2cd3c98a0 DEOPT PACKING pc=0x000001b2b8d4e484 sp=0x0000003bfdcfe160
Event: 38.536 Thread 0x000001b2cd3c98a0 DEOPT UNPACKING pc=0x000001b2b85923a3 sp=0x0000003bfdcfe108 mode 2
Event: 38.536 Thread 0x000001b307f3fe50 Uncommon trap: trap_request=0xffffff45 fr.pc=0x000001b2b8c82e74 relative=0x0000000000001a34
Event: 38.536 Thread 0x000001b307f3fe50 Uncommon trap: reason=unstable_if action=reinterpret pc=0x000001b2b8c82e74 method=java.util.concurrent.locks.AbstractQueuedSynchronizer.acquire(Ljava/util/concurrent/locks/AbstractQueuedSynchronizer$Node;IZZZJ)I @ 180 c2
Event: 38.536 Thread 0x000001b307f3fe50 DEOPT PACKING pc=0x000001b2b8c82e74 sp=0x0000003bf77f7e90
Event: 38.536 Thread 0x000001b307f3fe50 DEOPT UNPACKING pc=0x000001b2b85923a3 sp=0x0000003bf77f7e80 mode 2
Event: 38.669 Thread 0x000001b307f3fe50 Uncommon trap: trap_request=0xffffff45 fr.pc=0x000001b2b90c7974 relative=0x0000000000000654
Event: 38.669 Thread 0x000001b307f3fe50 Uncommon trap: reason=unstable_if action=reinterpret pc=0x000001b2b90c7974 method=org.gradle.internal.snapshot.PathUtil.equalChars(CCLorg/gradle/internal/snapshot/CaseSensitivity;)Z @ 11 c2
Event: 38.669 Thread 0x000001b307f3fe50 DEOPT PACKING pc=0x000001b2b90c7974 sp=0x0000003bf77f1e30

Classes unloaded (0 events):
No events

Classes redefined (0 events):
No events

Internal exceptions (20 events):
Event: 34.988 Thread 0x000001b307f3fe50 Exception <a 'java/lang/ClassNotFoundException'{0x0000000708939228}: org/gradle/api/internal/project/ProjectScriptCustomizer> (0x0000000708939228) 
thrown [s\open\src\hotspot\share\classfile\systemDictionary.cpp, line 256]
Event: 34.988 Thread 0x000001b307f3fe50 Exception <a 'java/lang/ClassNotFoundException'{0x0000000708952220}: build_4ai10molta5azap7xr4a06croCustomizer> (0x0000000708952220) 
thrown [s\open\src\hotspot\share\classfile\systemDictionary.cpp, line 256]
Event: 35.012 Thread 0x000001b307f3fe50 Exception <a 'java/lang/ClassNotFoundException'{0x000000070858b9e0}: org/gradle/api/internal/artifacts/dsl/DefaultRepositoryHandler_DecoratedBeanInfo> (0x000000070858b9e0) 
thrown [s\open\src\hotspot\share\classfile\systemDictionary.cpp, line 256]
Event: 35.012 Thread 0x000001b307f3fe50 Exception <a 'java/lang/ClassNotFoundException'{0x00000007085a4870}: org/gradle/api/internal/artifacts/dsl/DefaultRepositoryHandlerBeanInfo> (0x00000007085a4870) 
thrown [s\open\src\hotspot\share\classfile\systemDictionary.cpp, line 256]
Event: 35.013 Thread 0x000001b307f3fe50 Exception <a 'java/lang/ClassNotFoundException'{0x00000007085be410}: org/gradle/api/internal/artifacts/DefaultArtifactRepositoryContainerBeanInfo> (0x00000007085be410) 
thrown [s\open\src\hotspot\share\classfile\systemDictionary.cpp, line 256]
Event: 35.013 Thread 0x000001b307f3fe50 Exception <a 'java/lang/ClassNotFoundException'{0x00000007085d55d8}: org/gradle/api/internal/DefaultNamedDomainObjectListBeanInfo> (0x00000007085d55d8) 
thrown [s\open\src\hotspot\share\classfile\systemDictionary.cpp, line 256]
Event: 35.014 Thread 0x000001b307f3fe50 Exception <a 'java/lang/ClassNotFoundException'{0x00000007085ed470}: org/gradle/api/internal/DefaultNamedDomainObjectCollectionBeanInfo> (0x00000007085ed470) 
thrown [s\open\src\hotspot\share\classfile\systemDictionary.cpp, line 256]
Event: 35.014 Thread 0x000001b307f3fe50 Exception <a 'java/lang/ClassNotFoundException'{0x0000000708205240}: org/gradle/api/internal/DefaultNamedDomainObjectCollectionCustomizer> (0x0000000708205240) 
thrown [s\open\src\hotspot\share\classfile\systemDictionary.cpp, line 256]
Event: 35.015 Thread 0x000001b307f3fe50 Exception <a 'java/lang/ClassNotFoundException'{0x0000000708244df0}: org/gradle/api/internal/DefaultNamedDomainObjectListCustomizer> (0x0000000708244df0) 
thrown [s\open\src\hotspot\share\classfile\systemDictionary.cpp, line 256]
Event: 35.016 Thread 0x000001b307f3fe50 Exception <a 'java/lang/ClassNotFoundException'{0x000000070827b2a8}: org/gradle/api/internal/artifacts/DefaultArtifactRepositoryContainerCustomizer> (0x000000070827b2a8) 
thrown [s\open\src\hotspot\share\classfile\systemDictionary.cpp, line 256]
Event: 35.017 Thread 0x000001b307f3fe50 Exception <a 'java/lang/ClassNotFoundException'{0x00000007082a6eb0}: org/gradle/api/internal/artifacts/dsl/DefaultRepositoryHandlerCustomizer> (0x00000007082a6eb0) 
thrown [s\open\src\hotspot\share\classfile\systemDictionary.cpp, line 256]
Event: 35.018 Thread 0x000001b307f3fe50 Exception <a 'java/lang/ClassNotFoundException'{0x00000007082e1c28}: org/gradle/api/internal/artifacts/dsl/DefaultRepositoryHandler_DecoratedCustomizer> (0x00000007082e1c28) 
thrown [s\open\src\hotspot\share\classfile\systemDictionary.cpp, line 256]
Event: 35.034 Thread 0x000001b307f3fe50 Exception <a 'java/lang/ClassNotFoundException'{0x0000000708391140}: org/gradle/api/internal/artifacts/dsl/dependencies/DefaultDependencyHandler_DecoratedBeanInfo> (0x0000000708391140) 
thrown [s\open\src\hotspot\share\classfile\systemDictionary.cpp, line 256]
Event: 35.035 Thread 0x000001b307f3fe50 Exception <a 'java/lang/ClassNotFoundException'{0x00000007083aa8f0}: org/gradle/api/internal/artifacts/dsl/dependencies/DefaultDependencyHandlerBeanInfo> (0x00000007083aa8f0) 
thrown [s\open\src\hotspot\share\classfile\systemDictionary.cpp, line 256]
Event: 35.035 Thread 0x000001b307f3fe50 Exception <a 'java/lang/ClassNotFoundException'{0x00000007083c4060}: org/gradle/api/internal/artifacts/dsl/dependencies/DefaultDependencyHandlerCustomizer> (0x00000007083c4060) 
thrown [s\open\src\hotspot\share\classfile\systemDictionary.cpp, line 256]
Event: 35.037 Thread 0x000001b307f3fe50 Exception <a 'java/lang/ClassNotFoundException'{0x00000007080063f0}: org/gradle/api/internal/artifacts/dsl/dependencies/DefaultDependencyHandler_DecoratedCustomizer> (0x00000007080063f0) 
thrown [s\open\src\hotspot\share\classfile\systemDictionary.cpp, line 256]
Event: 37.925 Thread 0x000001b2cd3c8970 Exception <a 'sun/nio/fs/WindowsException'{0x0000000706c51570}> (0x0000000706c51570) 
thrown [s\open\src\hotspot\share\prims\jni.cpp, line 516]
Event: 37.926 Thread 0x000001b2cd3c8970 Exception <a 'sun/nio/fs/WindowsException'{0x0000000706c53e80}> (0x0000000706c53e80) 
thrown [s\open\src\hotspot\share\prims\jni.cpp, line 516]
Event: 37.927 Thread 0x000001b2cd3c8970 Exception <a 'sun/nio/fs/WindowsException'{0x0000000706c56370}> (0x0000000706c56370) 
thrown [s\open\src\hotspot\share\prims\jni.cpp, line 516]
Event: 37.927 Thread 0x000001b2cd3c8970 Exception <a 'sun/nio/fs/WindowsException'{0x0000000706c58488}> (0x0000000706c58488) 
thrown [s\open\src\hotspot\share\prims\jni.cpp, line 516]

VM Operations (20 events):
Event: 32.382 Executing VM operation: ICBufferFull done
Event: 34.002 Executing VM operation: ICBufferFull
Event: 34.002 Executing VM operation: ICBufferFull done
Event: 34.002 Executing VM operation: ICBufferFull
Event: 34.003 Executing VM operation: ICBufferFull done
Event: 34.005 Executing VM operation: G1CollectForAllocation
Event: 34.010 Executing VM operation: G1CollectForAllocation done
Event: 35.022 Executing VM operation: Cleanup
Event: 35.022 Executing VM operation: Cleanup done
Event: 35.069 Executing VM operation: HandshakeAllThreads
Event: 35.069 Executing VM operation: HandshakeAllThreads done
Event: 36.065 Executing VM operation: Cleanup
Event: 36.066 Executing VM operation: Cleanup done
Event: 36.941 Executing VM operation: ICBufferFull
Event: 36.941 Executing VM operation: ICBufferFull done
Event: 36.941 Executing VM operation: ICBufferFull
Event: 36.942 Executing VM operation: ICBufferFull done
Event: 38.547 Executing VM operation: G1CollectForAllocation
Event: 38.554 Executing VM operation: G1CollectForAllocation done
Event: 39.559 Executing VM operation: Cleanup

Events (20 events):
Event: 34.824 loading class java/util/AbstractMap$2$1
Event: 34.824 loading class java/util/AbstractMap$2$1 done
Event: 34.932 Thread 0x000001b30af887a0 Thread added: 0x000001b30af887a0
Event: 36.565 loading class java/util/Collections$ReverseComparator
Event: 36.565 loading class java/util/Collections$ReverseComparator done
Event: 36.565 loading class java/util/Collections$ReverseComparator2
Event: 36.566 loading class java/util/Collections$ReverseComparator2 done
Event: 36.900 Thread 0x000001b308ef6f50 Thread added: 0x000001b308ef6f50
Event: 37.399 Thread 0x000001b308ef6f50 Thread exited: 0x000001b308ef6f50
Event: 37.678 Thread 0x000001b30af8ba40 Thread added: 0x000001b30af8ba40
Event: 37.678 Thread 0x000001b30af88290 Thread added: 0x000001b30af88290
Event: 37.679 Thread 0x000001b30af8bf50 Thread added: 0x000001b30af8bf50
Event: 37.680 Thread 0x000001b30af8c460 Thread added: 0x000001b30af8c460
Event: 37.680 Thread 0x000001b30af88cb0 Thread added: 0x000001b30af88cb0
Event: 37.681 Thread 0x000001b30af8f700 Thread added: 0x000001b30af8f700
Event: 37.687 Thread 0x000001b308ef5f60 Thread added: 0x000001b308ef5f60
Event: 37.838 Thread 0x000001b308ef5f60 Thread exited: 0x000001b308ef5f60
Event: 38.082 loading class jdk/internal/misc/ScopedMemoryAccess$Scope$Handle
Event: 38.082 loading class jdk/internal/misc/ScopedMemoryAccess$Scope$Handle done
Event: 38.544 Thread 0x000001b308ef8f30 Thread added: 0x000001b308ef8f30


Dynamic libraries:
0x00007ff6fa880000 - 0x00007ff6fa890000 	C:\Program Files\Java\jdk-17\bin\java.exe
0x00007ffb48700000 - 0x00007ffb48968000 	C:\WINDOWS\SYSTEM32\ntdll.dll
0x00007ffb47a70000 - 0x00007ffb47b39000 	C:\WINDOWS\System32\KERNEL32.DLL
0x00007ffb45bd0000 - 0x00007ffb45fbd000 	C:\WINDOWS\System32\KERNELBASE.dll
0x00007ffb46220000 - 0x00007ffb4636b000 	C:\WINDOWS\System32\ucrtbase.dll
0x00007ffb2c8f0000 - 0x00007ffb2c909000 	C:\Program Files\Java\jdk-17\bin\jli.dll
0x00007ffb29e00000 - 0x00007ffb29e1b000 	C:\Program Files\Java\jdk-17\bin\VCRUNTIME140.dll
0x00007ffb46c20000 - 0x00007ffb46cd4000 	C:\WINDOWS\System32\ADVAPI32.dll
0x00007ffb47080000 - 0x00007ffb47129000 	C:\WINDOWS\System32\msvcrt.dll
0x00007ffb48030000 - 0x00007ffb480d6000 	C:\WINDOWS\System32\sechost.dll
0x00007ffb47820000 - 0x00007ffb47938000 	C:\WINDOWS\System32\RPCRT4.dll
0x00007ffb47520000 - 0x00007ffb476ec000 	C:\WINDOWS\System32\USER32.dll
0x00007ffb45fc0000 - 0x00007ffb45fe7000 	C:\WINDOWS\System32\win32u.dll
0x00007ffb27d60000 - 0x00007ffb27ffa000 	C:\WINDOWS\WinSxS\amd64_microsoft.windows.common-controls_6595b64144ccf1df_6.0.26100.4484_none_3e0e6d4ce32ef3b3\COMCTL32.dll
0x00007ffb47d80000 - 0x00007ffb47dab000 	C:\WINDOWS\System32\GDI32.dll
0x00007ffb459d0000 - 0x00007ffb45b07000 	C:\WINDOWS\System32\gdi32full.dll
0x00007ffb45ff0000 - 0x00007ffb46093000 	C:\WINDOWS\System32\msvcp_win.dll
0x00007ffb36a90000 - 0x00007ffb36a9b000 	C:\WINDOWS\SYSTEM32\VERSION.dll
0x00007ffb47380000 - 0x00007ffb473af000 	C:\WINDOWS\System32\IMM32.DLL
0x00007ffb29bd0000 - 0x00007ffb29bdc000 	C:\Program Files\Java\jdk-17\bin\vcruntime140_1.dll
0x00007ffb14f20000 - 0x00007ffb14fae000 	C:\Program Files\Java\jdk-17\bin\msvcp140.dll
0x00007ffa8e220000 - 0x00007ffa8ee00000 	C:\Program Files\Java\jdk-17\bin\server\jvm.dll
0x00007ffb47db0000 - 0x00007ffb47db8000 	C:\WINDOWS\System32\PSAPI.DLL
0x00007ffb22f50000 - 0x00007ffb22f5a000 	C:\WINDOWS\SYSTEM32\WSOCK32.dll
0x00007ffb3d220000 - 0x00007ffb3d255000 	C:\WINDOWS\SYSTEM32\WINMM.dll
0x00007ffb477a0000 - 0x00007ffb47814000 	C:\WINDOWS\System32\WS2_32.dll
0x00007ffb445b0000 - 0x00007ffb445cb000 	C:\WINDOWS\SYSTEM32\kernel.appcore.dll
0x00007ffb29640000 - 0x00007ffb2964a000 	C:\Program Files\Java\jdk-17\bin\jimage.dll
0x00007ffb42ee0000 - 0x00007ffb43121000 	C:\WINDOWS\SYSTEM32\DBGHELP.DLL
0x00007ffb46ce0000 - 0x00007ffb47066000 	C:\WINDOWS\System32\combase.dll
0x00007ffb47430000 - 0x00007ffb47510000 	C:\WINDOWS\System32\OLEAUT32.dll
0x00007ffb2a580000 - 0x00007ffb2a5c3000 	C:\WINDOWS\SYSTEM32\dbgcore.DLL
0x00007ffb46400000 - 0x00007ffb46499000 	C:\WINDOWS\System32\bcryptPrimitives.dll
0x00007ffb27710000 - 0x00007ffb2771e000 	C:\Program Files\Java\jdk-17\bin\instrument.dll
0x00007ffb29010000 - 0x00007ffb29035000 	C:\Program Files\Java\jdk-17\bin\java.dll
0x00007ffb131c0000 - 0x00007ffb13297000 	C:\Program Files\Java\jdk-17\bin\jsvml.dll
0x00007ffb464a0000 - 0x00007ffb46bea000 	C:\WINDOWS\System32\SHELL32.dll
0x00007ffb460a0000 - 0x00007ffb46214000 	C:\WINDOWS\System32\wintypes.dll
0x00007ffb43470000 - 0x00007ffb43ccb000 	C:\WINDOWS\SYSTEM32\windows.storage.dll
0x00007ffb47940000 - 0x00007ffb47a35000 	C:\WINDOWS\System32\SHCORE.dll
0x00007ffb473c0000 - 0x00007ffb4742a000 	C:\WINDOWS\System32\shlwapi.dll
0x00007ffb45760000 - 0x00007ffb4578f000 	C:\WINDOWS\SYSTEM32\profapi.dll
0x00007ffb28030000 - 0x00007ffb28048000 	C:\Program Files\Java\jdk-17\bin\zip.dll
0x00007ffb28ff0000 - 0x00007ffb29009000 	C:\Program Files\Java\jdk-17\bin\net.dll
0x00007ffb3a500000 - 0x00007ffb3a61e000 	C:\WINDOWS\SYSTEM32\WINHTTP.dll
0x00007ffb44b20000 - 0x00007ffb44b8a000 	C:\WINDOWS\system32\mswsock.dll
0x00007ffb28fd0000 - 0x00007ffb28fe6000 	C:\Program Files\Java\jdk-17\bin\nio.dll
0x00007ffb291d0000 - 0x00007ffb291e0000 	C:\Program Files\Java\jdk-17\bin\verify.dll
0x00007ffb28000000 - 0x00007ffb28027000 	D:\AppNutrilfit\.gradle\native\1def1411415f61bf3af743bc5b6707747c0891f09f0c88961ee8f79bc544acac\windows-amd64\native-platform.dll
0x00007ffb09f10000 - 0x00007ffb09f88000 	D:\AppNutrilfit\.gradle\native\0.2.7\x86_64-windows-gnu\gradle-fileevents.dll
0x00007ffb291a0000 - 0x00007ffb291aa000 	C:\Program Files\Java\jdk-17\bin\management.dll
0x00007ffb29120000 - 0x00007ffb2912b000 	C:\Program Files\Java\jdk-17\bin\management_ext.dll
0x00007ffb43fc0000 - 0x00007ffb43ff3000 	C:\WINDOWS\SYSTEM32\IPHLPAPI.DLL
0x00007ffb47130000 - 0x00007ffb4713a000 	C:\WINDOWS\System32\NSI.dll
0x00007ffb3cde0000 - 0x00007ffb3cdff000 	C:\WINDOWS\SYSTEM32\dhcpcsvc6.DLL
0x00007ffb3a470000 - 0x00007ffb3a495000 	C:\WINDOWS\SYSTEM32\dhcpcsvc.DLL
0x00007ffb44050000 - 0x00007ffb44176000 	C:\WINDOWS\SYSTEM32\DNSAPI.dll
0x00007ffb44f00000 - 0x00007ffb44f1b000 	C:\WINDOWS\SYSTEM32\CRYPTSP.dll
0x00007ffb44510000 - 0x00007ffb4454b000 	C:\WINDOWS\system32\rsaenh.dll
0x00007ffb44bc0000 - 0x00007ffb44beb000 	C:\WINDOWS\SYSTEM32\USERENV.dll
0x00007ffb45730000 - 0x00007ffb45756000 	C:\WINDOWS\SYSTEM32\bcrypt.dll
0x00007ffb44ee0000 - 0x00007ffb44eec000 	C:\WINDOWS\SYSTEM32\CRYPTBASE.dll
0x00007ffb22f40000 - 0x00007ffb22f4e000 	C:\Program Files\Java\jdk-17\bin\sunmscapi.dll
0x00007ffb45850000 - 0x00007ffb459c7000 	C:\WINDOWS\System32\CRYPT32.dll
0x00007ffb450c0000 - 0x00007ffb450f0000 	C:\WINDOWS\SYSTEM32\ncrypt.dll
0x00007ffb45070000 - 0x00007ffb450af000 	C:\WINDOWS\SYSTEM32\NTASN1.dll
0x00007ffab57d0000 - 0x00007ffab57d8000 	C:\WINDOWS\system32\wshunix.dll

dbghelp: loaded successfully - version: 4.0.5 - missing functions: none
symbol engine: initialized successfully - sym options: 0x614 - pdb path: .;C:\Program Files\Java\jdk-17\bin;C:\WINDOWS\SYSTEM32;C:\WINDOWS\WinSxS\amd64_microsoft.windows.common-controls_6595b64144ccf1df_6.0.26100.4484_none_3e0e6d4ce32ef3b3;C:\Program Files\Java\jdk-17\bin\server;D:\AppNutrilfit\.gradle\native\1def1411415f61bf3af743bc5b6707747c0891f09f0c88961ee8f79bc544acac\windows-amd64;D:\AppNutrilfit\.gradle\native\0.2.7\x86_64-windows-gnu

VM Arguments:
jvm_args: --add-opens=java.base/java.lang=ALL-UNNAMED --add-opens=java.base/java.lang.invoke=ALL-UNNAMED --add-opens=java.base/java.util=ALL-UNNAMED --add-opens=java.prefs/java.util.prefs=ALL-UNNAMED --add-exports=jdk.compiler/com.sun.tools.javac.api=ALL-UNNAMED --add-exports=jdk.compiler/com.sun.tools.javac.util=ALL-UNNAMED --add-opens=java.base/java.util=ALL-UNNAMED --add-opens=java.prefs/java.util.prefs=ALL-UNNAMED --add-opens=java.base/java.nio.charset=ALL-UNNAMED --add-opens=java.base/java.net=ALL-UNNAMED --add-opens=java.base/java.util.concurrent.atomic=ALL-UNNAMED --add-opens=java.xml/javax.xml.namespace=ALL-UNNAMED -XX:MaxMetaspaceSize=1024m -Xmx4096m -Dfile.encoding=UTF-8 -Duser.country=FR -Duser.language=fr -Duser.variant -javaagent:D:\AppNutrilfit\.gradle\wrapper\dists\gradle-8.14.1-bin\baw1sv0jfoi8rxs14qo3h49cs\gradle-8.14.1\lib\agents\gradle-instrumentation-agent-8.14.1.jar 
java_command: org.gradle.launcher.daemon.bootstrap.GradleDaemon 8.14.1
java_class_path (initial): D:\AppNutrilfit\.gradle\wrapper\dists\gradle-8.14.1-bin\baw1sv0jfoi8rxs14qo3h49cs\gradle-8.14.1\lib\gradle-daemon-main-8.14.1.jar
Launcher Type: SUN_STANDARD

[Global flags]
     intx CICompilerCount                          = 4                                         {product} {ergonomic}
   size_t CompressedClassSpaceSize                 = 872415232                                 {product} {ergonomic}
     uint ConcGCThreads                            = 3                                         {product} {ergonomic}
     uint G1ConcRefinementThreads                  = 10                                        {product} {ergonomic}
   size_t G1HeapRegionSize                         = 2097152                                   {product} {ergonomic}
    uintx GCDrainStackTargetSize                   = 64                                        {product} {ergonomic}
   size_t InitialHeapSize                          = 266338304                                 {product} {ergonomic}
   size_t MarkStackSize                            = 4194304                                   {product} {ergonomic}
   size_t MaxHeapSize                              = 4294967296                                {product} {command line}
   size_t MaxMetaspaceSize                         = 1073741824                                {product} {command line}
   size_t MaxNewSize                               = 2575302656                                {product} {ergonomic}
   size_t MinHeapDeltaBytes                        = 2097152                                   {product} {ergonomic}
   size_t MinHeapSize                              = 8388608                                   {product} {ergonomic}
    uintx NonNMethodCodeHeapSize                   = 5839372                                {pd product} {ergonomic}
    uintx NonProfiledCodeHeapSize                  = 122909434                              {pd product} {ergonomic}
    uintx ProfiledCodeHeapSize                     = 122909434                              {pd product} {ergonomic}
    uintx ReservedCodeCacheSize                    = 251658240                              {pd product} {ergonomic}
     bool SegmentedCodeCache                       = true                                      {product} {ergonomic}
   size_t SoftMaxHeapSize                          = 4294967296                             {manageable} {ergonomic}
     bool UseCompressedClassPointers               = true                           {product lp64_product} {ergonomic}
     bool UseCompressedOops                        = true                           {product lp64_product} {ergonomic}
     bool UseG1GC                                  = true                                      {product} {ergonomic}
     bool UseLargePagesIndividualAllocation        = false                                  {pd product} {ergonomic}

Logging:
Log output configuration:
 #0: stdout all=warning uptime,level,tags
 #1: stderr all=off uptime,level,tags

Environment Variables:
JAVA_HOME=C:\Program Files\Java\jdk-17
CLASSPATH=.;D:\Etudes\S5\Mr Tahina\Projet_Prelevement\WEB-INF\lib\ojdbc5.jar;C:\Users\Adrianno\AppData\Local\Programs\Python\Python312;
PATH=C:\Program Files\Common Files\Oracle\Java\javapath;C:\Program Files\Java\jdk-17\bin;.;G:\app\Adrianno\product\11.2.0\dbhome_1\bin;C:\app\Adrianno\product\21c\dbhomeXE\bin;C:\WINDOWS\system32;C:\WINDOWS;C:\WINDOWS\System32\Wbem;C:\WINDOWS\System32\WindowsPowerShell\v1.0\;C:\WINDOWS\System32\OpenSSH\;C:\Program Files\NVIDIA Corporation\NVIDIA NvDLISR;C:\Program Files (x86)\NVIDIA Corporation\PhysX\Common;C:\Program Files\dotnet\;%JBOSS_HOME%\bin;C:\xampp\php;D:\Etudes\S5\Mr Tahina\apache-ant-1.10.15\bin;C:\Users\Adrianno\AppData\Roaming\nvm;C:\Program Files\nodejs;C:\Program Files\nodejs\;C:\Program Files\PostgreSQL\16\bin;C:\Program Files\Java\jdk-21\bin;C:\Program Files\Apache Software Foundation\Tomcat 10.0\webapps\apache-maven-3.8.8-bin\apache-maven-3.8.8\bin;D:\Etudes\S5\Mr Tahina\Foot\project-bolt-sb1-9gpezuju\project\lib;D:\Etudes\S5\Mr Tahina\horsJeux\native;D:\Etudes\S5\Mr Tahina\horsJeux\lib\opencv-490.jar;C:\Users\Adrianno\Downloads\opencv\build\java\opencv-4110.jar;C:\Users\Adrianno\Downloads\opencv\build\java\x64\opencv_java4110.dll;C:\composer;C:\xampp\php\extras\openssl;C:\ProgramData\ComposerSetup\bin;C:\Program Files\Git\cmd;C:\Program Files\Git\bin;C:\Users\Adrianno\scoop\shims;.;C:\Users\Adrianno\AppData\Local\Programs\Python\Launcher\;C:\Users\Adrianno\AppData\Local\Microsoft\WindowsApps;C:\Users\Adrianno\AppData\Local\Programs\Microsoft VS Code\bin;%JBOSS_HOME%\bin;C:\Program Files\Java\jdk-21\bin;C:\Users\Adrianno\AppData\Roaming\nvm;C:\Program Files\nodejs;C:\Users\Adrianno\AppData\Roaming\npm;C:\Program Files\PostgreSQL\16\bin;C:\xampp\php;C:\Users\Adrianno\.dotnet\tools;C:\Program Files\Apache Software Foundation\Tomcat 10.0\webapps\apache-maven-3.8.8-bin\apache-maven-3.8.8\bin;D:\Etudes\S5\Mr Tahina\horsJeux\native\opencv-490.jar;C:\Users\Adrianno\Downloads\opencv\build\bin\opencv_videoio_ffmpeg4110_64.dll;C:\Users\Adrianno\Downloads\opencv\build\java\opencv-4110.jar;C:\Users\Adrianno\AppData\Local\GitHubDesktop\bin;C:\Users\Adrianno\AppDat
USERNAME=Adrianno
OS=Windows_NT
PROCESSOR_IDENTIFIER=Intel64 Family 6 Model 158 Stepping 10, GenuineIntel



---------------  S Y S T E M  ---------------

OS:
 Windows 11 , 64 bit Build 26100 (10.0.26100.4484)
OS uptime: 0 days 1:50 hours
Hyper-V role detected

CPU: total 12 (initial active 12) (6 cores per cpu, 2 threads per core) family 6 model 158 stepping 10 microcode 0xde, cx8, cmov, fxsr, ht, mmx, 3dnowpref, sse, sse2, sse3, ssse3, sse4.1, sse4.2, popcnt, lzcnt, tsc, tscinvbit, avx, avx2, aes, erms, clmul, bmi1, bmi2, adx, fma, vzeroupper, clflush, clflushopt, hv

Memory: 4k page, system-wide physical 16234M (4525M free)
TotalPageFile size 31317M (AvailPageFile size 0M)
current process WorkingSet (physical memory assigned to process): 392M, peak: 392M
current process commit charge ("private bytes"): 440M, peak: 444M

vm_info: Java HotSpot(TM) 64-Bit Server VM (17.0.12+8-LTS-286) for windows-amd64 JRE (17.0.12+8-LTS-286), built on Jun  5 2024 06:46:59 by "mach5one" with MS VC++ 17.6 (VS2022)

END.
