#
# There is insufficient memory for the Java Runtime Environment to continue.
# Native memory allocation (malloc) failed to allocate 1254896 bytes for Chunk::new
# Possible reasons:
#   The system is out of physical RAM or swap space
#   The process is running with CompressedOops enabled, and the Java Heap may be blocking the growth of the native heap
# Possible solutions:
#   Reduce memory load on the system
#   Increase physical memory or swap space
#   Check if swap backing store is full
#   Decrease Java heap size (-Xmx/-Xms)
#   Decrease number of Java threads
#   Decrease Java thread stack sizes (-Xss)
#   Set larger code cache with -XX:ReservedCodeCacheSize=
#   JVM is running with Zero Based Compressed Oops mode in which the Java heap is
#     placed in the first 32GB address space. The Java Heap base address is the
#     maximum limit for the native heap growth. Please use -XX:HeapBaseMinAddress
#     to set the Java Heap base and to place the Java Heap above 32GB virtual address.
# This output file may be truncated or incomplete.
#
#  Out of Memory Error (arena.cpp:189), pid=23476, tid=20544
#
# JRE version: Java(TM) SE Runtime Environment (17.0.12+8) (build 17.0.12+8-LTS-286)
# Java VM: Java HotSpot(TM) 64-Bit Server VM (17.0.12+8-LTS-286, mixed mode, sharing, tiered, compressed oops, compressed class ptrs, g1 gc, windows-amd64)
# No core dump will be written. Minidumps are not enabled by default on client versions of Windows
#

---------------  S U M M A R Y ------------

Command Line: --add-opens=java.base/java.lang=ALL-UNNAMED --add-opens=java.base/java.lang.invoke=ALL-UNNAMED --add-opens=java.base/java.util=ALL-UNNAMED --add-opens=java.prefs/java.util.prefs=ALL-UNNAMED --add-exports=jdk.compiler/com.sun.tools.javac.api=ALL-UNNAMED --add-exports=jdk.compiler/com.sun.tools.javac.util=ALL-UNNAMED --add-opens=java.base/java.util=ALL-UNNAMED --add-opens=java.prefs/java.util.prefs=ALL-UNNAMED --add-opens=java.base/java.nio.charset=ALL-UNNAMED --add-opens=java.base/java.net=ALL-UNNAMED --add-opens=java.base/java.util.concurrent.atomic=ALL-UNNAMED --add-opens=java.xml/javax.xml.namespace=ALL-UNNAMED -XX:MaxMetaspaceSize=1024m -Xmx4096m -Dfile.encoding=UTF-8 -Duser.country=FR -Duser.language=fr -Duser.variant -javaagent:D:\AppNutrilfit\.gradle\wrapper\dists\gradle-8.14.1-bin\baw1sv0jfoi8rxs14qo3h49cs\gradle-8.14.1\lib\agents\gradle-instrumentation-agent-8.14.1.jar org.gradle.launcher.daemon.bootstrap.GradleDaemon 8.14.1

Host: Intel(R) Core(TM) i7-8750H CPU @ 2.20GHz, 12 cores, 15G,  Windows 11 , 64 bit Build 26100 (10.0.26100.4484)
Time: Thu Aug  7 20:34:11 2025 Arabie  elapsed time: 9.676907 seconds (0d 0h 0m 9s)

---------------  T H R E A D  ---------------

Current thread (0x00000210f702cb00):  JavaThread "C2 CompilerThread0" daemon [_thread_in_native, id=20544, stack(0x0000003910e00000,0x0000003910f00000)]


Current CompileTask:
C2:   9677 2251       4       jdk.internal.org.objectweb.asm.Frame::execute (2305 bytes)

Stack: [0x0000003910e00000,0x0000003910f00000]
Native frames: (J=compiled Java code, j=interpreted, Vv=VM code, C=native code)
V  [jvm.dll+0x67a04a]
V  [jvm.dll+0x7da4ed]
V  [jvm.dll+0x7dbe33]
V  [jvm.dll+0x7dc4a3]
V  [jvm.dll+0x24508f]
V  [jvm.dll+0xab773]
V  [jvm.dll+0xabd3c]
V  [jvm.dll+0x361bee]
V  [jvm.dll+0x1ba45a]
V  [jvm.dll+0x216997]
V  [jvm.dll+0x215c6f]
V  [jvm.dll+0x1a2960]
V  [jvm.dll+0x22610b]
V  [jvm.dll+0x2242ab]
V  [jvm.dll+0x79075c]
V  [jvm.dll+0x78abea]
V  [jvm.dll+0x678f35]
C  [ucrtbase.dll+0x37b0]
C  [KERNEL32.DLL+0x2e8d7]
C  [ntdll.dll+0x3c34c]


---------------  P R O C E S S  ---------------

Threads class SMR info:
_java_thread_list=0x00000210fc6b2fb0, length=22, elements={
0x000002109e108600, 0x00000210f700fde0, 0x00000210f70108b0, 0x00000210f70254b0,
0x00000210f7025d80, 0x00000210f7027e70, 0x00000210f7028740, 0x00000210f702cb00,
0x00000210f702d410, 0x00000210f70304d0, 0x00000210c1396360, 0x00000210f72321f0,
0x00000210fc50d810, 0x00000210f71b5160, 0x00000210f780bce0, 0x00000210fc4bd530,
0x00000210fc61e1d0, 0x00000210f713e090, 0x00000210f713d160, 0x00000210f713f9e0,
0x00000210f7140400, 0x00000210f713d670
}

Java Threads: ( => current thread )
  0x000002109e108600 JavaThread "main" [_thread_blocked, id=23340, stack(0x0000003910100000,0x0000003910200000)]
  0x00000210f700fde0 JavaThread "Reference Handler" daemon [_thread_blocked, id=22860, stack(0x0000003910800000,0x0000003910900000)]
  0x00000210f70108b0 JavaThread "Finalizer" daemon [_thread_blocked, id=21856, stack(0x0000003910900000,0x0000003910a00000)]
  0x00000210f70254b0 JavaThread "Signal Dispatcher" daemon [_thread_blocked, id=22340, stack(0x0000003910a00000,0x0000003910b00000)]
  0x00000210f7025d80 JavaThread "Attach Listener" daemon [_thread_blocked, id=21468, stack(0x0000003910b00000,0x0000003910c00000)]
  0x00000210f7027e70 JavaThread "Service Thread" daemon [_thread_blocked, id=22368, stack(0x0000003910c00000,0x0000003910d00000)]
  0x00000210f7028740 JavaThread "Monitor Deflation Thread" daemon [_thread_blocked, id=20576, stack(0x0000003910d00000,0x0000003910e00000)]
=>0x00000210f702cb00 JavaThread "C2 CompilerThread0" daemon [_thread_in_native, id=20544, stack(0x0000003910e00000,0x0000003910f00000)]
  0x00000210f702d410 JavaThread "C1 CompilerThread0" daemon [_thread_blocked, id=22732, stack(0x0000003910f00000,0x0000003911000000)]
  0x00000210f70304d0 JavaThread "Sweeper thread" daemon [_thread_blocked, id=22712, stack(0x0000003911000000,0x0000003911100000)]
  0x00000210c1396360 JavaThread "Common-Cleaner" daemon [_thread_blocked, id=6620, stack(0x0000003911100000,0x0000003911200000)]
  0x00000210f72321f0 JavaThread "Notification Thread" daemon [_thread_blocked, id=22592, stack(0x0000003911200000,0x0000003911300000)]
  0x00000210fc50d810 JavaThread "Daemon health stats" [_thread_blocked, id=22456, stack(0x0000003911500000,0x0000003911600000)]
  0x00000210f71b5160 JavaThread "Incoming local TCP Connector on port 56634" [_thread_in_native, id=18172, stack(0x0000003911d00000,0x0000003911e00000)]
  0x00000210f780bce0 JavaThread "Daemon periodic checks" [_thread_blocked, id=21936, stack(0x0000003911e00000,0x0000003911f00000)]
  0x00000210fc4bd530 JavaThread "Daemon" [_thread_blocked, id=1868, stack(0x0000003911f00000,0x0000003912000000)]
  0x00000210fc61e1d0 JavaThread "Handler for socket connection from /127.0.0.1:56634 to /127.0.0.1:56635" [_thread_in_native, id=22756, stack(0x0000003912000000,0x0000003912100000)]
  0x00000210f713e090 JavaThread "Cancel handler" [_thread_blocked, id=22892, stack(0x0000003911400000,0x0000003911500000)]
  0x00000210f713d160 JavaThread "Daemon worker" [_thread_in_native, id=23344, stack(0x0000003912100000,0x0000003912200000)]
  0x00000210f713f9e0 JavaThread "Asynchronous log dispatcher for DefaultDaemonConnection: socket connection from /127.0.0.1:56634 to /127.0.0.1:56635" [_thread_blocked, id=2392, stack(0x0000003912200000,0x0000003912300000)]
  0x00000210f7140400 JavaThread "Stdin handler" [_thread_blocked, id=1608, stack(0x0000003912300000,0x0000003912400000)]
  0x00000210f713d670 JavaThread "Daemon client event forwarder" [_thread_blocked, id=23480, stack(0x0000003912400000,0x0000003912500000)]

Other Threads:
  0x00000210f7003840 VMThread "VM Thread" [stack: 0x0000003910700000,0x0000003910800000] [id=13584]
  0x00000210f72326d0 WatcherThread [stack: 0x0000003911300000,0x0000003911400000] [id=5496]
  0x000002109e1763b0 GCTaskThread "GC Thread#0" [stack: 0x0000003910200000,0x0000003910300000] [id=5844]
  0x00000210f762a680 GCTaskThread "GC Thread#1" [stack: 0x0000003911600000,0x0000003911700000] [id=15944]
  0x00000210f73c1830 GCTaskThread "GC Thread#2" [stack: 0x0000003911700000,0x0000003911800000] [id=22476]
  0x00000210f73c1af0 GCTaskThread "GC Thread#3" [stack: 0x0000003911800000,0x0000003911900000] [id=10640]
  0x00000210f735b3d0 GCTaskThread "GC Thread#4" [stack: 0x0000003911900000,0x0000003911a00000] [id=22660]
  0x00000210f735b690 GCTaskThread "GC Thread#5" [stack: 0x0000003911a00000,0x0000003911b00000] [id=20684]
  0x00000210f71b74e0 GCTaskThread "GC Thread#6" [stack: 0x0000003911b00000,0x0000003911c00000] [id=6164]
  0x00000210f71b3160 GCTaskThread "GC Thread#7" [stack: 0x0000003911c00000,0x0000003911d00000] [id=10812]
  0x000002109e1870b0 ConcurrentGCThread "G1 Main Marker" [stack: 0x0000003910300000,0x0000003910400000] [id=1772]
  0x000002109e1883e0 ConcurrentGCThread "G1 Conc#0" [stack: 0x0000003910400000,0x0000003910500000] [id=7388]
  0x00000210c1266c90 ConcurrentGCThread "G1 Refine#0" [stack: 0x0000003910500000,0x0000003910600000] [id=16720]
  0x00000210c1267470 ConcurrentGCThread "G1 Service" [stack: 0x0000003910600000,0x0000003910700000] [id=19604]

Threads with active compile tasks:
C2 CompilerThread0     9713 2251       4       jdk.internal.org.objectweb.asm.Frame::execute (2305 bytes)

VM state: not at safepoint (normal execution)

VM Mutex/Monitor currently owned by a thread: None

Heap address: 0x0000000700000000, size: 4096 MB, Compressed Oops mode: Zero based, Oop shift amount: 3

CDS archive(s) mapped at: [0x00000210c2000000-0x00000210c2bd0000-0x00000210c2bd0000), size 12386304, SharedBaseAddress: 0x00000210c2000000, ArchiveRelocationMode: 1.
Compressed class space mapped at: 0x00000210c3000000-0x00000210f7000000, reserved size: 872415232
Narrow klass base: 0x00000210c2000000, Narrow klass shift: 0, Narrow klass range: 0x100000000

GC Precious Log:
 CPUs: 12 total, 12 available
 Memory: 16234M
 Large Page Support: Disabled
 NUMA Support: Disabled
 Compressed Oops: Enabled (Zero based)
 Heap Region Size: 2M
 Heap Min Capacity: 8M
 Heap Initial Capacity: 254M
 Heap Max Capacity: 4G
 Pre-touch: Disabled
 Parallel Workers: 10
 Concurrent Workers: 3
 Concurrent Refinement Workers: 10
 Periodic GC: Disabled

Heap:
 garbage-first heap   total 260096K, used 53180K [0x0000000700000000, 0x0000000800000000)
  region size 2048K, 22 young (45056K), 4 survivors (8192K)
 Metaspace       used 13544K, committed 13760K, reserved 917504K
  class space    used 1863K, committed 1984K, reserved 851968K

Heap Regions: E=young(eden), S=young(survivor), O=old, HS=humongous(starts), HC=humongous(continues), CS=collection set, F=free, OA=open archive, CA=closed archive, TAMS=top-at-mark-start (previous, next)
|   0|0x0000000700000000, 0x0000000700200000, 0x0000000700200000|100%|HS|  |TAMS 0x0000000700000000, 0x0000000700000000| Complete 
|   1|0x0000000700200000, 0x0000000700400000, 0x0000000700400000|100%|HC|  |TAMS 0x0000000700200000, 0x0000000700200000| Complete 
|   2|0x0000000700400000, 0x0000000700600000, 0x0000000700600000|100%| O|  |TAMS 0x0000000700400000, 0x0000000700400000| Untracked 
|   3|0x0000000700600000, 0x0000000700800000, 0x0000000700800000|100%| O|  |TAMS 0x0000000700600000, 0x0000000700600000| Untracked 
|   4|0x0000000700800000, 0x0000000700a00000, 0x0000000700a00000|100%| O|  |TAMS 0x0000000700800000, 0x0000000700800000| Untracked 
|   5|0x0000000700a00000, 0x0000000700b6fa00, 0x0000000700c00000| 71%| O|  |TAMS 0x0000000700a00000, 0x0000000700a00000| Untracked 
|   6|0x0000000700c00000, 0x0000000700c00000, 0x0000000700e00000|  0%| F|  |TAMS 0x0000000700c00000, 0x0000000700c00000| Untracked 
|   7|0x0000000700e00000, 0x0000000700e00000, 0x0000000701000000|  0%| F|  |TAMS 0x0000000700e00000, 0x0000000700e00000| Untracked 
|   8|0x0000000701000000, 0x0000000701000000, 0x0000000701200000|  0%| F|  |TAMS 0x0000000701000000, 0x0000000701000000| Untracked 
|   9|0x0000000701200000, 0x0000000701200000, 0x0000000701400000|  0%| F|  |TAMS 0x0000000701200000, 0x0000000701200000| Untracked 
|  10|0x0000000701400000, 0x0000000701400000, 0x0000000701600000|  0%| F|  |TAMS 0x0000000701400000, 0x0000000701400000| Untracked 
|  11|0x0000000701600000, 0x0000000701600000, 0x0000000701800000|  0%| F|  |TAMS 0x0000000701600000, 0x0000000701600000| Untracked 
|  12|0x0000000701800000, 0x0000000701800000, 0x0000000701a00000|  0%| F|  |TAMS 0x0000000701800000, 0x0000000701800000| Untracked 
|  13|0x0000000701a00000, 0x0000000701a00000, 0x0000000701c00000|  0%| F|  |TAMS 0x0000000701a00000, 0x0000000701a00000| Untracked 
|  14|0x0000000701c00000, 0x0000000701c00000, 0x0000000701e00000|  0%| F|  |TAMS 0x0000000701c00000, 0x0000000701c00000| Untracked 
|  15|0x0000000701e00000, 0x0000000701e00000, 0x0000000702000000|  0%| F|  |TAMS 0x0000000701e00000, 0x0000000701e00000| Untracked 
|  16|0x0000000702000000, 0x0000000702000000, 0x0000000702200000|  0%| F|  |TAMS 0x0000000702000000, 0x0000000702000000| Untracked 
|  17|0x0000000702200000, 0x0000000702200000, 0x0000000702400000|  0%| F|  |TAMS 0x0000000702200000, 0x0000000702200000| Untracked 
|  18|0x0000000702400000, 0x0000000702400000, 0x0000000702600000|  0%| F|  |TAMS 0x0000000702400000, 0x0000000702400000| Untracked 
|  19|0x0000000702600000, 0x0000000702600000, 0x0000000702800000|  0%| F|  |TAMS 0x0000000702600000, 0x0000000702600000| Untracked 
|  20|0x0000000702800000, 0x0000000702800000, 0x0000000702a00000|  0%| F|  |TAMS 0x0000000702800000, 0x0000000702800000| Untracked 
|  21|0x0000000702a00000, 0x0000000702a00000, 0x0000000702c00000|  0%| F|  |TAMS 0x0000000702a00000, 0x0000000702a00000| Untracked 
|  22|0x0000000702c00000, 0x0000000702c00000, 0x0000000702e00000|  0%| F|  |TAMS 0x0000000702c00000, 0x0000000702c00000| Untracked 
|  23|0x0000000702e00000, 0x0000000702e00000, 0x0000000703000000|  0%| F|  |TAMS 0x0000000702e00000, 0x0000000702e00000| Untracked 
|  24|0x0000000703000000, 0x0000000703000000, 0x0000000703200000|  0%| F|  |TAMS 0x0000000703000000, 0x0000000703000000| Untracked 
|  25|0x0000000703200000, 0x0000000703200000, 0x0000000703400000|  0%| F|  |TAMS 0x0000000703200000, 0x0000000703200000| Untracked 
|  26|0x0000000703400000, 0x0000000703400000, 0x0000000703600000|  0%| F|  |TAMS 0x0000000703400000, 0x0000000703400000| Untracked 
|  27|0x0000000703600000, 0x0000000703600000, 0x0000000703800000|  0%| F|  |TAMS 0x0000000703600000, 0x0000000703600000| Untracked 
|  28|0x0000000703800000, 0x0000000703800000, 0x0000000703a00000|  0%| F|  |TAMS 0x0000000703800000, 0x0000000703800000| Untracked 
|  29|0x0000000703a00000, 0x0000000703a00000, 0x0000000703c00000|  0%| F|  |TAMS 0x0000000703a00000, 0x0000000703a00000| Untracked 
|  30|0x0000000703c00000, 0x0000000703c00000, 0x0000000703e00000|  0%| F|  |TAMS 0x0000000703c00000, 0x0000000703c00000| Untracked 
|  31|0x0000000703e00000, 0x0000000703e00000, 0x0000000704000000|  0%| F|  |TAMS 0x0000000703e00000, 0x0000000703e00000| Untracked 
|  32|0x0000000704000000, 0x0000000704000000, 0x0000000704200000|  0%| F|  |TAMS 0x0000000704000000, 0x0000000704000000| Untracked 
|  33|0x0000000704200000, 0x0000000704200000, 0x0000000704400000|  0%| F|  |TAMS 0x0000000704200000, 0x0000000704200000| Untracked 
|  34|0x0000000704400000, 0x0000000704400000, 0x0000000704600000|  0%| F|  |TAMS 0x0000000704400000, 0x0000000704400000| Untracked 
|  35|0x0000000704600000, 0x0000000704600000, 0x0000000704800000|  0%| F|  |TAMS 0x0000000704600000, 0x0000000704600000| Untracked 
|  36|0x0000000704800000, 0x0000000704800000, 0x0000000704a00000|  0%| F|  |TAMS 0x0000000704800000, 0x0000000704800000| Untracked 
|  37|0x0000000704a00000, 0x0000000704a00000, 0x0000000704c00000|  0%| F|  |TAMS 0x0000000704a00000, 0x0000000704a00000| Untracked 
|  38|0x0000000704c00000, 0x0000000704c00000, 0x0000000704e00000|  0%| F|  |TAMS 0x0000000704c00000, 0x0000000704c00000| Untracked 
|  39|0x0000000704e00000, 0x0000000704e00000, 0x0000000705000000|  0%| F|  |TAMS 0x0000000704e00000, 0x0000000704e00000| Untracked 
|  40|0x0000000705000000, 0x0000000705000000, 0x0000000705200000|  0%| F|  |TAMS 0x0000000705000000, 0x0000000705000000| Untracked 
|  41|0x0000000705200000, 0x0000000705200000, 0x0000000705400000|  0%| F|  |TAMS 0x0000000705200000, 0x0000000705200000| Untracked 
|  42|0x0000000705400000, 0x0000000705400000, 0x0000000705600000|  0%| F|  |TAMS 0x0000000705400000, 0x0000000705400000| Untracked 
|  43|0x0000000705600000, 0x0000000705600000, 0x0000000705800000|  0%| F|  |TAMS 0x0000000705600000, 0x0000000705600000| Untracked 
|  44|0x0000000705800000, 0x0000000705800000, 0x0000000705a00000|  0%| F|  |TAMS 0x0000000705800000, 0x0000000705800000| Untracked 
|  45|0x0000000705a00000, 0x0000000705a00000, 0x0000000705c00000|  0%| F|  |TAMS 0x0000000705a00000, 0x0000000705a00000| Untracked 
|  46|0x0000000705c00000, 0x0000000705c00000, 0x0000000705e00000|  0%| F|  |TAMS 0x0000000705c00000, 0x0000000705c00000| Untracked 
|  47|0x0000000705e00000, 0x0000000705e00000, 0x0000000706000000|  0%| F|  |TAMS 0x0000000705e00000, 0x0000000705e00000| Untracked 
|  48|0x0000000706000000, 0x0000000706000000, 0x0000000706200000|  0%| F|  |TAMS 0x0000000706000000, 0x0000000706000000| Untracked 
|  49|0x0000000706200000, 0x0000000706200000, 0x0000000706400000|  0%| F|  |TAMS 0x0000000706200000, 0x0000000706200000| Untracked 
|  50|0x0000000706400000, 0x0000000706400000, 0x0000000706600000|  0%| F|  |TAMS 0x0000000706400000, 0x0000000706400000| Untracked 
|  51|0x0000000706600000, 0x0000000706600000, 0x0000000706800000|  0%| F|  |TAMS 0x0000000706600000, 0x0000000706600000| Untracked 
|  52|0x0000000706800000, 0x0000000706800000, 0x0000000706a00000|  0%| F|  |TAMS 0x0000000706800000, 0x0000000706800000| Untracked 
|  53|0x0000000706a00000, 0x0000000706a00000, 0x0000000706c00000|  0%| F|  |TAMS 0x0000000706a00000, 0x0000000706a00000| Untracked 
|  54|0x0000000706c00000, 0x0000000706c00000, 0x0000000706e00000|  0%| F|  |TAMS 0x0000000706c00000, 0x0000000706c00000| Untracked 
|  55|0x0000000706e00000, 0x0000000706e00000, 0x0000000707000000|  0%| F|  |TAMS 0x0000000706e00000, 0x0000000706e00000| Untracked 
|  56|0x0000000707000000, 0x0000000707000000, 0x0000000707200000|  0%| F|  |TAMS 0x0000000707000000, 0x0000000707000000| Untracked 
|  57|0x0000000707200000, 0x0000000707200000, 0x0000000707400000|  0%| F|  |TAMS 0x0000000707200000, 0x0000000707200000| Untracked 
|  58|0x0000000707400000, 0x0000000707400000, 0x0000000707600000|  0%| F|  |TAMS 0x0000000707400000, 0x0000000707400000| Untracked 
|  59|0x0000000707600000, 0x0000000707600000, 0x0000000707800000|  0%| F|  |TAMS 0x0000000707600000, 0x0000000707600000| Untracked 
|  60|0x0000000707800000, 0x0000000707800000, 0x0000000707a00000|  0%| F|  |TAMS 0x0000000707800000, 0x0000000707800000| Untracked 
|  61|0x0000000707a00000, 0x0000000707a00000, 0x0000000707c00000|  0%| F|  |TAMS 0x0000000707a00000, 0x0000000707a00000| Untracked 
|  62|0x0000000707c00000, 0x0000000707c00000, 0x0000000707e00000|  0%| F|  |TAMS 0x0000000707c00000, 0x0000000707c00000| Untracked 
|  63|0x0000000707e00000, 0x0000000707e00000, 0x0000000708000000|  0%| F|  |TAMS 0x0000000707e00000, 0x0000000707e00000| Untracked 
|  64|0x0000000708000000, 0x0000000708000000, 0x0000000708200000|  0%| F|  |TAMS 0x0000000708000000, 0x0000000708000000| Untracked 
|  65|0x0000000708200000, 0x0000000708200000, 0x0000000708400000|  0%| F|  |TAMS 0x0000000708200000, 0x0000000708200000| Untracked 
|  66|0x0000000708400000, 0x0000000708400000, 0x0000000708600000|  0%| F|  |TAMS 0x0000000708400000, 0x0000000708400000| Untracked 
|  67|0x0000000708600000, 0x0000000708600000, 0x0000000708800000|  0%| F|  |TAMS 0x0000000708600000, 0x0000000708600000| Untracked 
|  68|0x0000000708800000, 0x0000000708800000, 0x0000000708a00000|  0%| F|  |TAMS 0x0000000708800000, 0x0000000708800000| Untracked 
|  69|0x0000000708a00000, 0x0000000708a00000, 0x0000000708c00000|  0%| F|  |TAMS 0x0000000708a00000, 0x0000000708a00000| Untracked 
|  70|0x0000000708c00000, 0x0000000708c00000, 0x0000000708e00000|  0%| F|  |TAMS 0x0000000708c00000, 0x0000000708c00000| Untracked 
|  71|0x0000000708e00000, 0x0000000708e00000, 0x0000000709000000|  0%| F|  |TAMS 0x0000000708e00000, 0x0000000708e00000| Untracked 
|  72|0x0000000709000000, 0x0000000709000000, 0x0000000709200000|  0%| F|  |TAMS 0x0000000709000000, 0x0000000709000000| Untracked 
|  73|0x0000000709200000, 0x0000000709200000, 0x0000000709400000|  0%| F|  |TAMS 0x0000000709200000, 0x0000000709200000| Untracked 
|  74|0x0000000709400000, 0x0000000709400000, 0x0000000709600000|  0%| F|  |TAMS 0x0000000709400000, 0x0000000709400000| Untracked 
|  75|0x0000000709600000, 0x0000000709600000, 0x0000000709800000|  0%| F|  |TAMS 0x0000000709600000, 0x0000000709600000| Untracked 
|  76|0x0000000709800000, 0x0000000709800000, 0x0000000709a00000|  0%| F|  |TAMS 0x0000000709800000, 0x0000000709800000| Untracked 
|  77|0x0000000709a00000, 0x0000000709a00000, 0x0000000709c00000|  0%| F|  |TAMS 0x0000000709a00000, 0x0000000709a00000| Untracked 
|  78|0x0000000709c00000, 0x0000000709c00000, 0x0000000709e00000|  0%| F|  |TAMS 0x0000000709c00000, 0x0000000709c00000| Untracked 
|  79|0x0000000709e00000, 0x0000000709e00000, 0x000000070a000000|  0%| F|  |TAMS 0x0000000709e00000, 0x0000000709e00000| Untracked 
|  80|0x000000070a000000, 0x000000070a000000, 0x000000070a200000|  0%| F|  |TAMS 0x000000070a000000, 0x000000070a000000| Untracked 
|  81|0x000000070a200000, 0x000000070a200000, 0x000000070a400000|  0%| F|  |TAMS 0x000000070a200000, 0x000000070a200000| Untracked 
|  82|0x000000070a400000, 0x000000070a400000, 0x000000070a600000|  0%| F|  |TAMS 0x000000070a400000, 0x000000070a400000| Untracked 
|  83|0x000000070a600000, 0x000000070a600000, 0x000000070a800000|  0%| F|  |TAMS 0x000000070a600000, 0x000000070a600000| Untracked 
|  84|0x000000070a800000, 0x000000070a800000, 0x000000070aa00000|  0%| F|  |TAMS 0x000000070a800000, 0x000000070a800000| Untracked 
|  85|0x000000070aa00000, 0x000000070aa00000, 0x000000070ac00000|  0%| F|  |TAMS 0x000000070aa00000, 0x000000070aa00000| Untracked 
|  86|0x000000070ac00000, 0x000000070ac00000, 0x000000070ae00000|  0%| F|  |TAMS 0x000000070ac00000, 0x000000070ac00000| Untracked 
|  87|0x000000070ae00000, 0x000000070ae00000, 0x000000070b000000|  0%| F|  |TAMS 0x000000070ae00000, 0x000000070ae00000| Untracked 
|  88|0x000000070b000000, 0x000000070b000000, 0x000000070b200000|  0%| F|  |TAMS 0x000000070b000000, 0x000000070b000000| Untracked 
|  89|0x000000070b200000, 0x000000070b200000, 0x000000070b400000|  0%| F|  |TAMS 0x000000070b200000, 0x000000070b200000| Untracked 
|  90|0x000000070b400000, 0x000000070b47f7d8, 0x000000070b600000| 24%| S|CS|TAMS 0x000000070b400000, 0x000000070b400000| Complete 
|  91|0x000000070b600000, 0x000000070b800000, 0x000000070b800000|100%| S|CS|TAMS 0x000000070b600000, 0x000000070b600000| Complete 
|  92|0x000000070b800000, 0x000000070ba00000, 0x000000070ba00000|100%| S|CS|TAMS 0x000000070b800000, 0x000000070b800000| Complete 
|  93|0x000000070ba00000, 0x000000070bc00000, 0x000000070bc00000|100%| S|CS|TAMS 0x000000070ba00000, 0x000000070ba00000| Complete 
|  94|0x000000070bc00000, 0x000000070bc00000, 0x000000070be00000|  0%| F|  |TAMS 0x000000070bc00000, 0x000000070bc00000| Untracked 
|  95|0x000000070be00000, 0x000000070be00000, 0x000000070c000000|  0%| F|  |TAMS 0x000000070be00000, 0x000000070be00000| Untracked 
|  96|0x000000070c000000, 0x000000070c000000, 0x000000070c200000|  0%| F|  |TAMS 0x000000070c000000, 0x000000070c000000| Untracked 
|  97|0x000000070c200000, 0x000000070c200000, 0x000000070c400000|  0%| F|  |TAMS 0x000000070c200000, 0x000000070c200000| Untracked 
|  98|0x000000070c400000, 0x000000070c400000, 0x000000070c600000|  0%| F|  |TAMS 0x000000070c400000, 0x000000070c400000| Untracked 
|  99|0x000000070c600000, 0x000000070c600000, 0x000000070c800000|  0%| F|  |TAMS 0x000000070c600000, 0x000000070c600000| Untracked 
| 100|0x000000070c800000, 0x000000070c800000, 0x000000070ca00000|  0%| F|  |TAMS 0x000000070c800000, 0x000000070c800000| Untracked 
| 101|0x000000070ca00000, 0x000000070ca00000, 0x000000070cc00000|  0%| F|  |TAMS 0x000000070ca00000, 0x000000070ca00000| Untracked 
| 102|0x000000070cc00000, 0x000000070cc00000, 0x000000070ce00000|  0%| F|  |TAMS 0x000000070cc00000, 0x000000070cc00000| Untracked 
| 103|0x000000070ce00000, 0x000000070ce00000, 0x000000070d000000|  0%| F|  |TAMS 0x000000070ce00000, 0x000000070ce00000| Untracked 
| 104|0x000000070d000000, 0x000000070d000000, 0x000000070d200000|  0%| F|  |TAMS 0x000000070d000000, 0x000000070d000000| Untracked 
| 105|0x000000070d200000, 0x000000070d200000, 0x000000070d400000|  0%| F|  |TAMS 0x000000070d200000, 0x000000070d200000| Untracked 
| 106|0x000000070d400000, 0x000000070d400000, 0x000000070d600000|  0%| F|  |TAMS 0x000000070d400000, 0x000000070d400000| Untracked 
| 107|0x000000070d600000, 0x000000070d600000, 0x000000070d800000|  0%| F|  |TAMS 0x000000070d600000, 0x000000070d600000| Untracked 
| 108|0x000000070d800000, 0x000000070d9029d0, 0x000000070da00000| 50%| E|  |TAMS 0x000000070d800000, 0x000000070d800000| Complete 
| 109|0x000000070da00000, 0x000000070dc00000, 0x000000070dc00000|100%| E|CS|TAMS 0x000000070da00000, 0x000000070da00000| Complete 
| 110|0x000000070dc00000, 0x000000070de00000, 0x000000070de00000|100%| E|CS|TAMS 0x000000070dc00000, 0x000000070dc00000| Complete 
| 111|0x000000070de00000, 0x000000070e000000, 0x000000070e000000|100%| E|CS|TAMS 0x000000070de00000, 0x000000070de00000| Complete 
| 112|0x000000070e000000, 0x000000070e200000, 0x000000070e200000|100%| E|CS|TAMS 0x000000070e000000, 0x000000070e000000| Complete 
| 113|0x000000070e200000, 0x000000070e400000, 0x000000070e400000|100%| E|CS|TAMS 0x000000070e200000, 0x000000070e200000| Complete 
| 114|0x000000070e400000, 0x000000070e600000, 0x000000070e600000|100%| E|CS|TAMS 0x000000070e400000, 0x000000070e400000| Complete 
| 115|0x000000070e600000, 0x000000070e800000, 0x000000070e800000|100%| E|CS|TAMS 0x000000070e600000, 0x000000070e600000| Complete 
| 116|0x000000070e800000, 0x000000070ea00000, 0x000000070ea00000|100%| E|CS|TAMS 0x000000070e800000, 0x000000070e800000| Complete 
| 117|0x000000070ea00000, 0x000000070ec00000, 0x000000070ec00000|100%| E|CS|TAMS 0x000000070ea00000, 0x000000070ea00000| Complete 
| 118|0x000000070ec00000, 0x000000070ee00000, 0x000000070ee00000|100%| E|CS|TAMS 0x000000070ec00000, 0x000000070ec00000| Complete 
| 119|0x000000070ee00000, 0x000000070f000000, 0x000000070f000000|100%| E|CS|TAMS 0x000000070ee00000, 0x000000070ee00000| Complete 
| 120|0x000000070f000000, 0x000000070f200000, 0x000000070f200000|100%| E|CS|TAMS 0x000000070f000000, 0x000000070f000000| Complete 
| 121|0x000000070f200000, 0x000000070f400000, 0x000000070f400000|100%| E|CS|TAMS 0x000000070f200000, 0x000000070f200000| Complete 
| 122|0x000000070f400000, 0x000000070f600000, 0x000000070f600000|100%| E|CS|TAMS 0x000000070f400000, 0x000000070f400000| Complete 
| 123|0x000000070f600000, 0x000000070f800000, 0x000000070f800000|100%| E|CS|TAMS 0x000000070f600000, 0x000000070f600000| Complete 
| 124|0x000000070f800000, 0x000000070fa00000, 0x000000070fa00000|100%| E|CS|TAMS 0x000000070f800000, 0x000000070f800000| Complete 
| 125|0x000000070fa00000, 0x000000070fc00000, 0x000000070fc00000|100%| E|CS|TAMS 0x000000070fa00000, 0x000000070fa00000| Complete 
| 126|0x000000070fc00000, 0x000000070fe00000, 0x000000070fe00000|100%| E|CS|TAMS 0x000000070fc00000, 0x000000070fc00000| Complete 

Card table byte_map: [0x00000210b5ee0000,0x00000210b66e0000] _byte_map_base: 0x00000210b26e0000

Marking Bits (Prev, Next): (CMBitMap*) 0x000002109e176780, (CMBitMap*) 0x000002109e1767c0
 Prev Bits: [0x00000210b6ee0000, 0x00000210baee0000)
 Next Bits: [0x00000210baee0000, 0x00000210beee0000)

Polling page: 0x000002109c910000

Metaspace:

Usage:
  Non-class:     11.43 MB used.
      Class:      1.82 MB used.
       Both:     13.25 MB used.

Virtual space:
  Non-class space:       64.00 MB reserved,      11.56 MB ( 18%) committed,  1 nodes.
      Class space:      832.00 MB reserved,       1.94 MB ( <1%) committed,  1 nodes.
             Both:      896.00 MB reserved,      13.50 MB (  2%) committed. 

Chunk freelists:
   Non-Class:  3.97 MB
       Class:  14.00 MB
        Both:  17.97 MB

MaxMetaspaceSize: 1.00 GB
CompressedClassSpaceSize: 832.00 MB
Initial GC threshold: 21.00 MB
Current GC threshold: 21.00 MB
CDS: on
MetaspaceReclaimPolicy: balanced
 - commit_granule_bytes: 65536.
 - commit_granule_words: 8192.
 - virtual_space_node_default_size: 8388608.
 - enlarge_chunks_in_place: 1.
 - new_chunks_are_fully_committed: 0.
 - uncommit_free_chunks: 1.
 - use_allocation_guard: 0.
 - handle_deallocations: 1.


Internal statistics:

num_allocs_failed_limit: 0.
num_arena_births: 166.
num_arena_deaths: 0.
num_vsnodes_births: 2.
num_vsnodes_deaths: 0.
num_space_committed: 216.
num_space_uncommitted: 0.
num_chunks_returned_to_freelist: 0.
num_chunks_taken_from_freelist: 572.
num_chunk_merges: 0.
num_chunk_splits: 377.
num_chunks_enlarged: 293.
num_inconsistent_stats: 0.

CodeHeap 'non-profiled nmethods': size=120000Kb used=1148Kb max_used=1148Kb free=118851Kb
 bounds [0x00000210ad530000, 0x00000210ad7a0000, 0x00000210b4a60000]
CodeHeap 'profiled nmethods': size=120000Kb used=4566Kb max_used=4566Kb free=115433Kb
 bounds [0x00000210a5a60000, 0x00000210a5ee0000, 0x00000210acf90000]
CodeHeap 'non-nmethods': size=5760Kb used=1219Kb max_used=1236Kb free=4540Kb
 bounds [0x00000210acf90000, 0x00000210ad200000, 0x00000210ad530000]
 total_blobs=2814 nmethods=2292 adapters=434
 compilation: enabled
              stopped_count=0, restarted_count=0
 full_count=0

Compilation events (20 events):
Event: 8.588 Thread 0x00000210f702d410 2271       3       java.lang.reflect.Method::getGenericReturnType (20 bytes)
Event: 8.589 Thread 0x00000210f702d410 nmethod 2271 0x00000210a5ec4790 code [0x00000210a5ec4a40, 0x00000210a5ec5bb8]
Event: 8.632 Thread 0x00000210f702d410 2275       3       sun.reflect.annotation.AnnotationParser::parseArray (220 bytes)
Event: 8.633 Thread 0x00000210f702d410 nmethod 2275 0x00000210a5ec6110 code [0x00000210a5ec6480, 0x00000210a5ec73d8]
Event: 8.641 Thread 0x00000210f702d410 2277       3       org.gradle.internal.service.RelevantMethods$RelevantMethodsBuilder::addMethod (260 bytes)
Event: 8.643 Thread 0x00000210f702d410 nmethod 2277 0x00000210a5ec7810 code [0x00000210a5ec7fc0, 0x00000210a5eccb58]
Event: 8.643 Thread 0x00000210f702d410 2279       3       org.gradle.internal.service.DefaultServiceRegistry$OwnServices::collectProvidersForClassHierarchy (129 bytes)
Event: 8.644 Thread 0x00000210f702d410 nmethod 2279 0x00000210a5ece090 code [0x00000210a5ece3c0, 0x00000210a5ecf888]
Event: 8.644 Thread 0x00000210f702d410 2278       3       org.gradle.internal.service.DefaultServiceRegistry$ClassInspector$ClassDetails::<init> (36 bytes)
Event: 8.645 Thread 0x00000210f702d410 nmethod 2278 0x00000210a5ecff10 code [0x00000210a5ed0120, 0x00000210a5ed08e8]
Event: 8.736 Thread 0x00000210f702d410 2280       1       java.util.concurrent.atomic.AtomicInteger::get (5 bytes)
Event: 8.736 Thread 0x00000210f702d410 nmethod 2280 0x00000210ad64e510 code [0x00000210ad64e6a0, 0x00000210ad64e778]
Event: 9.259 Thread 0x00000210f702d410 2281       3       java.util.ComparableTimSort::sort (219 bytes)
Event: 9.259 Thread 0x00000210f702d410 nmethod 2281 0x00000210a5ed0b90 code [0x00000210a5ed0de0, 0x00000210a5ed1498]
Event: 9.290 Thread 0x00000210f702d410 2282       3       java.util.concurrent.locks.AbstractQueuedSynchronizer::release (19 bytes)
Event: 9.291 Thread 0x00000210f702d410 nmethod 2282 0x00000210a5ed1810 code [0x00000210a5ed1a00, 0x00000210a5ed1e88]
Event: 9.306 Thread 0x00000210f702d410 2283       3       java.util.concurrent.locks.AbstractQueuedSynchronizer::compareAndSetState (13 bytes)
Event: 9.306 Thread 0x00000210f702d410 nmethod 2283 0x00000210a5ed2010 code [0x00000210a5ed21a0, 0x00000210a5ed22d8]
Event: 9.370 Thread 0x00000210f702d410 2284       3       java.util.concurrent.locks.ReentrantLock$Sync::tryRelease (51 bytes)
Event: 9.370 Thread 0x00000210f702d410 nmethod 2284 0x00000210a5ed2390 code [0x00000210a5ed2540, 0x00000210a5ed28a8]

GC Heap History (6 events):
Event: 0.411 GC heap before
{Heap before GC invocations=0 (full 0):
 garbage-first heap   total 260096K, used 22528K [0x0000000700000000, 0x0000000800000000)
  region size 2048K, 11 young (22528K), 0 survivors (0K)
 Metaspace       used 816K, committed 896K, reserved 917504K
  class space    used 61K, committed 128K, reserved 851968K
}
Event: 0.414 GC heap after
{Heap after GC invocations=1 (full 0):
 garbage-first heap   total 260096K, used 1467K [0x0000000700000000, 0x0000000800000000)
  region size 2048K, 1 young (2048K), 1 survivors (2048K)
 Metaspace       used 816K, committed 896K, reserved 917504K
  class space    used 61K, committed 128K, reserved 851968K
}
Event: 1.799 GC heap before
{Heap before GC invocations=1 (full 0):
 garbage-first heap   total 260096K, used 44475K [0x0000000700000000, 0x0000000800000000)
  region size 2048K, 20 young (40960K), 1 survivors (2048K)
 Metaspace       used 4363K, committed 4544K, reserved 917504K
  class space    used 546K, committed 640K, reserved 851968K
}
Event: 1.802 GC heap after
{Heap after GC invocations=2 (full 0):
 garbage-first heap   total 260096K, used 11803K [0x0000000700000000, 0x0000000800000000)
  region size 2048K, 3 young (6144K), 3 survivors (6144K)
 Metaspace       used 4363K, committed 4544K, reserved 917504K
  class space    used 546K, committed 640K, reserved 851968K
}
Event: 7.606 GC heap before
{Heap before GC invocations=2 (full 0):
 garbage-first heap   total 260096K, used 71195K [0x0000000700000000, 0x0000000800000000)
  region size 2048K, 33 young (67584K), 3 survivors (6144K)
 Metaspace       used 7401K, committed 7616K, reserved 917504K
  class space    used 992K, committed 1088K, reserved 851968K
}
Event: 7.612 GC heap after
{Heap after GC invocations=3 (full 0):
 garbage-first heap   total 260096K, used 18364K [0x0000000700000000, 0x0000000800000000)
  region size 2048K, 4 young (8192K), 4 survivors (8192K)
 Metaspace       used 7401K, committed 7616K, reserved 917504K
  class space    used 992K, committed 1088K, reserved 851968K
}

Deoptimization events (20 events):
Event: 8.083 Thread 0x00000210f713d160 Uncommon trap: trap_request=0xffffff6e fr.pc=0x00000210ad5ef388 relative=0x00000000000003e8
Event: 8.083 Thread 0x00000210f713d160 Uncommon trap: reason=loop_limit_check action=maybe_recompile pc=0x00000210ad5ef388 method=java.lang.StringLatin1.indexOf([BI[BII)I @ 37 c2
Event: 8.083 Thread 0x00000210f713d160 DEOPT PACKING pc=0x00000210ad5ef388 sp=0x00000039121fea90
Event: 8.083 Thread 0x00000210f713d160 DEOPT UNPACKING pc=0x00000210acfe23a3 sp=0x00000039121fe9f0 mode 2
Event: 8.366 Thread 0x00000210f713d160 Uncommon trap: trap_request=0xffffff45 fr.pc=0x00000210ad61b374 relative=0x0000000000000cf4
Event: 8.366 Thread 0x00000210f713d160 Uncommon trap: reason=unstable_if action=reinterpret pc=0x00000210ad61b374 method=java.util.HashMap.getNode(Ljava/lang/Object;)Ljava/util/HashMap$Node; @ 66 c2
Event: 8.366 Thread 0x00000210f713d160 DEOPT PACKING pc=0x00000210ad61b374 sp=0x00000039121fb9f0
Event: 8.366 Thread 0x00000210f713d160 DEOPT UNPACKING pc=0x00000210acfe23a3 sp=0x00000039121fb940 mode 2
Event: 8.366 Thread 0x00000210f713d160 Uncommon trap: trap_request=0xffffff45 fr.pc=0x00000210ad576500 relative=0x0000000000000540
Event: 8.366 Thread 0x00000210f713d160 Uncommon trap: reason=unstable_if action=reinterpret pc=0x00000210ad576500 method=java.util.HashMap.getNode(Ljava/lang/Object;)Ljava/util/HashMap$Node; @ 66 c2
Event: 8.366 Thread 0x00000210f713d160 DEOPT PACKING pc=0x00000210ad576500 sp=0x00000039121fb9b0
Event: 8.366 Thread 0x00000210f713d160 DEOPT UNPACKING pc=0x00000210acfe23a3 sp=0x00000039121fb940 mode 2
Event: 8.373 Thread 0x00000210f713d160 Uncommon trap: trap_request=0xffffff45 fr.pc=0x00000210ad5c70a8 relative=0x0000000000000288
Event: 8.373 Thread 0x00000210f713d160 Uncommon trap: reason=unstable_if action=reinterpret pc=0x00000210ad5c70a8 method=java.util.concurrent.ConcurrentHashMap.get(Ljava/lang/Object;)Ljava/lang/Object; @ 76 c2
Event: 8.373 Thread 0x00000210f713d160 DEOPT PACKING pc=0x00000210ad5c70a8 sp=0x00000039121faea0
Event: 8.373 Thread 0x00000210f713d160 DEOPT UNPACKING pc=0x00000210acfe23a3 sp=0x00000039121fae08 mode 2
Event: 8.376 Thread 0x00000210f713d160 Uncommon trap: trap_request=0xffffff45 fr.pc=0x00000210ad5f3cb8 relative=0x0000000000000198
Event: 8.376 Thread 0x00000210f713d160 Uncommon trap: reason=unstable_if action=reinterpret pc=0x00000210ad5f3cb8 method=java.util.WeakHashMap.expungeStaleEntries()V @ 9 c2
Event: 8.376 Thread 0x00000210f713d160 DEOPT PACKING pc=0x00000210ad5f3cb8 sp=0x00000039121fab70
Event: 8.376 Thread 0x00000210f713d160 DEOPT UNPACKING pc=0x00000210acfe23a3 sp=0x00000039121fab08 mode 2

Classes unloaded (0 events):
No events

Classes redefined (0 events):
No events

Internal exceptions (20 events):
Event: 1.199 Thread 0x000002109e108600 Exception <a 'java/lang/NoSuchMethodError'{0x000000070f12af10}: 'java.lang.Object java.lang.invoke.DirectMethodHandle$Holder.invokeVirtual(java.lang.Object, java.lang.Object, java.lang.Object)'> (0x000000070f12af10) 
thrown [s\open\src\hotspot\share\interpreter\linkResolver.cpp, line 759]
Event: 1.243 Thread 0x000002109e108600 Exception <a 'java/lang/NoSuchMethodError'{0x000000070ee3b590}: 'int java.lang.invoke.DirectMethodHandle$Holder.invokeStatic(java.lang.Object)'> (0x000000070ee3b590) 
thrown [s\open\src\hotspot\share\interpreter\linkResolver.cpp, line 759]
Event: 1.243 Thread 0x000002109e108600 Exception <a 'java/lang/NoSuchMethodError'{0x000000070ee3ea40}: 'int java.lang.invoke.DirectMethodHandle$Holder.invokeStaticInit(java.lang.Object)'> (0x000000070ee3ea40) 
thrown [s\open\src\hotspot\share\interpreter\linkResolver.cpp, line 759]
Event: 7.220 Thread 0x000002109e108600 Exception <a 'java/lang/NoSuchMethodError'{0x000000070c091120}: 'java.lang.Object java.lang.invoke.DirectMethodHandle$Holder.invokeStaticInit(java.lang.Object)'> (0x000000070c091120) 
thrown [s\open\src\hotspot\share\interpreter\linkResolver.cpp, line 759]
Event: 7.237 Thread 0x000002109e108600 Exception <a 'java/lang/NoSuchMethodError'{0x000000070c119fe0}: 'java.lang.Object java.lang.invoke.DirectMethodHandle$Holder.invokeInterface(java.lang.Object, java.lang.Object)'> (0x000000070c119fe0) 
thrown [s\open\src\hotspot\share\interpreter\linkResolver.cpp, line 759]
Event: 7.558 Thread 0x000002109e108600 Exception <a 'java/lang/NoSuchMethodError'{0x000000070bd209d8}: 'void java.lang.invoke.DirectMethodHandle$Holder.invokeStatic(java.lang.Object, java.lang.Object, java.lang.Object)'> (0x000000070bd209d8) 
thrown [s\open\src\hotspot\share\interpreter\linkResolver.cpp, line 759]
Event: 7.651 Thread 0x000002109e108600 Exception <a 'java/lang/NoSuchMethodError'{0x000000070fdab7b0}: 'java.lang.Object java.lang.invoke.DirectMethodHandle$Holder.invokeStaticInit(java.lang.Object, int, int, int, int)'> (0x000000070fdab7b0) 
thrown [s\open\src\hotspot\share\interpreter\linkResolver.cpp, line 759]
Event: 7.715 Thread 0x000002109e108600 Exception <a 'java/lang/NoSuchMethodError'{0x000000070fa10ef0}: 'java.lang.Object java.lang.invoke.DirectMethodHandle$Holder.invokeStaticInit(java.lang.Object, java.lang.Object, int, int, int, int)'> (0x000000070fa10ef0) 
thrown [s\open\src\hotspot\share\interpreter\linkResolver.cpp, line 759]
Event: 7.788 Thread 0x000002109e108600 Exception <a 'java/io/IOException'{0x000000070f9baf40}> (0x000000070f9baf40) 
thrown [s\open\src\hotspot\share\prims\jni.cpp, line 516]
Event: 7.794 Thread 0x000002109e108600 Implicit null exception at 0x00000210ad59f072 to 0x00000210ad59f6cc
Event: 7.846 Thread 0x000002109e108600 Exception <a 'java/lang/NoSuchMethodError'{0x000000070f622a18}: 'java.lang.Object java.lang.invoke.DirectMethodHandle$Holder.newInvokeSpecial(java.lang.Object, java.lang.Object, java.lang.Object, java.lang.Object, java.lang.Object)'> (0x000000070f622a18) 
thrown [s\open\src\hotspot\share\interpreter\linkResolver.cpp, line 759]
Event: 8.077 Thread 0x00000210fc4bd530 Exception <a 'java/lang/NoSuchMethodError'{0x000000070f5799b8}: 'void java.lang.invoke.DirectMethodHandle$Holder.invokeSpecial(java.lang.Object, java.lang.Object, java.lang.Object)'> (0x000000070f5799b8) 
thrown [s\open\src\hotspot\share\interpreter\linkResolver.cpp, line 759]
Event: 8.200 Thread 0x00000210f713d160 Exception <a 'java/lang/NoSuchMethodError'{0x000000070ea2f500}: 'long java.lang.invoke.DirectMethodHandle$Holder.invokeInterface(java.lang.Object, java.lang.Object)'> (0x000000070ea2f500) 
thrown [s\open\src\hotspot\share\interpreter\linkResolver.cpp, line 759]
Event: 8.327 Thread 0x00000210f713d160 Exception <a 'java/lang/NoSuchMethodError'{0x000000070e751548}: 'void java.lang.invoke.DirectMethodHandle$Holder.invokeStatic(java.lang.Object, java.lang.Object)'> (0x000000070e751548) 
thrown [s\open\src\hotspot\share\interpreter\linkResolver.cpp, line 759]
Event: 8.388 Thread 0x00000210f713d160 Exception <a 'java/lang/NoSuchMethodError'{0x000000070e58dc60}: 'int java.lang.invoke.DirectMethodHandle$Holder.invokeVirtual(java.lang.Object, java.lang.Object, java.lang.Object)'> (0x000000070e58dc60) 
thrown [s\open\src\hotspot\share\interpreter\linkResolver.cpp, line 759]
Event: 8.440 Thread 0x00000210f713d160 Exception <a 'java/lang/NoSuchMethodError'{0x000000070e038108}: 'java.lang.Object java.lang.invoke.DirectMethodHandle$Holder.newInvokeSpecial(java.lang.Object, java.lang.Object, java.lang.Object, java.lang.Object, java.lang.Object, java.lang.Object)'> (0x000000070e038108) 
thrown [s\open\src\hotspot\share\interpreter\linkResolver.cpp, line 759]
Event: 8.526 Thread 0x00000210f713d160 Exception <a 'java/lang/NoSuchMethodError'{0x000000070df45808}: 'void java.lang.invoke.DelegatingMethodHandle$Holder.reinvoke_L(java.lang.Object, java.lang.Object, java.lang.Object, java.lang.Object, java.lang.Object, java.lang.Object, java.lang.Object, java.lang.Object, java.lang.Object, java.lang.Object)'> (0x000000070df45808) 
thrown [s\open\src\hotspot\share\interpreter\linkResolver.cpp, line 759]
Event: 8.527 Thread 0x00000210f713d160 Exception <a 'java/lang/NoSuchMethodError'{0x000000070df4ddb8}: 'java.lang.Object java.lang.invoke.DirectMethodHandle$Holder.invokeSpecial(java.lang.Object, java.lang.Object, java.lang.Object, java.lang.Object, java.lang.Object, java.lang.Object, java.lang.Object, java.lang.Object, java.lang.Object, java.lang.Object)'> (0x000000070df4ddb8) 
thrown [s\open\src\hotspot\share\interpreter\linkResolver.cpp, line 759]
Event: 8.527 Thread 0x00000210f713d160 Exception <a 'java/lang/NoSuchMethodError'{0x000000070df52688}: 'java.lang.Object java.lang.invoke.Invokers$Holder.invoker(java.lang.Object, java.lang.Object, java.lang.Object, java.lang.Object, java.lang.Object, java.lang.Object, java.lang.Object, java.lang.Object, java.lang.Object, java.lang.Object)'> (0x000000070df52688) 
thrown [s\open\src\hotspot\share\interpreter\linkResolver.cpp, line 759]
Event: 8.527 Thread 0x00000210f713d160 Exception <a 'java/lang/NoSuchMethodError'{0x000000070df58290}: 'java.lang.Object java.lang.invoke.DirectMethodHandle$Holder.invokeSpecial(java.lang.Object, java.lang.Object, java.lang.Object, java.lang.Object, java.lang.Object, java.lang.Object, java.lang.Object, java.lang.Object, java.lang.Object, java.lang.Object, java.lang.Object)'> (0x000000070df58290) 
thrown [s\open\src\hotspot\share\interpreter\linkResolver.cpp, line 759]

VM Operations (20 events):
Event: 7.096 Executing VM operation: HandshakeAllThreads
Event: 7.096 Executing VM operation: HandshakeAllThreads done
Event: 7.235 Executing VM operation: HandshakeAllThreads
Event: 7.235 Executing VM operation: HandshakeAllThreads done
Event: 7.265 Executing VM operation: HandshakeAllThreads
Event: 7.265 Executing VM operation: HandshakeAllThreads done
Event: 7.555 Executing VM operation: HandshakeAllThreads
Event: 7.555 Executing VM operation: HandshakeAllThreads done
Event: 7.606 Executing VM operation: G1CollectForAllocation
Event: 7.612 Executing VM operation: G1CollectForAllocation done
Event: 7.638 Executing VM operation: HandshakeAllThreads
Event: 7.638 Executing VM operation: HandshakeAllThreads done
Event: 7.662 Executing VM operation: HandshakeAllThreads
Event: 7.662 Executing VM operation: HandshakeAllThreads done
Event: 7.711 Executing VM operation: HandshakeAllThreads
Event: 7.711 Executing VM operation: HandshakeAllThreads done
Event: 7.858 Executing VM operation: HandshakeAllThreads
Event: 7.858 Executing VM operation: HandshakeAllThreads done
Event: 8.846 Executing VM operation: Cleanup
Event: 8.846 Executing VM operation: Cleanup done

Events (20 events):
Event: 8.373 loading class jdk/internal/vm/annotation/IntrinsicCandidate
Event: 8.373 loading class jdk/internal/vm/annotation/IntrinsicCandidate done
Event: 8.374 loading class java/util/stream/MatchOps$MatchKind
Event: 8.374 loading class java/util/stream/MatchOps$MatchKind done
Event: 8.374 loading class java/util/stream/MatchOps
Event: 8.374 loading class java/util/stream/MatchOps done
Event: 8.374 loading class java/util/stream/MatchOps$MatchOp
Event: 8.374 loading class java/util/stream/MatchOps$MatchOp done
Event: 8.374 loading class java/util/stream/MatchOps$BooleanTerminalSink
Event: 8.375 loading class java/util/stream/MatchOps$BooleanTerminalSink done
Event: 8.375 loading class java/util/stream/MatchOps$1MatchSink
Event: 8.375 loading class java/util/stream/MatchOps$1MatchSink done
Event: 8.419 loading class java/lang/TypeNotPresentException
Event: 8.419 loading class java/lang/TypeNotPresentException done
Event: 8.436 loading class java/lang/invoke/MethodHandle$1
Event: 8.436 loading class java/lang/invoke/MethodHandle$1 done
Event: 8.462 loading class java/util/ConcurrentModificationException
Event: 8.462 loading class java/util/ConcurrentModificationException done
Event: 8.496 loading class sun/reflect/generics/scope/ConstructorScope
Event: 8.496 loading class sun/reflect/generics/scope/ConstructorScope done


Dynamic libraries:
0x00007ff6fa880000 - 0x00007ff6fa890000 	C:\Program Files\Java\jdk-17\bin\java.exe
0x00007ffb48700000 - 0x00007ffb48968000 	C:\WINDOWS\SYSTEM32\ntdll.dll
0x00007ffb47a70000 - 0x00007ffb47b39000 	C:\WINDOWS\System32\KERNEL32.DLL
0x00007ffb45bd0000 - 0x00007ffb45fbd000 	C:\WINDOWS\System32\KERNELBASE.dll
0x00007ffb46220000 - 0x00007ffb4636b000 	C:\WINDOWS\System32\ucrtbase.dll
0x00007ffb2c8f0000 - 0x00007ffb2c909000 	C:\Program Files\Java\jdk-17\bin\jli.dll
0x00007ffb29e00000 - 0x00007ffb29e1b000 	C:\Program Files\Java\jdk-17\bin\VCRUNTIME140.dll
0x00007ffb46c20000 - 0x00007ffb46cd4000 	C:\WINDOWS\System32\ADVAPI32.dll
0x00007ffb47080000 - 0x00007ffb47129000 	C:\WINDOWS\System32\msvcrt.dll
0x00007ffb48030000 - 0x00007ffb480d6000 	C:\WINDOWS\System32\sechost.dll
0x00007ffb47820000 - 0x00007ffb47938000 	C:\WINDOWS\System32\RPCRT4.dll
0x00007ffb47520000 - 0x00007ffb476ec000 	C:\WINDOWS\System32\USER32.dll
0x00007ffb45fc0000 - 0x00007ffb45fe7000 	C:\WINDOWS\System32\win32u.dll
0x00007ffb27d60000 - 0x00007ffb27ffa000 	C:\WINDOWS\WinSxS\amd64_microsoft.windows.common-controls_6595b64144ccf1df_6.0.26100.4484_none_3e0e6d4ce32ef3b3\COMCTL32.dll
0x00007ffb47d80000 - 0x00007ffb47dab000 	C:\WINDOWS\System32\GDI32.dll
0x00007ffb459d0000 - 0x00007ffb45b07000 	C:\WINDOWS\System32\gdi32full.dll
0x00007ffb45ff0000 - 0x00007ffb46093000 	C:\WINDOWS\System32\msvcp_win.dll
0x00007ffb36a90000 - 0x00007ffb36a9b000 	C:\WINDOWS\SYSTEM32\VERSION.dll
0x00007ffb47380000 - 0x00007ffb473af000 	C:\WINDOWS\System32\IMM32.DLL
0x00007ffb29bd0000 - 0x00007ffb29bdc000 	C:\Program Files\Java\jdk-17\bin\vcruntime140_1.dll
0x00007ffb14f20000 - 0x00007ffb14fae000 	C:\Program Files\Java\jdk-17\bin\msvcp140.dll
0x00007ffa8e220000 - 0x00007ffa8ee00000 	C:\Program Files\Java\jdk-17\bin\server\jvm.dll
0x00007ffb47db0000 - 0x00007ffb47db8000 	C:\WINDOWS\System32\PSAPI.DLL
0x00007ffb22f50000 - 0x00007ffb22f5a000 	C:\WINDOWS\SYSTEM32\WSOCK32.dll
0x00007ffb3d220000 - 0x00007ffb3d255000 	C:\WINDOWS\SYSTEM32\WINMM.dll
0x00007ffb477a0000 - 0x00007ffb47814000 	C:\WINDOWS\System32\WS2_32.dll
0x00007ffb445b0000 - 0x00007ffb445cb000 	C:\WINDOWS\SYSTEM32\kernel.appcore.dll
0x00007ffb29640000 - 0x00007ffb2964a000 	C:\Program Files\Java\jdk-17\bin\jimage.dll
0x00007ffb42ee0000 - 0x00007ffb43121000 	C:\WINDOWS\SYSTEM32\DBGHELP.DLL
0x00007ffb46ce0000 - 0x00007ffb47066000 	C:\WINDOWS\System32\combase.dll
0x00007ffb47430000 - 0x00007ffb47510000 	C:\WINDOWS\System32\OLEAUT32.dll
0x00007ffb2a580000 - 0x00007ffb2a5c3000 	C:\WINDOWS\SYSTEM32\dbgcore.DLL
0x00007ffb46400000 - 0x00007ffb46499000 	C:\WINDOWS\System32\bcryptPrimitives.dll
0x00007ffb27710000 - 0x00007ffb2771e000 	C:\Program Files\Java\jdk-17\bin\instrument.dll
0x00007ffb29010000 - 0x00007ffb29035000 	C:\Program Files\Java\jdk-17\bin\java.dll
0x00007ffb131c0000 - 0x00007ffb13297000 	C:\Program Files\Java\jdk-17\bin\jsvml.dll
0x00007ffb464a0000 - 0x00007ffb46bea000 	C:\WINDOWS\System32\SHELL32.dll
0x00007ffb460a0000 - 0x00007ffb46214000 	C:\WINDOWS\System32\wintypes.dll
0x00007ffb43470000 - 0x00007ffb43ccb000 	C:\WINDOWS\SYSTEM32\windows.storage.dll
0x00007ffb47940000 - 0x00007ffb47a35000 	C:\WINDOWS\System32\SHCORE.dll
0x00007ffb473c0000 - 0x00007ffb4742a000 	C:\WINDOWS\System32\shlwapi.dll
0x00007ffb45760000 - 0x00007ffb4578f000 	C:\WINDOWS\SYSTEM32\profapi.dll
0x00007ffb28030000 - 0x00007ffb28048000 	C:\Program Files\Java\jdk-17\bin\zip.dll
0x00007ffb28ff0000 - 0x00007ffb29009000 	C:\Program Files\Java\jdk-17\bin\net.dll
0x00007ffb3a500000 - 0x00007ffb3a61e000 	C:\WINDOWS\SYSTEM32\WINHTTP.dll
0x00007ffb44b20000 - 0x00007ffb44b8a000 	C:\WINDOWS\system32\mswsock.dll
0x00007ffb28fd0000 - 0x00007ffb28fe6000 	C:\Program Files\Java\jdk-17\bin\nio.dll
0x00007ffb291d0000 - 0x00007ffb291e0000 	C:\Program Files\Java\jdk-17\bin\verify.dll
0x00007ffb28000000 - 0x00007ffb28027000 	D:\AppNutrilfit\.gradle\native\1def1411415f61bf3af743bc5b6707747c0891f09f0c88961ee8f79bc544acac\windows-amd64\native-platform.dll
0x00007ffb09f10000 - 0x00007ffb09f88000 	D:\AppNutrilfit\.gradle\native\0.2.7\x86_64-windows-gnu\gradle-fileevents.dll
0x00007ffb291a0000 - 0x00007ffb291aa000 	C:\Program Files\Java\jdk-17\bin\management.dll
0x00007ffb29120000 - 0x00007ffb2912b000 	C:\Program Files\Java\jdk-17\bin\management_ext.dll
0x00007ffb43fc0000 - 0x00007ffb43ff3000 	C:\WINDOWS\SYSTEM32\IPHLPAPI.DLL
0x00007ffb47130000 - 0x00007ffb4713a000 	C:\WINDOWS\System32\NSI.dll
0x00007ffb3cde0000 - 0x00007ffb3cdff000 	C:\WINDOWS\SYSTEM32\dhcpcsvc6.DLL
0x00007ffb3a470000 - 0x00007ffb3a495000 	C:\WINDOWS\SYSTEM32\dhcpcsvc.DLL
0x00007ffb44050000 - 0x00007ffb44176000 	C:\WINDOWS\SYSTEM32\DNSAPI.dll
0x00007ffb44f00000 - 0x00007ffb44f1b000 	C:\WINDOWS\SYSTEM32\CRYPTSP.dll
0x00007ffb44510000 - 0x00007ffb4454b000 	C:\WINDOWS\system32\rsaenh.dll
0x00007ffb44bc0000 - 0x00007ffb44beb000 	C:\WINDOWS\SYSTEM32\USERENV.dll
0x00007ffb45730000 - 0x00007ffb45756000 	C:\WINDOWS\SYSTEM32\bcrypt.dll
0x00007ffb44ee0000 - 0x00007ffb44eec000 	C:\WINDOWS\SYSTEM32\CRYPTBASE.dll
0x00007ffb22f40000 - 0x00007ffb22f4e000 	C:\Program Files\Java\jdk-17\bin\sunmscapi.dll
0x00007ffb45850000 - 0x00007ffb459c7000 	C:\WINDOWS\System32\CRYPT32.dll
0x00007ffb450c0000 - 0x00007ffb450f0000 	C:\WINDOWS\SYSTEM32\ncrypt.dll
0x00007ffb45070000 - 0x00007ffb450af000 	C:\WINDOWS\SYSTEM32\NTASN1.dll
0x00007ffab57d0000 - 0x00007ffab57d8000 	C:\WINDOWS\system32\wshunix.dll

dbghelp: loaded successfully - version: 4.0.5 - missing functions: none
symbol engine: initialized successfully - sym options: 0x614 - pdb path: .;C:\Program Files\Java\jdk-17\bin;C:\WINDOWS\SYSTEM32;C:\WINDOWS\WinSxS\amd64_microsoft.windows.common-controls_6595b64144ccf1df_6.0.26100.4484_none_3e0e6d4ce32ef3b3;C:\Program Files\Java\jdk-17\bin\server;D:\AppNutrilfit\.gradle\native\1def1411415f61bf3af743bc5b6707747c0891f09f0c88961ee8f79bc544acac\windows-amd64;D:\AppNutrilfit\.gradle\native\0.2.7\x86_64-windows-gnu

VM Arguments:
jvm_args: --add-opens=java.base/java.lang=ALL-UNNAMED --add-opens=java.base/java.lang.invoke=ALL-UNNAMED --add-opens=java.base/java.util=ALL-UNNAMED --add-opens=java.prefs/java.util.prefs=ALL-UNNAMED --add-exports=jdk.compiler/com.sun.tools.javac.api=ALL-UNNAMED --add-exports=jdk.compiler/com.sun.tools.javac.util=ALL-UNNAMED --add-opens=java.base/java.util=ALL-UNNAMED --add-opens=java.prefs/java.util.prefs=ALL-UNNAMED --add-opens=java.base/java.nio.charset=ALL-UNNAMED --add-opens=java.base/java.net=ALL-UNNAMED --add-opens=java.base/java.util.concurrent.atomic=ALL-UNNAMED --add-opens=java.xml/javax.xml.namespace=ALL-UNNAMED -XX:MaxMetaspaceSize=1024m -Xmx4096m -Dfile.encoding=UTF-8 -Duser.country=FR -Duser.language=fr -Duser.variant -javaagent:D:\AppNutrilfit\.gradle\wrapper\dists\gradle-8.14.1-bin\baw1sv0jfoi8rxs14qo3h49cs\gradle-8.14.1\lib\agents\gradle-instrumentation-agent-8.14.1.jar 
java_command: org.gradle.launcher.daemon.bootstrap.GradleDaemon 8.14.1
java_class_path (initial): D:\AppNutrilfit\.gradle\wrapper\dists\gradle-8.14.1-bin\baw1sv0jfoi8rxs14qo3h49cs\gradle-8.14.1\lib\gradle-daemon-main-8.14.1.jar
Launcher Type: SUN_STANDARD

[Global flags]
     intx CICompilerCount                          = 4                                         {product} {ergonomic}
   size_t CompressedClassSpaceSize                 = 872415232                                 {product} {ergonomic}
     uint ConcGCThreads                            = 3                                         {product} {ergonomic}
     uint G1ConcRefinementThreads                  = 10                                        {product} {ergonomic}
   size_t G1HeapRegionSize                         = 2097152                                   {product} {ergonomic}
    uintx GCDrainStackTargetSize                   = 64                                        {product} {ergonomic}
   size_t InitialHeapSize                          = 266338304                                 {product} {ergonomic}
   size_t MarkStackSize                            = 4194304                                   {product} {ergonomic}
   size_t MaxHeapSize                              = 4294967296                                {product} {command line}
   size_t MaxMetaspaceSize                         = 1073741824                                {product} {command line}
   size_t MaxNewSize                               = 2575302656                                {product} {ergonomic}
   size_t MinHeapDeltaBytes                        = 2097152                                   {product} {ergonomic}
   size_t MinHeapSize                              = 8388608                                   {product} {ergonomic}
    uintx NonNMethodCodeHeapSize                   = 5839372                                {pd product} {ergonomic}
    uintx NonProfiledCodeHeapSize                  = 122909434                              {pd product} {ergonomic}
    uintx ProfiledCodeHeapSize                     = 122909434                              {pd product} {ergonomic}
    uintx ReservedCodeCacheSize                    = 251658240                              {pd product} {ergonomic}
     bool SegmentedCodeCache                       = true                                      {product} {ergonomic}
   size_t SoftMaxHeapSize                          = 4294967296                             {manageable} {ergonomic}
     bool UseCompressedClassPointers               = true                           {product lp64_product} {ergonomic}
     bool UseCompressedOops                        = true                           {product lp64_product} {ergonomic}
     bool UseG1GC                                  = true                                      {product} {ergonomic}
     bool UseLargePagesIndividualAllocation        = false                                  {pd product} {ergonomic}

Logging:
Log output configuration:
 #0: stdout all=warning uptime,level,tags
 #1: stderr all=off uptime,level,tags

Environment Variables:
JAVA_HOME=C:\Program Files\Java\jdk-17
CLASSPATH=.;D:\Etudes\S5\Mr Tahina\Projet_Prelevement\WEB-INF\lib\ojdbc5.jar;C:\Users\Adrianno\AppData\Local\Programs\Python\Python312;
PATH=C:\Program Files\Common Files\Oracle\Java\javapath;C:\Program Files\Java\jdk-17\bin;.;G:\app\Adrianno\product\11.2.0\dbhome_1\bin;C:\app\Adrianno\product\21c\dbhomeXE\bin;C:\WINDOWS\system32;C:\WINDOWS;C:\WINDOWS\System32\Wbem;C:\WINDOWS\System32\WindowsPowerShell\v1.0\;C:\WINDOWS\System32\OpenSSH\;C:\Program Files\NVIDIA Corporation\NVIDIA NvDLISR;C:\Program Files (x86)\NVIDIA Corporation\PhysX\Common;C:\Program Files\dotnet\;%JBOSS_HOME%\bin;C:\xampp\php;D:\Etudes\S5\Mr Tahina\apache-ant-1.10.15\bin;C:\Users\Adrianno\AppData\Roaming\nvm;C:\Program Files\nodejs;C:\Program Files\nodejs\;C:\Program Files\PostgreSQL\16\bin;C:\Program Files\Java\jdk-21\bin;C:\Program Files\Apache Software Foundation\Tomcat 10.0\webapps\apache-maven-3.8.8-bin\apache-maven-3.8.8\bin;D:\Etudes\S5\Mr Tahina\Foot\project-bolt-sb1-9gpezuju\project\lib;D:\Etudes\S5\Mr Tahina\horsJeux\native;D:\Etudes\S5\Mr Tahina\horsJeux\lib\opencv-490.jar;C:\Users\Adrianno\Downloads\opencv\build\java\opencv-4110.jar;C:\Users\Adrianno\Downloads\opencv\build\java\x64\opencv_java4110.dll;C:\composer;C:\xampp\php\extras\openssl;C:\ProgramData\ComposerSetup\bin;C:\Program Files\Git\cmd;C:\Program Files\Git\bin;C:\Users\Adrianno\scoop\shims;.;C:\Users\Adrianno\AppData\Local\Programs\Python\Launcher\;C:\Users\Adrianno\AppData\Local\Microsoft\WindowsApps;C:\Users\Adrianno\AppData\Local\Programs\Microsoft VS Code\bin;%JBOSS_HOME%\bin;C:\Program Files\Java\jdk-21\bin;C:\Users\Adrianno\AppData\Roaming\nvm;C:\Program Files\nodejs;C:\Users\Adrianno\AppData\Roaming\npm;C:\Program Files\PostgreSQL\16\bin;C:\xampp\php;C:\Users\Adrianno\.dotnet\tools;C:\Program Files\Apache Software Foundation\Tomcat 10.0\webapps\apache-maven-3.8.8-bin\apache-maven-3.8.8\bin;D:\Etudes\S5\Mr Tahina\horsJeux\native\opencv-490.jar;C:\Users\Adrianno\Downloads\opencv\build\bin\opencv_videoio_ffmpeg4110_64.dll;C:\Users\Adrianno\Downloads\opencv\build\java\opencv-4110.jar;C:\Users\Adrianno\AppData\Local\GitHubDesktop\bin;C:\Users\Adrianno\AppDat
USERNAME=Adrianno
OS=Windows_NT
PROCESSOR_IDENTIFIER=Intel64 Family 6 Model 158 Stepping 10, GenuineIntel



---------------  S Y S T E M  ---------------

OS:
 Windows 11 , 64 bit Build 26100 (10.0.26100.4484)
OS uptime: 0 days 1:49 hours
Hyper-V role detected

CPU: total 12 (initial active 12) (6 cores per cpu, 2 threads per core) family 6 model 158 stepping 10 microcode 0xde, cx8, cmov, fxsr, ht, mmx, 3dnowpref, sse, sse2, sse3, ssse3, sse4.1, sse4.2, popcnt, lzcnt, tsc, tscinvbit, avx, avx2, aes, erms, clmul, bmi1, bmi2, adx, fma, vzeroupper, clflush, clflushopt, hv

Memory: 4k page, system-wide physical 16234M (4410M free)
TotalPageFile size 31317M (AvailPageFile size 10M)
current process WorkingSet (physical memory assigned to process): 178M, peak: 180M
current process commit charge ("private bytes"): 404M, peak: 405M

vm_info: Java HotSpot(TM) 64-Bit Server VM (17.0.12+8-LTS-286) for windows-amd64 JRE (17.0.12+8-LTS-286), built on Jun  5 2024 06:46:59 by "mach5one" with MS VC++ 17.6 (VS2022)

END.
