#
# There is insufficient memory for the Java Runtime Environment to continue.
# Native memory allocation (malloc) failed to allocate 1048576 bytes. Error detail: AllocateHeap
# Possible reasons:
#   The system is out of physical RAM or swap space
#   This process is running with CompressedOops enabled, and the Java Heap may be blocking the growth of the native heap
# Possible solutions:
#   Reduce memory load on the system
#   Increase physical memory or swap space
#   Check if swap backing store is full
#   Decrease Java heap size (-Xmx/-Xms)
#   Decrease number of Java threads
#   Decrease Java thread stack sizes (-Xss)
#   Set larger code cache with -XX:ReservedCodeCacheSize=
#   JVM is running with Unscaled Compressed Oops mode in which the Java heap is
#     placed in the first 4GB address space. The Java Heap base address is the
#     maximum limit for the native heap growth. Please use -XX:HeapBaseMinAddress
#     to set the Java Heap base and to place the Java Heap above 4GB virtual address.
# This output file may be truncated or incomplete.
#
#  Out of Memory Error (allocation.cpp:44), pid=14912, tid=13316
#
# JRE version: OpenJDK Runtime Environment Temurin-21.0.8+9 (21.0.8+9) (build 21.0.8+9-LTS)
# Java VM: OpenJDK 64-Bit Server VM Temurin-21.0.8+9 (21.0.8+9-LTS, mixed mode, sharing, tiered, compressed oops, compressed class ptrs, parallel gc, windows-amd64)
# No core dump will be written. Minidumps are not enabled by default on client versions of Windows
#

---------------  S U M M A R Y ------------

Command Line: --add-modules=ALL-SYSTEM --add-opens=java.base/java.util=ALL-UNNAMED --add-opens=java.base/java.lang=ALL-UNNAMED --add-opens=java.base/sun.nio.fs=ALL-UNNAMED -Declipse.application=org.eclipse.jdt.ls.core.id1 -Dosgi.bundles.defaultStartLevel=4 -Declipse.product=org.eclipse.jdt.ls.core.product -Djava.import.generatesMetadataFilesAtProjectRoot=false -DDetectVMInstallationsJob.disabled=true -Dfile.encoding=utf8 -XX:+UseParallelGC -XX:GCTimeRatio=4 -XX:AdaptiveSizePolicyWeight=90 -Dsun.zip.disableMemoryMapping=true -Xmx2G -Xms100m -Xlog:disable -javaagent:c:\Users\Adrianno\.vscode\extensions\redhat.java-1.44.0-win32-x64\lombok\lombok-1.18.39-4050.jar -XX:+HeapDumpOnOutOfMemoryError -XX:HeapDumpPath=c:\Users\Adrianno\AppData\Roaming\Code\User\workspaceStorage\781d6fa11dd267006e6a6756233025f1\redhat.java -Daether.dependencyCollector.impl=bf c:\Users\Adrianno\.vscode\extensions\redhat.java-1.44.0-win32-x64\server\plugins\org.eclipse.equinox.launcher_1.7.0.v20250519-0528.jar -configuration c:\Users\Adrianno\AppData\Roaming\Code\User\globalStorage\redhat.java\1.44.0\config_win -data c:\Users\Adrianno\AppData\Roaming\Code\User\workspaceStorage\781d6fa11dd267006e6a6756233025f1\redhat.java\jdt_ws --pipe=\\.\pipe\lsp-60ca5515aeafbbd02700f3f9ed2b548f-sock

Host: Intel(R) Core(TM) i7-8750H CPU @ 2.20GHz, 12 cores, 15G,  Windows 11 , 64 bit Build 26100 (10.0.26100.4484)
Time: Thu Aug  7 20:33:34 2025 Arabie  elapsed time: 3219.024490 seconds (0d 0h 53m 39s)

---------------  T H R E A D  ---------------

Current thread (0x000001d847b3b940):  JavaThread "Attach Listener" daemon [_thread_in_vm, id=13316, stack(0x0000005c45500000,0x0000005c45600000) (1024K)]

Stack: [0x0000005c45500000,0x0000005c45600000]
Native frames: (J=compiled Java code, j=interpreted, Vv=VM code, C=native code)
V  [jvm.dll+0x6d2449]
V  [jvm.dll+0x8ae341]
V  [jvm.dll+0x8b08be]
V  [jvm.dll+0x8b0fa3]
V  [jvm.dll+0x280c96]
V  [jvm.dll+0xc0347]
V  [jvm.dll+0x6d2cf9]
V  [jvm.dll+0x131116]
V  [jvm.dll+0x3f2d16]
V  [jvm.dll+0x857e6b]
V  [jvm.dll+0x6d0b0d]
C  [ucrtbase.dll+0x37b0]
C  [KERNEL32.DLL+0x2e8d7]
C  [ntdll.dll+0x3c34c]


---------------  P R O C E S S  ---------------

Threads class SMR info:
_java_thread_list=0x000001d860bfb100, length=46, elements={
0x000001d84568c9b0, 0x000001d847b373d0, 0x000001d847a3e7b0, 0x000001d847b3aef0,
0x000001d847b3b940, 0x000001d847b3ee50, 0x000001d847b42690, 0x000001d847b4e6a0,
0x000001d85f78ba90, 0x000001d85f8afa90, 0x000001d85f8aed70, 0x000001d85f8b14d0,
0x000001d85f8b0120, 0x000001d85f8af400, 0x000001d85f8b07b0, 0x000001d85f8b0e40,
0x000001d85f8ae6e0, 0x000001d86546ec50, 0x000001d86546c4f0, 0x000001d86546f2e0,
0x000001d86546cb80, 0x000001d865472760, 0x000001d865472df0, 0x000001d865470000,
0x000001d865470690, 0x000001d865470d20, 0x000001d8654713b0, 0x000001d865471a40,
0x000001d8654720d0, 0x000001d866fbb570, 0x000001d866fbbc00, 0x000001d866fbc290,
0x000001d866fbc920, 0x000001d866fbcfb0, 0x000001d866fbd640, 0x000001d866fbdcd0,
0x000001d866fbf710, 0x000001d866fbf080, 0x000001d866fc17e0, 0x000001d85f8b1b60,
0x000001d869546d50, 0x000001d869548100, 0x000001d869548790, 0x000001d86546b7d0,
0x000001d86abc1480, 0x000001d86abc21a0
}

Java Threads: ( => current thread )
  0x000001d84568c9b0 JavaThread "main"                              [_thread_blocked, id=8028, stack(0x0000005c44e00000,0x0000005c44f00000) (1024K)]
  0x000001d847b373d0 JavaThread "Reference Handler"          daemon [_thread_blocked, id=8096, stack(0x0000005c45200000,0x0000005c45300000) (1024K)]
  0x000001d847a3e7b0 JavaThread "Finalizer"                  daemon [_thread_blocked, id=4812, stack(0x0000005c45300000,0x0000005c45400000) (1024K)]
  0x000001d847b3aef0 JavaThread "Signal Dispatcher"          daemon [_thread_blocked, id=11496, stack(0x0000005c45400000,0x0000005c45500000) (1024K)]
=>0x000001d847b3b940 JavaThread "Attach Listener"            daemon [_thread_in_vm, id=13316, stack(0x0000005c45500000,0x0000005c45600000) (1024K)]
  0x000001d847b3ee50 JavaThread "Service Thread"             daemon [_thread_blocked, id=15020, stack(0x0000005c45600000,0x0000005c45700000) (1024K)]
  0x000001d847b42690 JavaThread "Monitor Deflation Thread"   daemon [_thread_blocked, id=20476, stack(0x0000005c45700000,0x0000005c45800000) (1024K)]
  0x000001d847b4e6a0 JavaThread "C2 CompilerThread0"         daemon [_thread_blocked, id=18408, stack(0x0000005c45800000,0x0000005c45900000) (1024K)]
  0x000001d85f78ba90 JavaThread "C1 CompilerThread0"         daemon [_thread_blocked, id=16680, stack(0x0000005c45900000,0x0000005c45a00000) (1024K)]
  0x000001d85f8afa90 JavaThread "Common-Cleaner"             daemon [_thread_blocked, id=10528, stack(0x0000005c45a00000,0x0000005c45b00000) (1024K)]
  0x000001d85f8aed70 JavaThread "Notification Thread"        daemon [_thread_blocked, id=20504, stack(0x0000005c45c00000,0x0000005c45d00000) (1024K)]
  0x000001d85f8b14d0 JavaThread "Active Thread: Equinox Container: 6387e5cc-9c94-4f24-abb9-e8af50f6201f"        [_thread_blocked, id=20556, stack(0x0000005c46400000,0x0000005c46500000) (1024K)]
  0x000001d85f8b0120 JavaThread "Refresh Thread: Equinox Container: 6387e5cc-9c94-4f24-abb9-e8af50f6201f" daemon [_thread_blocked, id=9340, stack(0x0000005c46600000,0x0000005c46700000) (1024K)]
  0x000001d85f8af400 JavaThread "Framework Event Dispatcher: Equinox Container: 6387e5cc-9c94-4f24-abb9-e8af50f6201f" daemon [_thread_blocked, id=4388, stack(0x0000005c46700000,0x0000005c46800000) (1024K)]
  0x000001d85f8b07b0 JavaThread "Start Level: Equinox Container: 6387e5cc-9c94-4f24-abb9-e8af50f6201f" daemon [_thread_blocked, id=18040, stack(0x0000005c46800000,0x0000005c46900000) (1024K)]
  0x000001d85f8b0e40 JavaThread "Bundle File Closer"         daemon [_thread_blocked, id=15584, stack(0x0000005c46b00000,0x0000005c46c00000) (1024K)]
  0x000001d85f8ae6e0 JavaThread "SCR Component Actor"        daemon [_thread_blocked, id=14596, stack(0x0000005c45b00000,0x0000005c45c00000) (1024K)]
  0x000001d86546ec50 JavaThread "Worker-JM"                         [_thread_blocked, id=21400, stack(0x0000005c46d00000,0x0000005c46e00000) (1024K)]
  0x000001d86546c4f0 JavaThread "Java indexing"              daemon [_thread_blocked, id=13292, stack(0x0000005c47000000,0x0000005c47100000) (1024K)]
  0x000001d86546f2e0 JavaThread "JNA Cleaner"                daemon [_thread_blocked, id=20756, stack(0x0000005c47500000,0x0000005c47600000) (1024K)]
  0x000001d86546cb80 JavaThread "Thread-2"                   daemon [_thread_in_native, id=20660, stack(0x0000005c47a00000,0x0000005c47b00000) (1024K)]
  0x000001d865472760 JavaThread "Thread-3"                   daemon [_thread_in_native, id=20776, stack(0x0000005c47b00000,0x0000005c47c00000) (1024K)]
  0x000001d865472df0 JavaThread "Thread-4"                   daemon [_thread_in_native, id=8196, stack(0x0000005c47c00000,0x0000005c47d00000) (1024K)]
  0x000001d865470000 JavaThread "Thread-5"                   daemon [_thread_in_native, id=2396, stack(0x0000005c47d00000,0x0000005c47e00000) (1024K)]
  0x000001d865470690 JavaThread "Thread-6"                   daemon [_thread_in_native, id=11932, stack(0x0000005c47e00000,0x0000005c47f00000) (1024K)]
  0x000001d865470d20 JavaThread "Thread-7"                   daemon [_thread_in_native, id=20000, stack(0x0000005c47f00000,0x0000005c48000000) (1024K)]
  0x000001d8654713b0 JavaThread "Thread-8"                   daemon [_thread_in_native, id=17656, stack(0x0000005c48000000,0x0000005c48100000) (1024K)]
  0x000001d865471a40 JavaThread "Thread-9"                   daemon [_thread_in_native, id=20852, stack(0x0000005c48100000,0x0000005c48200000) (1024K)]
  0x000001d8654720d0 JavaThread "Thread-10"                  daemon [_thread_in_native, id=3308, stack(0x0000005c48200000,0x0000005c48300000) (1024K)]
  0x000001d866fbb570 JavaThread "Thread-11"                  daemon [_thread_in_native, id=20432, stack(0x0000005c48300000,0x0000005c48400000) (1024K)]
  0x000001d866fbbc00 JavaThread "Thread-12"                  daemon [_thread_in_native, id=21172, stack(0x0000005c48400000,0x0000005c48500000) (1024K)]
  0x000001d866fbc290 JavaThread "Thread-13"                  daemon [_thread_in_native, id=11304, stack(0x0000005c48500000,0x0000005c48600000) (1024K)]
  0x000001d866fbc920 JavaThread "Thread-14"                  daemon [_thread_in_native, id=21220, stack(0x0000005c48600000,0x0000005c48700000) (1024K)]
  0x000001d866fbcfb0 JavaThread "pool-2-thread-1"                   [_thread_blocked, id=13664, stack(0x0000005c48700000,0x0000005c48800000) (1024K)]
  0x000001d866fbd640 JavaThread "WorkspaceEventsHandler"            [_thread_blocked, id=21424, stack(0x0000005c48900000,0x0000005c48a00000) (1024K)]
  0x000001d866fbdcd0 JavaThread "pool-1-thread-1"                   [_thread_blocked, id=20636, stack(0x0000005c48a00000,0x0000005c48b00000) (1024K)]
  0x000001d866fbf710 JavaThread "Timer-0"                           [_thread_blocked, id=4480, stack(0x0000005c45d00000,0x0000005c45e00000) (1024K)]
  0x000001d866fbf080 JavaThread "Timer-1"                           [_thread_blocked, id=3296, stack(0x0000005c47100000,0x0000005c47200000) (1024K)]
  0x000001d866fc17e0 JavaThread "Timer-2"                           [_thread_blocked, id=12300, stack(0x0000005c48c00000,0x0000005c48d00000) (1024K)]
  0x000001d85f8b1b60 JavaThread "Timer-3"                           [_thread_blocked, id=11344, stack(0x0000005c48e00000,0x0000005c48f00000) (1024K)]
  0x000001d869546d50 JavaThread "Timer-4"                           [_thread_blocked, id=12812, stack(0x0000005c48f00000,0x0000005c49000000) (1024K)]
  0x000001d869548100 JavaThread "Timer-5"                           [_thread_blocked, id=9476, stack(0x0000005c44c00000,0x0000005c44d00000) (1024K)]
  0x000001d869548790 JavaThread "Timer-6"                           [_thread_blocked, id=11072, stack(0x0000005c44d00000,0x0000005c44e00000) (1024K)]
  0x000001d86546b7d0 JavaThread "Worker-7"                          [_thread_blocked, id=21868, stack(0x0000005c47300000,0x0000005c47400000) (1024K)]
  0x000001d86abc1480 JavaThread "Worker-9"                          [_thread_blocked, id=13916, stack(0x0000005c48b00000,0x0000005c48c00000) (1024K)]
  0x000001d86abc21a0 JavaThread "Timer-7"                           [_thread_blocked, id=13940, stack(0x0000005c49100000,0x0000005c49200000) (1024K)]
Total: 46

Other Threads:
  0x000001d847a24590 VMThread "VM Thread"                           [id=5700, stack(0x0000005c45100000,0x0000005c45200000) (1024K)]
  0x000001d84791ca00 WatcherThread "VM Periodic Task Thread"        [id=5440, stack(0x0000005c45000000,0x0000005c45100000) (1024K)]
  0x000001d847aaf010 WorkerThread "GC Thread#0"                     [id=12912, stack(0x0000005c44f00000,0x0000005c45000000) (1024K)]
  0x000001d860b54b50 WorkerThread "GC Thread#1"                     [id=5688, stack(0x0000005c45e00000,0x0000005c45f00000) (1024K)]
  0x000001d8609d9b70 WorkerThread "GC Thread#2"                     [id=3504, stack(0x0000005c45f00000,0x0000005c46000000) (1024K)]
  0x000001d860b4efc0 WorkerThread "GC Thread#3"                     [id=7456, stack(0x0000005c46000000,0x0000005c46100000) (1024K)]
  0x000001d860b4f360 WorkerThread "GC Thread#4"                     [id=13364, stack(0x0000005c46100000,0x0000005c46200000) (1024K)]
  0x000001d860b4f700 WorkerThread "GC Thread#5"                     [id=8320, stack(0x0000005c46200000,0x0000005c46300000) (1024K)]
  0x000001d860b4faa0 WorkerThread "GC Thread#6"                     [id=10004, stack(0x0000005c46300000,0x0000005c46400000) (1024K)]
  0x000001d860bdc880 WorkerThread "GC Thread#7"                     [id=1176, stack(0x0000005c46500000,0x0000005c46600000) (1024K)]
  0x000001d86583d320 WorkerThread "GC Thread#8"                     [id=11372, stack(0x0000005c46900000,0x0000005c46a00000) (1024K)]
  0x000001d86539e210 WorkerThread "GC Thread#9"                     [id=15952, stack(0x0000005c46a00000,0x0000005c46b00000) (1024K)]
Total: 12

Threads with active compile tasks:
Total: 0

VM state: not at safepoint (normal execution)

VM Mutex/Monitor currently owned by a thread: None

Heap address: 0x0000000080000000, size: 2048 MB, Compressed Oops mode: 32-bit

CDS archive(s) mapped at: [0x000001d800000000-0x000001d800ba0000-0x000001d800ba0000), size 12189696, SharedBaseAddress: 0x000001d800000000, ArchiveRelocationMode: 1.
Compressed class space mapped at: 0x000001d801000000-0x000001d841000000, reserved size: 1073741824
Narrow klass base: 0x000001d800000000, Narrow klass shift: 0, Narrow klass range: 0x100000000

GC Precious Log:
 CardTable entry size: 512
 CPUs: 12 total, 12 available
 Memory: 16234M
 Large Page Support: Disabled
 NUMA Support: Disabled
 Compressed Oops: Enabled (32-bit)
 Alignments: Space 512K, Generation 512K, Heap 2M
 Heap Min Capacity: 100M
 Heap Initial Capacity: 100M
 Heap Max Capacity: 2G
 Pre-touch: Disabled
 Parallel Workers: 10

Heap:
 PSYoungGen      total 9216K, used 2626K [0x00000000d5580000, 0x00000000d6580000, 0x0000000100000000)
  eden space 7680K, 15% used [0x00000000d5580000,0x00000000d56b2468,0x00000000d5d00000)
  from space 1536K, 91% used [0x00000000d5e80000,0x00000000d5fde778,0x00000000d6000000)
  to   space 3072K, 0% used [0x00000000d6280000,0x00000000d6280000,0x00000000d6580000)
 ParOldGen       total 751104K, used 750770K [0x0000000080000000, 0x00000000add80000, 0x00000000d5580000)
  object space 751104K, 99% used [0x0000000080000000,0x00000000add2ca20,0x00000000add80000)
 Metaspace       used 79113K, committed 80704K, reserved 1179648K
  class space    used 9731K, committed 10432K, reserved 1048576K

Card table byte_map: [0x000001d847430000,0x000001d847840000] _byte_map_base: 0x000001d847030000

Marking Bits: (ParMarkBitMap*) 0x00007ffaddc5a340
 Begin Bits: [0x000001d859f30000, 0x000001d85bf30000)
 End Bits:   [0x000001d85bf30000, 0x000001d85df30000)

Polling page: 0x000001d845840000

Metaspace:

Usage:
  Non-class:     67.76 MB used.
      Class:      9.50 MB used.
       Both:     77.26 MB used.

Virtual space:
  Non-class space:      128.00 MB reserved,      68.62 MB ( 54%) committed,  2 nodes.
      Class space:        1.00 GB reserved,      10.19 MB ( <1%) committed,  1 nodes.
             Both:        1.12 GB reserved,      78.81 MB (  7%) committed. 

Chunk freelists:
   Non-Class:  11.04 MB
       Class:  5.62 MB
        Both:  16.67 MB

MaxMetaspaceSize: unlimited
CompressedClassSpaceSize: 1.00 GB
Initial GC threshold: 21.00 MB
Current GC threshold: 130.88 MB
CDS: on
 - commit_granule_bytes: 65536.
 - commit_granule_words: 8192.
 - virtual_space_node_default_size: 8388608.
 - enlarge_chunks_in_place: 1.
 - use_allocation_guard: 0.


Internal statistics:

num_allocs_failed_limit: 11.
num_arena_births: 1560.
num_arena_deaths: 44.
num_vsnodes_births: 3.
num_vsnodes_deaths: 0.
num_space_committed: 1261.
num_space_uncommitted: 0.
num_chunks_returned_to_freelist: 68.
num_chunks_taken_from_freelist: 5074.
num_chunk_merges: 16.
num_chunk_splits: 3172.
num_chunks_enlarged: 1877.
num_inconsistent_stats: 0.

CodeHeap 'non-profiled nmethods': size=120000Kb used=12241Kb max_used=12241Kb free=107758Kb
 bounds [0x000001d852750000, 0x000001d853360000, 0x000001d859c80000]
CodeHeap 'profiled nmethods': size=120000Kb used=24031Kb max_used=25180Kb free=95968Kb
 bounds [0x000001d84ac80000, 0x000001d84c550000, 0x000001d8521b0000]
CodeHeap 'non-nmethods': size=5760Kb used=1471Kb max_used=1575Kb free=4288Kb
 bounds [0x000001d8521b0000, 0x000001d852420000, 0x000001d852750000]
CodeCache: size=245760Kb, used=37743Kb, max_used=38996Kb, free=208014Kb
 total_blobs=12037, nmethods=11254, adapters=689, full_count=0
Compilation: enabled, stopped_count=0, restarted_count=0

Compilation events (20 events):
Event: 1964.849 Thread 0x000001d85f78ba90 12691   !   3       java.util.TimerThread::mainLoop (232 bytes)
Event: 1964.850 Thread 0x000001d85f78ba90 nmethod 12691 0x000001d84b7ae890 code [0x000001d84b7aeb40, 0x000001d84b7af980]
Event: 1980.901 Thread 0x000001d85f78ba90 12692       3       java.util.concurrent.ScheduledThreadPoolExecutor::triggerTime (22 bytes)
Event: 1980.902 Thread 0x000001d85f78ba90 nmethod 12692 0x000001d84b03d890 code [0x000001d84b03da40, 0x000001d84b03dc20]
Event: 2252.689 Thread 0x000001d85f78ba90 12693       1       org.eclipse.osgi.internal.framework.EquinoxContainer::getStorage (5 bytes)
Event: 2252.689 Thread 0x000001d85f78ba90 nmethod 12693 0x000001d852822090 code [0x000001d852822220, 0x000001d8528222e8]
Event: 2351.162 Thread 0x000001d847b4e6a0 12694       4       java.util.concurrent.locks.LockSupport::setBlocker (12 bytes)
Event: 2351.162 Thread 0x000001d847b4e6a0 nmethod 12694 0x000001d852a37410 code [0x000001d852a37580, 0x000001d852a37608]
Event: 2571.338 Thread 0x000001d85f78ba90 12695       3       org.eclipse.jdt.ls.core.internal.ParentProcessWatcher::run (83 bytes)
Event: 2571.341 Thread 0x000001d85f78ba90 nmethod 12695 0x000001d84af6f290 code [0x000001d84af6f520, 0x000001d84af6ff50]
Event: 2571.341 Thread 0x000001d85f78ba90 12696   !   3       org.eclipse.jdt.ls.core.internal.ParentProcessWatcher::parentProcessStillRunning (492 bytes)
Event: 2571.348 Thread 0x000001d85f78ba90 nmethod 12696 0x000001d84b55e010 code [0x000001d84b55e920, 0x000001d84b562630]
Event: 2651.405 Thread 0x000001d847b4e6a0 12697       4       java.util.concurrent.locks.AbstractQueuedSynchronizer$Node::setStatusRelaxed (12 bytes)
Event: 2651.406 Thread 0x000001d847b4e6a0 nmethod 12697 0x000001d852a37110 code [0x000001d852a372a0, 0x000001d852a37330]
Event: 2851.588 Thread 0x000001d85f78ba90 12698       3       java.lang.ProcessHandleImpl::<init> (15 bytes)
Event: 2851.588 Thread 0x000001d85f78ba90 nmethod 12698 0x000001d84b151b90 code [0x000001d84b151d40, 0x000001d84b151eb0]
Event: 3005.851 Thread 0x000001d85f78ba90 12699       3       java.util.HashMap$Node::setValue (12 bytes)
Event: 3005.851 Thread 0x000001d85f78ba90 nmethod 12699 0x000001d84afd3310 code [0x000001d84afd34a0, 0x000001d84afd35c8]
Event: 3213.093 Thread 0x000001d847b4e6a0 12700 % !   4       java.util.TimerThread::mainLoop @ 0 (232 bytes)
Event: 3213.113 Thread 0x000001d847b4e6a0 nmethod 12700% 0x000001d852a47890 code [0x000001d852a47b00, 0x000001d852a48790]

GC Heap History (20 events):
Event: 261.358 GC heap before
{Heap before GC invocations=3427 (full 4):
 PSYoungGen      total 6656K, used 6646K [0x00000000d5580000, 0x00000000d6680000, 0x0000000100000000)
  eden space 3584K, 100% used [0x00000000d5580000,0x00000000d5900000,0x00000000d5900000)
  from space 3072K, 99% used [0x00000000d5900000,0x00000000d5bfd888,0x00000000d5c00000)
  to   space 6656K, 0% used [0x00000000d6000000,0x00000000d6000000,0x00000000d6680000)
 ParOldGen       total 710656K, used 710279K [0x0000000080000000, 0x00000000ab600000, 0x00000000d5580000)
  object space 710656K, 99% used [0x0000000080000000,0x00000000ab5a1d30,0x00000000ab600000)
 Metaspace       used 78774K, committed 80448K, reserved 1179648K
  class space    used 9687K, committed 10432K, reserved 1048576K
}
Event: 261.364 GC heap after
{Heap after GC invocations=3427 (full 4):
 PSYoungGen      total 7168K, used 2371K [0x00000000d5580000, 0x00000000d6280000, 0x0000000100000000)
  eden space 4608K, 0% used [0x00000000d5580000,0x00000000d5580000,0x00000000d5a00000)
  from space 2560K, 92% used [0x00000000d6000000,0x00000000d6250df8,0x00000000d6280000)
  to   space 3584K, 0% used [0x00000000d5b80000,0x00000000d5b80000,0x00000000d5f00000)
 ParOldGen       total 711168K, used 711083K [0x0000000080000000, 0x00000000ab680000, 0x00000000d5580000)
  object space 711168K, 99% used [0x0000000080000000,0x00000000ab66af70,0x00000000ab680000)
 Metaspace       used 78774K, committed 80448K, reserved 1179648K
  class space    used 9687K, committed 10432K, reserved 1048576K
}
Event: 261.397 GC heap before
{Heap before GC invocations=3428 (full 4):
 PSYoungGen      total 7168K, used 6979K [0x00000000d5580000, 0x00000000d6280000, 0x0000000100000000)
  eden space 4608K, 100% used [0x00000000d5580000,0x00000000d5a00000,0x00000000d5a00000)
  from space 2560K, 92% used [0x00000000d6000000,0x00000000d6250df8,0x00000000d6280000)
  to   space 3584K, 0% used [0x00000000d5b80000,0x00000000d5b80000,0x00000000d5f00000)
 ParOldGen       total 711168K, used 711083K [0x0000000080000000, 0x00000000ab680000, 0x00000000d5580000)
  object space 711168K, 99% used [0x0000000080000000,0x00000000ab66af70,0x00000000ab680000)
 Metaspace       used 78774K, committed 80448K, reserved 1179648K
  class space    used 9687K, committed 10432K, reserved 1048576K
}
Event: 261.406 GC heap after
{Heap after GC invocations=3428 (full 4):
 PSYoungGen      total 9216K, used 3563K [0x00000000d5580000, 0x00000000d6a00000, 0x0000000100000000)
  eden space 5632K, 0% used [0x00000000d5580000,0x00000000d5580000,0x00000000d5b00000)
  from space 3584K, 99% used [0x00000000d5b80000,0x00000000d5efaf10,0x00000000d5f00000)
  to   space 7680K, 0% used [0x00000000d6280000,0x00000000d6280000,0x00000000d6a00000)
 ParOldGen       total 714752K, used 714391K [0x0000000080000000, 0x00000000aba00000, 0x00000000d5580000)
  object space 714752K, 99% used [0x0000000080000000,0x00000000ab9a5d68,0x00000000aba00000)
 Metaspace       used 78774K, committed 80448K, reserved 1179648K
  class space    used 9687K, committed 10432K, reserved 1048576K
}
Event: 261.436 GC heap before
{Heap before GC invocations=3429 (full 4):
 PSYoungGen      total 9216K, used 8935K [0x00000000d5580000, 0x00000000d6a00000, 0x0000000100000000)
  eden space 5632K, 95% used [0x00000000d5580000,0x00000000d5abefe0,0x00000000d5b00000)
  from space 3584K, 99% used [0x00000000d5b80000,0x00000000d5efaf10,0x00000000d5f00000)
  to   space 7680K, 0% used [0x00000000d6280000,0x00000000d6280000,0x00000000d6a00000)
 ParOldGen       total 714752K, used 714391K [0x0000000080000000, 0x00000000aba00000, 0x00000000d5580000)
  object space 714752K, 99% used [0x0000000080000000,0x00000000ab9a5d68,0x00000000aba00000)
 Metaspace       used 78774K, committed 80448K, reserved 1179648K
  class space    used 9687K, committed 10432K, reserved 1048576K
}
Event: 261.449 GC heap after
{Heap after GC invocations=3429 (full 4):
 PSYoungGen      total 13312K, used 5014K [0x00000000d5580000, 0x00000000d6880000, 0x0000000100000000)
  eden space 7168K, 0% used [0x00000000d5580000,0x00000000d5580000,0x00000000d5c80000)
  from space 6144K, 81% used [0x00000000d6280000,0x00000000d6765b20,0x00000000d6880000)
  to   space 6144K, 0% used [0x00000000d5c80000,0x00000000d5c80000,0x00000000d6280000)
 ParOldGen       total 718336K, used 717887K [0x0000000080000000, 0x00000000abd80000, 0x00000000d5580000)
  object space 718336K, 99% used [0x0000000080000000,0x00000000abd0fd68,0x00000000abd80000)
 Metaspace       used 78774K, committed 80448K, reserved 1179648K
  class space    used 9687K, committed 10432K, reserved 1048576K
}
Event: 261.922 GC heap before
{Heap before GC invocations=3430 (full 4):
 PSYoungGen      total 13312K, used 12182K [0x00000000d5580000, 0x00000000d6880000, 0x0000000100000000)
  eden space 7168K, 100% used [0x00000000d5580000,0x00000000d5c80000,0x00000000d5c80000)
  from space 6144K, 81% used [0x00000000d6280000,0x00000000d6765b20,0x00000000d6880000)
  to   space 6144K, 0% used [0x00000000d5c80000,0x00000000d5c80000,0x00000000d6280000)
 ParOldGen       total 718336K, used 717887K [0x0000000080000000, 0x00000000abd80000, 0x00000000d5580000)
  object space 718336K, 99% used [0x0000000080000000,0x00000000abd0fd68,0x00000000abd80000)
 Metaspace       used 78774K, committed 80448K, reserved 1179648K
  class space    used 9687K, committed 10432K, reserved 1048576K
}
Event: 261.932 GC heap after
{Heap after GC invocations=3430 (full 4):
 PSYoungGen      total 13312K, used 5357K [0x00000000d5580000, 0x00000000d6900000, 0x0000000100000000)
  eden space 7168K, 0% used [0x00000000d5580000,0x00000000d5580000,0x00000000d5c80000)
  from space 6144K, 87% used [0x00000000d5c80000,0x00000000d61bb530,0x00000000d6280000)
  to   space 5632K, 0% used [0x00000000d6380000,0x00000000d6380000,0x00000000d6900000)
 ParOldGen       total 721408K, used 720968K [0x0000000080000000, 0x00000000ac080000, 0x00000000d5580000)
  object space 721408K, 99% used [0x0000000080000000,0x00000000ac0123a0,0x00000000ac080000)
 Metaspace       used 78774K, committed 80448K, reserved 1179648K
  class space    used 9687K, committed 10432K, reserved 1048576K
}
Event: 262.054 GC heap before
{Heap before GC invocations=3431 (full 4):
 PSYoungGen      total 13312K, used 12525K [0x00000000d5580000, 0x00000000d6900000, 0x0000000100000000)
  eden space 7168K, 100% used [0x00000000d5580000,0x00000000d5c80000,0x00000000d5c80000)
  from space 6144K, 87% used [0x00000000d5c80000,0x00000000d61bb530,0x00000000d6280000)
  to   space 5632K, 0% used [0x00000000d6380000,0x00000000d6380000,0x00000000d6900000)
 ParOldGen       total 721408K, used 720968K [0x0000000080000000, 0x00000000ac080000, 0x00000000d5580000)
  object space 721408K, 99% used [0x0000000080000000,0x00000000ac0123a0,0x00000000ac080000)
 Metaspace       used 78774K, committed 80448K, reserved 1179648K
  class space    used 9687K, committed 10432K, reserved 1048576K
}
Event: 262.065 GC heap after
{Heap after GC invocations=3431 (full 4):
 PSYoungGen      total 10240K, used 3014K [0x00000000d5580000, 0x00000000d6680000, 0x0000000100000000)
  eden space 7168K, 0% used [0x00000000d5580000,0x00000000d5580000,0x00000000d5c80000)
  from space 3072K, 98% used [0x00000000d6380000,0x00000000d6671870,0x00000000d6680000)
  to   space 4096K, 0% used [0x00000000d5e80000,0x00000000d5e80000,0x00000000d6280000)
 ParOldGen       total 725504K, used 725080K [0x0000000080000000, 0x00000000ac480000, 0x00000000d5580000)
  object space 725504K, 99% used [0x0000000080000000,0x00000000ac4161d0,0x00000000ac480000)
 Metaspace       used 78774K, committed 80448K, reserved 1179648K
  class space    used 9687K, committed 10432K, reserved 1048576K
}
Event: 262.209 GC heap before
{Heap before GC invocations=3432 (full 4):
 PSYoungGen      total 10240K, used 10182K [0x00000000d5580000, 0x00000000d6680000, 0x0000000100000000)
  eden space 7168K, 100% used [0x00000000d5580000,0x00000000d5c80000,0x00000000d5c80000)
  from space 3072K, 98% used [0x00000000d6380000,0x00000000d6671870,0x00000000d6680000)
  to   space 4096K, 0% used [0x00000000d5e80000,0x00000000d5e80000,0x00000000d6280000)
 ParOldGen       total 725504K, used 725080K [0x0000000080000000, 0x00000000ac480000, 0x00000000d5580000)
  object space 725504K, 99% used [0x0000000080000000,0x00000000ac4161d0,0x00000000ac480000)
 Metaspace       used 78865K, committed 80512K, reserved 1179648K
  class space    used 9708K, committed 10432K, reserved 1048576K
}
Event: 262.224 GC heap after
{Heap after GC invocations=3432 (full 4):
 PSYoungGen      total 11264K, used 4095K [0x00000000d5580000, 0x00000000d6b80000, 0x0000000100000000)
  eden space 7168K, 0% used [0x00000000d5580000,0x00000000d5580000,0x00000000d5c80000)
  from space 4096K, 99% used [0x00000000d5e80000,0x00000000d627fc68,0x00000000d6280000)
  to   space 7680K, 0% used [0x00000000d6400000,0x00000000d6400000,0x00000000d6b80000)
 ParOldGen       total 728064K, used 727862K [0x0000000080000000, 0x00000000ac700000, 0x00000000d5580000)
  object space 728064K, 99% used [0x0000000080000000,0x00000000ac6cdb20,0x00000000ac700000)
 Metaspace       used 78865K, committed 80512K, reserved 1179648K
  class space    used 9708K, committed 10432K, reserved 1048576K
}
Event: 262.330 GC heap before
{Heap before GC invocations=3433 (full 4):
 PSYoungGen      total 11264K, used 11037K [0x00000000d5580000, 0x00000000d6b80000, 0x0000000100000000)
  eden space 7168K, 96% used [0x00000000d5580000,0x00000000d5c479e8,0x00000000d5c80000)
  from space 4096K, 99% used [0x00000000d5e80000,0x00000000d627fc68,0x00000000d6280000)
  to   space 7680K, 0% used [0x00000000d6400000,0x00000000d6400000,0x00000000d6b80000)
 ParOldGen       total 728064K, used 727862K [0x0000000080000000, 0x00000000ac700000, 0x00000000d5580000)
  object space 728064K, 99% used [0x0000000080000000,0x00000000ac6cdb20,0x00000000ac700000)
 Metaspace       used 78865K, committed 80512K, reserved 1179648K
  class space    used 9708K, committed 10432K, reserved 1048576K
}
Event: 262.343 GC heap after
{Heap after GC invocations=3433 (full 4):
 PSYoungGen      total 14336K, used 6684K [0x00000000d5580000, 0x00000000d6b00000, 0x0000000100000000)
  eden space 7168K, 0% used [0x00000000d5580000,0x00000000d5580000,0x00000000d5c80000)
  from space 7168K, 93% used [0x00000000d6400000,0x00000000d6a871f8,0x00000000d6b00000)
  to   space 7168K, 0% used [0x00000000d5d00000,0x00000000d5d00000,0x00000000d6400000)
 ParOldGen       total 732160K, used 731993K [0x0000000080000000, 0x00000000acb00000, 0x00000000d5580000)
  object space 732160K, 99% used [0x0000000080000000,0x00000000acad6598,0x00000000acb00000)
 Metaspace       used 78865K, committed 80512K, reserved 1179648K
  class space    used 9708K, committed 10432K, reserved 1048576K
}
Event: 262.367 GC heap before
{Heap before GC invocations=3434 (full 4):
 PSYoungGen      total 14336K, used 13852K [0x00000000d5580000, 0x00000000d6b00000, 0x0000000100000000)
  eden space 7168K, 100% used [0x00000000d5580000,0x00000000d5c80000,0x00000000d5c80000)
  from space 7168K, 93% used [0x00000000d6400000,0x00000000d6a871f8,0x00000000d6b00000)
  to   space 7168K, 0% used [0x00000000d5d00000,0x00000000d5d00000,0x00000000d6400000)
 ParOldGen       total 732160K, used 731993K [0x0000000080000000, 0x00000000acb00000, 0x00000000d5580000)
  object space 732160K, 99% used [0x0000000080000000,0x00000000acad6598,0x00000000acb00000)
 Metaspace       used 78873K, committed 80512K, reserved 1179648K
  class space    used 9709K, committed 10432K, reserved 1048576K
}
Event: 262.382 GC heap after
{Heap after GC invocations=3434 (full 4):
 PSYoungGen      total 14848K, used 6805K [0x00000000d5580000, 0x00000000d6c00000, 0x0000000100000000)
  eden space 7680K, 0% used [0x00000000d5580000,0x00000000d5580000,0x00000000d5d00000)
  from space 7168K, 94% used [0x00000000d5d00000,0x00000000d63a5670,0x00000000d6400000)
  to   space 7168K, 0% used [0x00000000d6500000,0x00000000d6500000,0x00000000d6c00000)
 ParOldGen       total 738816K, used 738600K [0x0000000080000000, 0x00000000ad180000, 0x00000000d5580000)
  object space 738816K, 99% used [0x0000000080000000,0x00000000ad14a310,0x00000000ad180000)
 Metaspace       used 78873K, committed 80512K, reserved 1179648K
  class space    used 9709K, committed 10432K, reserved 1048576K
}
Event: 262.482 GC heap before
{Heap before GC invocations=3435 (full 4):
 PSYoungGen      total 14848K, used 14485K [0x00000000d5580000, 0x00000000d6c00000, 0x0000000100000000)
  eden space 7680K, 100% used [0x00000000d5580000,0x00000000d5d00000,0x00000000d5d00000)
  from space 7168K, 94% used [0x00000000d5d00000,0x00000000d63a5670,0x00000000d6400000)
  to   space 7168K, 0% used [0x00000000d6500000,0x00000000d6500000,0x00000000d6c00000)
 ParOldGen       total 738816K, used 738600K [0x0000000080000000, 0x00000000ad180000, 0x00000000d5580000)
  object space 738816K, 99% used [0x0000000080000000,0x00000000ad14a310,0x00000000ad180000)
 Metaspace       used 78931K, committed 80512K, reserved 1179648K
  class space    used 9711K, committed 10432K, reserved 1048576K
}
Event: 262.501 GC heap after
{Heap after GC invocations=3435 (full 4):
 PSYoungGen      total 13312K, used 5568K [0x00000000d5580000, 0x00000000d6a80000, 0x0000000100000000)
  eden space 7680K, 0% used [0x00000000d5580000,0x00000000d5580000,0x00000000d5d00000)
  from space 5632K, 98% used [0x00000000d6500000,0x00000000d6a70020,0x00000000d6a80000)
  to   space 6144K, 0% used [0x00000000d5e80000,0x00000000d5e80000,0x00000000d6480000)
 ParOldGen       total 745472K, used 745322K [0x0000000080000000, 0x00000000ad800000, 0x00000000d5580000)
  object space 745472K, 99% used [0x0000000080000000,0x00000000ad7daa00,0x00000000ad800000)
 Metaspace       used 78931K, committed 80512K, reserved 1179648K
  class space    used 9711K, committed 10432K, reserved 1048576K
}
Event: 447.946 GC heap before
{Heap before GC invocations=3436 (full 4):
 PSYoungGen      total 13312K, used 13235K [0x00000000d5580000, 0x00000000d6a80000, 0x0000000100000000)
  eden space 7680K, 99% used [0x00000000d5580000,0x00000000d5cfce00,0x00000000d5d00000)
  from space 5632K, 98% used [0x00000000d6500000,0x00000000d6a70020,0x00000000d6a80000)
  to   space 6144K, 0% used [0x00000000d5e80000,0x00000000d5e80000,0x00000000d6480000)
 ParOldGen       total 745472K, used 745322K [0x0000000080000000, 0x00000000ad800000, 0x00000000d5580000)
  object space 745472K, 99% used [0x0000000080000000,0x00000000ad7daa00,0x00000000ad800000)
 Metaspace       used 79047K, committed 80640K, reserved 1179648K
  class space    used 9724K, committed 10432K, reserved 1048576K
}
Event: 447.967 GC heap after
{Heap after GC invocations=3436 (full 4):
 PSYoungGen      total 9216K, used 1401K [0x00000000d5580000, 0x00000000d6580000, 0x0000000100000000)
  eden space 7680K, 0% used [0x00000000d5580000,0x00000000d5580000,0x00000000d5d00000)
  from space 1536K, 91% used [0x00000000d5e80000,0x00000000d5fde778,0x00000000d6000000)
  to   space 3072K, 0% used [0x00000000d6280000,0x00000000d6280000,0x00000000d6580000)
 ParOldGen       total 751104K, used 750770K [0x0000000080000000, 0x00000000add80000, 0x00000000d5580000)
  object space 751104K, 99% used [0x0000000080000000,0x00000000add2ca20,0x00000000add80000)
 Metaspace       used 79047K, committed 80640K, reserved 1179648K
  class space    used 9724K, committed 10432K, reserved 1048576K
}

Dll operation events (15 events):
Event: 0.022 Loaded shared library c:\Users\Adrianno\.vscode\extensions\redhat.java-1.44.0-win32-x64\jre\21.0.8-win32-x86_64\bin\java.dll
Event: 0.128 Loaded shared library c:\Users\Adrianno\.vscode\extensions\redhat.java-1.44.0-win32-x64\jre\21.0.8-win32-x86_64\bin\zip.dll
Event: 0.159 Loaded shared library C:\Users\Adrianno\.vscode\extensions\redhat.java-1.44.0-win32-x64\jre\21.0.8-win32-x86_64\bin\instrument.dll
Event: 0.167 Loaded shared library C:\Users\Adrianno\.vscode\extensions\redhat.java-1.44.0-win32-x64\jre\21.0.8-win32-x86_64\bin\net.dll
Event: 0.174 Loaded shared library C:\Users\Adrianno\.vscode\extensions\redhat.java-1.44.0-win32-x64\jre\21.0.8-win32-x86_64\bin\nio.dll
Event: 0.178 Loaded shared library C:\Users\Adrianno\.vscode\extensions\redhat.java-1.44.0-win32-x64\jre\21.0.8-win32-x86_64\bin\zip.dll
Event: 0.206 Loaded shared library C:\Users\Adrianno\.vscode\extensions\redhat.java-1.44.0-win32-x64\jre\21.0.8-win32-x86_64\bin\jimage.dll
Event: 0.312 Loaded shared library c:\Users\Adrianno\.vscode\extensions\redhat.java-1.44.0-win32-x64\jre\21.0.8-win32-x86_64\bin\verify.dll
Event: 2.539 Loaded shared library C:\Users\Adrianno\AppData\Roaming\Code\User\globalStorage\redhat.java\1.44.0\config_win\org.eclipse.equinox.launcher\org.eclipse.equinox.launcher.win32.win32.x86_64_1.2.1400.v20250730-1736\eclipse_11913.dll
Event: 5.628 Loaded shared library C:\Users\Adrianno\.vscode\extensions\redhat.java-1.44.0-win32-x64\jre\21.0.8-win32-x86_64\bin\management.dll
Event: 5.633 Loaded shared library C:\Users\Adrianno\.vscode\extensions\redhat.java-1.44.0-win32-x64\jre\21.0.8-win32-x86_64\bin\management_ext.dll
Event: 8.828 Loaded shared library C:\Users\Adrianno\AppData\Local\Temp\jna--761698456\jna5861196946056448327.dll
Event: 9.124 Loaded shared library C:\Users\Adrianno\.vscode\extensions\redhat.java-1.44.0-win32-x64\jre\21.0.8-win32-x86_64\bin\sunmscapi.dll
Event: 9.769 Loaded shared library C:\Users\Adrianno\.vscode\extensions\redhat.java-1.44.0-win32-x64\jre\21.0.8-win32-x86_64\bin\extnet.dll
Event: 18.236 Loaded shared library D:\AppNutrilfit\.gradle\native\1def1411415f61bf3af743bc5b6707747c0891f09f0c88961ee8f79bc544acac\windows-amd64\native-platform.dll

Deoptimization events (20 events):
Event: 422.280 Thread 0x000001d866fbd640 DEOPT PACKING pc=0x000001d8531f25bc sp=0x0000005c489febd0
Event: 422.280 Thread 0x000001d866fbd640 DEOPT UNPACKING pc=0x000001d852203aa2 sp=0x0000005c489feb48 mode 2
Event: 422.328 Thread 0x000001d866fbd640 DEOPT PACKING pc=0x000001d84c246341 sp=0x0000005c489fe7a0
Event: 422.328 Thread 0x000001d866fbd640 DEOPT UNPACKING pc=0x000001d852204242 sp=0x0000005c489fdc80 mode 0
Event: 438.784 Thread 0x000001d86546b7d0 Uncommon trap: trap_request=0xffffff45 fr.pc=0x000001d8530c6f18 relative=0x0000000000000578
Event: 438.784 Thread 0x000001d86546b7d0 Uncommon trap: reason=unstable_if action=reinterpret pc=0x000001d8530c6f18 method=org.eclipse.core.internal.events.ResourceComparator.compare(Ljava/lang/Object;Ljava/lang/Object;)I @ 353 c2
Event: 438.784 Thread 0x000001d86546b7d0 DEOPT PACKING pc=0x000001d8530c6f18 sp=0x0000005c473febc0
Event: 438.784 Thread 0x000001d86546b7d0 DEOPT UNPACKING pc=0x000001d852203aa2 sp=0x0000005c473feb58 mode 2
Event: 447.999 Thread 0x000001d8662fa060 Uncommon trap: trap_request=0xffffffc6 fr.pc=0x000001d852c8d1f4 relative=0x00000000000000b4
Event: 447.999 Thread 0x000001d8662fa060 Uncommon trap: reason=bimorphic_or_optimized_type_check action=maybe_recompile pc=0x000001d852c8d1f4 method=java.util.Collections$SetFromMap.remove(Ljava/lang/Object;)Z @ 5 c2
Event: 447.999 Thread 0x000001d8662fa060 DEOPT PACKING pc=0x000001d852c8d1f4 sp=0x0000005c496fe860
Event: 448.000 Thread 0x000001d8662fa060 DEOPT UNPACKING pc=0x000001d852203aa2 sp=0x0000005c496fe7f8 mode 2
Event: 448.000 Thread 0x000001d8662fa060 Uncommon trap: trap_request=0xffffffc6 fr.pc=0x000001d852c8d1f4 relative=0x00000000000000b4
Event: 448.000 Thread 0x000001d8662fa060 Uncommon trap: reason=bimorphic_or_optimized_type_check action=maybe_recompile pc=0x000001d852c8d1f4 method=java.util.Collections$SetFromMap.remove(Ljava/lang/Object;)Z @ 5 c2
Event: 448.000 Thread 0x000001d8662fa060 DEOPT PACKING pc=0x000001d852c8d1f4 sp=0x0000005c496fe860
Event: 448.000 Thread 0x000001d8662fa060 DEOPT UNPACKING pc=0x000001d852203aa2 sp=0x0000005c496fe7f8 mode 2
Event: 448.027 Thread 0x000001d8662fa060 Uncommon trap: trap_request=0xffffffc6 fr.pc=0x000001d852c8d1f4 relative=0x00000000000000b4
Event: 448.027 Thread 0x000001d8662fa060 Uncommon trap: reason=bimorphic_or_optimized_type_check action=maybe_recompile pc=0x000001d852c8d1f4 method=java.util.Collections$SetFromMap.remove(Ljava/lang/Object;)Z @ 5 c2
Event: 448.027 Thread 0x000001d8662fa060 DEOPT PACKING pc=0x000001d852c8d1f4 sp=0x0000005c496fe840
Event: 448.027 Thread 0x000001d8662fa060 DEOPT UNPACKING pc=0x000001d852203aa2 sp=0x0000005c496fe7d8 mode 2

Classes loaded (20 events):
Event: 129.215 Loading class java/util/function/LongFunction
Event: 129.218 Loading class java/util/function/LongFunction done
Event: 129.223 Loading class java/util/stream/Nodes$ConcNode
Event: 129.223 Loading class java/util/stream/Nodes$AbstractConcNode
Event: 129.224 Loading class java/util/stream/Nodes$AbstractConcNode done
Event: 129.224 Loading class java/util/stream/Nodes$ConcNode done
Event: 129.821 Loading class java/lang/invoke/MethodHandleImpl$CountingWrapper$1
Event: 129.821 Loading class java/lang/invoke/MethodHandleImpl$CountingWrapper$1 done
Event: 129.965 Loading class java/util/stream/DistinctOps
Event: 129.966 Loading class java/util/stream/DistinctOps done
Event: 129.966 Loading class java/util/stream/DistinctOps$1
Event: 129.967 Loading class java/util/stream/DistinctOps$1 done
Event: 129.984 Loading class java/util/stream/DistinctOps$1$2
Event: 129.984 Loading class java/util/stream/DistinctOps$1$2 done
Event: 130.346 Loading class java/io/SequenceInputStream
Event: 130.347 Loading class java/io/SequenceInputStream done
Event: 262.086 Loading class java/util/concurrent/CompletableFuture$UniApply
Event: 262.086 Loading class java/util/concurrent/CompletableFuture$UniApply done
Event: 262.089 Loading class java/util/concurrent/CompletableFuture$UniExceptionally
Event: 262.091 Loading class java/util/concurrent/CompletableFuture$UniExceptionally done

Classes unloaded (20 events):
Event: 6.705 Thread 0x000001d847a24590 Unloading class 0x000001d8011a6000 'java/lang/invoke/LambdaForm$MH+0x000001d8011a6000'
Event: 6.706 Thread 0x000001d847a24590 Unloading class 0x000001d8011a5c00 'java/lang/invoke/LambdaForm$MH+0x000001d8011a5c00'
Event: 6.706 Thread 0x000001d847a24590 Unloading class 0x000001d8011a5800 'java/lang/invoke/LambdaForm$BMH+0x000001d8011a5800'
Event: 6.706 Thread 0x000001d847a24590 Unloading class 0x000001d8011a5400 'java/lang/invoke/LambdaForm$DMH+0x000001d8011a5400'
Event: 6.706 Thread 0x000001d847a24590 Unloading class 0x000001d8011a4000 'java/lang/invoke/LambdaForm$DMH+0x000001d8011a4000'
Event: 9.145 Thread 0x000001d847a24590 Unloading class 0x000001d8012f8400 'java/lang/invoke/LambdaForm$MH+0x000001d8012f8400'
Event: 9.145 Thread 0x000001d847a24590 Unloading class 0x000001d8012f7800 'java/lang/invoke/LambdaForm$MH+0x000001d8012f7800'
Event: 9.145 Thread 0x000001d847a24590 Unloading class 0x000001d8012f7000 'java/lang/invoke/LambdaForm$MH+0x000001d8012f7000'
Event: 9.145 Thread 0x000001d847a24590 Unloading class 0x000001d8012f6800 'java/lang/invoke/LambdaForm$MH+0x000001d8012f6800'
Event: 9.145 Thread 0x000001d847a24590 Unloading class 0x000001d8012f6400 'java/lang/invoke/LambdaForm$DMH+0x000001d8012f6400'
Event: 9.145 Thread 0x000001d847a24590 Unloading class 0x000001d8012f5800 'java/lang/invoke/LambdaForm$MH+0x000001d8012f5800'
Event: 9.145 Thread 0x000001d847a24590 Unloading class 0x000001d8012f2000 'java/lang/invoke/LambdaForm$MH+0x000001d8012f2000'
Event: 9.145 Thread 0x000001d847a24590 Unloading class 0x000001d8012f1800 'java/lang/invoke/LambdaForm$MH+0x000001d8012f1800'
Event: 9.145 Thread 0x000001d847a24590 Unloading class 0x000001d8012f1000 'java/lang/invoke/LambdaForm$MH+0x000001d8012f1000'
Event: 9.145 Thread 0x000001d847a24590 Unloading class 0x000001d8012f0800 'java/lang/invoke/LambdaForm$MH+0x000001d8012f0800'
Event: 9.145 Thread 0x000001d847a24590 Unloading class 0x000001d8012f0000 'java/lang/invoke/LambdaForm$MH+0x000001d8012f0000'
Event: 9.145 Thread 0x000001d847a24590 Unloading class 0x000001d8012eb800 'java/lang/invoke/LambdaForm$MH+0x000001d8012eb800'
Event: 9.145 Thread 0x000001d847a24590 Unloading class 0x000001d8012eb000 'java/lang/invoke/LambdaForm$MH+0x000001d8012eb000'
Event: 9.145 Thread 0x000001d847a24590 Unloading class 0x000001d8012eac00 'java/lang/invoke/LambdaForm$MH+0x000001d8012eac00'
Event: 9.145 Thread 0x000001d847a24590 Unloading class 0x000001d8012ea400 'java/lang/invoke/LambdaForm$DMH+0x000001d8012ea400'

Classes redefined (0 events):
No events

Internal exceptions (20 events):
Event: 262.427 Thread 0x000001d8662fc130 Exception <a 'sun/nio/fs/WindowsException'{0x00000000d5857420}> (0x00000000d5857420) 
thrown [s\src\hotspot\share\prims\jni.cpp, line 520]
Event: 262.472 Thread 0x000001d8662fc130 Exception <a 'sun/nio/fs/WindowsException'{0x00000000d5c3cf90}> (0x00000000d5c3cf90) 
thrown [s\src\hotspot\share\prims\jni.cpp, line 520]
Event: 262.473 Thread 0x000001d8662fc130 Exception <a 'sun/nio/fs/WindowsException'{0x00000000d5c3d870}> (0x00000000d5c3d870) 
thrown [s\src\hotspot\share\prims\jni.cpp, line 520]
Event: 262.475 Thread 0x000001d8662fc130 Exception <a 'sun/nio/fs/WindowsException'{0x00000000d5c3ea20}> (0x00000000d5c3ea20) 
thrown [s\src\hotspot\share\prims\jni.cpp, line 520]
Event: 262.475 Thread 0x000001d8662fc130 Exception <a 'sun/nio/fs/WindowsException'{0x00000000d5c3f300}> (0x00000000d5c3f300) 
thrown [s\src\hotspot\share\prims\jni.cpp, line 520]
Event: 262.477 Thread 0x000001d8662fc130 Exception <a 'sun/nio/fs/WindowsException'{0x00000000d5c40e48}> (0x00000000d5c40e48) 
thrown [s\src\hotspot\share\prims\jni.cpp, line 520]
Event: 262.477 Thread 0x000001d8662fc130 Exception <a 'sun/nio/fs/WindowsException'{0x00000000d5c41728}> (0x00000000d5c41728) 
thrown [s\src\hotspot\share\prims\jni.cpp, line 520]
Event: 262.538 Thread 0x000001d8662fc130 Exception <a 'sun/nio/fs/WindowsException'{0x00000000d574d1c8}> (0x00000000d574d1c8) 
thrown [s\src\hotspot\share\prims\jni.cpp, line 520]
Event: 262.538 Thread 0x000001d8662fc130 Exception <a 'sun/nio/fs/WindowsException'{0x00000000d574daa8}> (0x00000000d574daa8) 
thrown [s\src\hotspot\share\prims\jni.cpp, line 520]
Event: 262.541 Thread 0x000001d8662fc130 Exception <a 'sun/nio/fs/WindowsException'{0x00000000d574ec58}> (0x00000000d574ec58) 
thrown [s\src\hotspot\share\prims\jni.cpp, line 520]
Event: 262.541 Thread 0x000001d8662fc130 Exception <a 'sun/nio/fs/WindowsException'{0x00000000d5750eb8}> (0x00000000d5750eb8) 
thrown [s\src\hotspot\share\prims\jni.cpp, line 520]
Event: 262.544 Thread 0x000001d8662fc130 Exception <a 'sun/nio/fs/WindowsException'{0x00000000d5752a00}> (0x00000000d5752a00) 
thrown [s\src\hotspot\share\prims\jni.cpp, line 520]
Event: 262.544 Thread 0x000001d8662fc130 Exception <a 'sun/nio/fs/WindowsException'{0x00000000d57532e0}> (0x00000000d57532e0) 
thrown [s\src\hotspot\share\prims\jni.cpp, line 520]
Event: 262.582 Thread 0x000001d8662fc130 Exception <a 'sun/nio/fs/WindowsException'{0x00000000d57e1fe8}> (0x00000000d57e1fe8) 
thrown [s\src\hotspot\share\prims\jni.cpp, line 520]
Event: 262.583 Thread 0x000001d8662fc130 Exception <a 'sun/nio/fs/WindowsException'{0x00000000d57e28c8}> (0x00000000d57e28c8) 
thrown [s\src\hotspot\share\prims\jni.cpp, line 520]
Event: 262.587 Thread 0x000001d8662fc130 Exception <a 'sun/nio/fs/WindowsException'{0x00000000d57e3a78}> (0x00000000d57e3a78) 
thrown [s\src\hotspot\share\prims\jni.cpp, line 520]
Event: 262.587 Thread 0x000001d8662fc130 Exception <a 'sun/nio/fs/WindowsException'{0x00000000d57e4358}> (0x00000000d57e4358) 
thrown [s\src\hotspot\share\prims\jni.cpp, line 520]
Event: 262.589 Thread 0x000001d8662fc130 Exception <a 'sun/nio/fs/WindowsException'{0x00000000d57e5ea0}> (0x00000000d57e5ea0) 
thrown [s\src\hotspot\share\prims\jni.cpp, line 520]
Event: 262.590 Thread 0x000001d8662fc130 Exception <a 'sun/nio/fs/WindowsException'{0x00000000d57e6780}> (0x00000000d57e6780) 
thrown [s\src\hotspot\share\prims\jni.cpp, line 520]
Event: 447.978 Thread 0x000001d8662fa060 Exception <a 'java/lang/NoSuchMethodError'{0x00000000d55a7440}: 'java.lang.Object java.lang.invoke.DirectMethodHandle$Holder.invokeStaticInit(java.lang.Object, java.lang.Object, java.lang.Object)'> (0x00000000d55a7440) 
thrown [s\src\hotspot\share\interpreter\linkResolver.cpp, line 773]

ZGC Phase Switch (0 events):
No events

VM Operations (20 events):
Event: 2946.559 Executing VM operation: HandshakeAllThreads (HandshakeForDeflation)
Event: 2946.559 Executing VM operation: HandshakeAllThreads (HandshakeForDeflation) done
Event: 2946.559 Executing VM operation: RendezvousGCThreads
Event: 2946.559 Executing VM operation: RendezvousGCThreads done
Event: 3006.800 Executing VM operation: HandshakeAllThreads (HandshakeForDeflation)
Event: 3006.800 Executing VM operation: HandshakeAllThreads (HandshakeForDeflation) done
Event: 3006.800 Executing VM operation: RendezvousGCThreads
Event: 3006.800 Executing VM operation: RendezvousGCThreads done
Event: 3066.844 Executing VM operation: HandshakeAllThreads (HandshakeForDeflation)
Event: 3066.844 Executing VM operation: HandshakeAllThreads (HandshakeForDeflation) done
Event: 3066.844 Executing VM operation: RendezvousGCThreads
Event: 3066.844 Executing VM operation: RendezvousGCThreads done
Event: 3126.974 Executing VM operation: HandshakeAllThreads (HandshakeForDeflation)
Event: 3126.974 Executing VM operation: HandshakeAllThreads (HandshakeForDeflation) done
Event: 3126.974 Executing VM operation: RendezvousGCThreads
Event: 3126.974 Executing VM operation: RendezvousGCThreads done
Event: 3186.985 Executing VM operation: HandshakeAllThreads (HandshakeForDeflation)
Event: 3186.985 Executing VM operation: HandshakeAllThreads (HandshakeForDeflation) done
Event: 3186.985 Executing VM operation: RendezvousGCThreads
Event: 3186.985 Executing VM operation: RendezvousGCThreads done

Memory protections (0 events):
No events

Nmethod flushes (20 events):
Event: 240.364 Thread 0x000001d847a24590 flushing  nmethod 0x000001d84b7fbb10
Event: 240.364 Thread 0x000001d847a24590 flushing  nmethod 0x000001d84b80af90
Event: 240.364 Thread 0x000001d847a24590 flushing  nmethod 0x000001d84b814910
Event: 240.364 Thread 0x000001d847a24590 flushing osr nmethod 0x000001d84b817690
Event: 240.364 Thread 0x000001d847a24590 flushing  nmethod 0x000001d84b81c310
Event: 240.364 Thread 0x000001d847a24590 flushing  nmethod 0x000001d84b822e10
Event: 240.364 Thread 0x000001d847a24590 flushing  nmethod 0x000001d84b830d10
Event: 240.364 Thread 0x000001d847a24590 flushing  nmethod 0x000001d84b84af90
Event: 240.364 Thread 0x000001d847a24590 flushing  nmethod 0x000001d84b856210
Event: 240.364 Thread 0x000001d847a24590 flushing  nmethod 0x000001d84b856a90
Event: 240.364 Thread 0x000001d847a24590 flushing  nmethod 0x000001d84b857890
Event: 240.364 Thread 0x000001d847a24590 flushing  nmethod 0x000001d84b863d10
Event: 240.364 Thread 0x000001d847a24590 flushing  nmethod 0x000001d84b867490
Event: 240.364 Thread 0x000001d847a24590 flushing  nmethod 0x000001d84b868890
Event: 240.364 Thread 0x000001d847a24590 flushing  nmethod 0x000001d84b86cc90
Event: 240.364 Thread 0x000001d847a24590 flushing  nmethod 0x000001d84b899a90
Event: 240.364 Thread 0x000001d847a24590 flushing  nmethod 0x000001d84b8eee90
Event: 240.364 Thread 0x000001d847a24590 flushing  nmethod 0x000001d84b903790
Event: 240.364 Thread 0x000001d847a24590 flushing  nmethod 0x000001d84b903e90
Event: 240.364 Thread 0x000001d847a24590 flushing  nmethod 0x000001d84b905910

Events (20 events):
Event: 365.790 Thread 0x000001d86abc0760 Thread exited: 0x000001d86abc0760
Event: 365.790 Thread 0x000001d86546d8a0 Thread exited: 0x000001d86546d8a0
Event: 365.790 Thread 0x000001d86abc7060 Thread exited: 0x000001d86abc7060
Event: 365.790 Thread 0x000001d86abc5cb0 Thread exited: 0x000001d86abc5cb0
Event: 365.790 Thread 0x000001d86abc5620 Thread exited: 0x000001d86abc5620
Event: 365.791 Thread 0x000001d86abc4f90 Thread exited: 0x000001d86abc4f90
Event: 365.791 Thread 0x000001d86abc1b10 Thread exited: 0x000001d86abc1b10
Event: 365.791 Thread 0x000001d86546df30 Thread exited: 0x000001d86546df30
Event: 382.609 Thread 0x000001d8662fd4e0 Thread exited: 0x000001d8662fd4e0
Event: 438.780 Thread 0x000001d86546b7d0 Thread added: 0x000001d8662fc130
Event: 438.780 Thread 0x000001d8662fc130 Thread exited: 0x000001d8662fc130
Event: 442.620 Thread 0x000001d86546f970 Thread exited: 0x000001d86546f970
Event: 508.068 Thread 0x000001d8662fa060 Thread exited: 0x000001d8662fa060
Event: 568.082 Thread 0x000001d8662fa6f0 Thread exited: 0x000001d8662fa6f0
Event: 628.091 Thread 0x000001d8662fb410 Thread exited: 0x000001d8662fb410
Event: 688.094 Thread 0x000001d8662fbaa0 Thread exited: 0x000001d8662fbaa0
Event: 748.103 Thread 0x000001d86abc76f0 Thread exited: 0x000001d86abc76f0
Event: 808.104 Thread 0x000001d86abc00d0 Thread exited: 0x000001d86abc00d0
Event: 868.112 Thread 0x000001d8662fc7c0 Thread exited: 0x000001d8662fc7c0
Event: 928.117 Thread 0x000001d8662fad80 Thread exited: 0x000001d8662fad80


Dynamic libraries:
0x00007ff6bf520000 - 0x00007ff6bf52e000 	c:\Users\Adrianno\.vscode\extensions\redhat.java-1.44.0-win32-x64\jre\21.0.8-win32-x86_64\bin\java.exe
0x00007ffb48700000 - 0x00007ffb48968000 	C:\WINDOWS\SYSTEM32\ntdll.dll
0x00007ffb47a70000 - 0x00007ffb47b39000 	C:\WINDOWS\System32\KERNEL32.DLL
0x00007ffb45bd0000 - 0x00007ffb45fbd000 	C:\WINDOWS\System32\KERNELBASE.dll
0x00007ffb46220000 - 0x00007ffb4636b000 	C:\WINDOWS\System32\ucrtbase.dll
0x00007ffb3ac60000 - 0x00007ffb3ac7e000 	c:\Users\Adrianno\.vscode\extensions\redhat.java-1.44.0-win32-x64\jre\21.0.8-win32-x86_64\bin\VCRUNTIME140.dll
0x00007ffb3ac80000 - 0x00007ffb3ac98000 	c:\Users\Adrianno\.vscode\extensions\redhat.java-1.44.0-win32-x64\jre\21.0.8-win32-x86_64\bin\jli.dll
0x00007ffb47520000 - 0x00007ffb476ec000 	C:\WINDOWS\System32\USER32.dll
0x00007ffb45fc0000 - 0x00007ffb45fe7000 	C:\WINDOWS\System32\win32u.dll
0x00007ffb27d60000 - 0x00007ffb27ffa000 	C:\WINDOWS\WinSxS\amd64_microsoft.windows.common-controls_6595b64144ccf1df_6.0.26100.4484_none_3e0e6d4ce32ef3b3\COMCTL32.dll
0x00007ffb47d80000 - 0x00007ffb47dab000 	C:\WINDOWS\System32\GDI32.dll
0x00007ffb47080000 - 0x00007ffb47129000 	C:\WINDOWS\System32\msvcrt.dll
0x00007ffb459d0000 - 0x00007ffb45b07000 	C:\WINDOWS\System32\gdi32full.dll
0x00007ffb45ff0000 - 0x00007ffb46093000 	C:\WINDOWS\System32\msvcp_win.dll
0x00007ffb47380000 - 0x00007ffb473af000 	C:\WINDOWS\System32\IMM32.DLL
0x00007ffb3ebe0000 - 0x00007ffb3ebec000 	c:\Users\Adrianno\.vscode\extensions\redhat.java-1.44.0-win32-x64\jre\21.0.8-win32-x86_64\bin\vcruntime140_1.dll
0x00007ffb3a840000 - 0x00007ffb3a8cd000 	c:\Users\Adrianno\.vscode\extensions\redhat.java-1.44.0-win32-x64\jre\21.0.8-win32-x86_64\bin\msvcp140.dll
0x00007ffadcfa0000 - 0x00007ffaddd37000 	c:\Users\Adrianno\.vscode\extensions\redhat.java-1.44.0-win32-x64\jre\21.0.8-win32-x86_64\bin\server\jvm.dll
0x00007ffb46c20000 - 0x00007ffb46cd4000 	C:\WINDOWS\System32\ADVAPI32.dll
0x00007ffb48030000 - 0x00007ffb480d6000 	C:\WINDOWS\System32\sechost.dll
0x00007ffb47820000 - 0x00007ffb47938000 	C:\WINDOWS\System32\RPCRT4.dll
0x00007ffb477a0000 - 0x00007ffb47814000 	C:\WINDOWS\System32\WS2_32.dll
0x00007ffb45240000 - 0x00007ffb4529e000 	C:\WINDOWS\SYSTEM32\POWRPROF.dll
0x00007ffb36a90000 - 0x00007ffb36a9b000 	C:\WINDOWS\SYSTEM32\VERSION.dll
0x00007ffb3d220000 - 0x00007ffb3d255000 	C:\WINDOWS\SYSTEM32\WINMM.dll
0x00007ffb45220000 - 0x00007ffb45234000 	C:\WINDOWS\SYSTEM32\UMPDC.dll
0x00007ffb445b0000 - 0x00007ffb445cb000 	C:\WINDOWS\SYSTEM32\kernel.appcore.dll
0x00007ffb3ac50000 - 0x00007ffb3ac5a000 	c:\Users\Adrianno\.vscode\extensions\redhat.java-1.44.0-win32-x64\jre\21.0.8-win32-x86_64\bin\jimage.dll
0x00007ffb42ee0000 - 0x00007ffb43121000 	C:\WINDOWS\SYSTEM32\DBGHELP.DLL
0x00007ffb46ce0000 - 0x00007ffb47066000 	C:\WINDOWS\System32\combase.dll
0x00007ffb47430000 - 0x00007ffb47510000 	C:\WINDOWS\System32\OLEAUT32.dll
0x00007ffb2a580000 - 0x00007ffb2a5c3000 	C:\WINDOWS\SYSTEM32\dbgcore.DLL
0x00007ffb46400000 - 0x00007ffb46499000 	C:\WINDOWS\System32\bcryptPrimitives.dll
0x00007ffb3ac40000 - 0x00007ffb3ac4f000 	c:\Users\Adrianno\.vscode\extensions\redhat.java-1.44.0-win32-x64\jre\21.0.8-win32-x86_64\bin\instrument.dll
0x00007ffb3ac20000 - 0x00007ffb3ac3f000 	c:\Users\Adrianno\.vscode\extensions\redhat.java-1.44.0-win32-x64\jre\21.0.8-win32-x86_64\bin\java.dll
0x00007ffb464a0000 - 0x00007ffb46bea000 	C:\WINDOWS\System32\SHELL32.dll
0x00007ffb460a0000 - 0x00007ffb46214000 	C:\WINDOWS\System32\wintypes.dll
0x00007ffb43470000 - 0x00007ffb43ccb000 	C:\WINDOWS\SYSTEM32\windows.storage.dll
0x00007ffb47940000 - 0x00007ffb47a35000 	C:\WINDOWS\System32\SHCORE.dll
0x00007ffb473c0000 - 0x00007ffb4742a000 	C:\WINDOWS\System32\shlwapi.dll
0x00007ffb45760000 - 0x00007ffb4578f000 	C:\WINDOWS\SYSTEM32\profapi.dll
0x00007ffb3ac00000 - 0x00007ffb3ac18000 	c:\Users\Adrianno\.vscode\extensions\redhat.java-1.44.0-win32-x64\jre\21.0.8-win32-x86_64\bin\zip.dll
0x00007ffb3abf0000 - 0x00007ffb3ac00000 	C:\Users\Adrianno\.vscode\extensions\redhat.java-1.44.0-win32-x64\jre\21.0.8-win32-x86_64\bin\net.dll
0x00007ffb3a500000 - 0x00007ffb3a61e000 	C:\WINDOWS\SYSTEM32\WINHTTP.dll
0x00007ffb44b20000 - 0x00007ffb44b8a000 	C:\WINDOWS\system32\mswsock.dll
0x00007ffb3aba0000 - 0x00007ffb3abb6000 	C:\Users\Adrianno\.vscode\extensions\redhat.java-1.44.0-win32-x64\jre\21.0.8-win32-x86_64\bin\nio.dll
0x00007ffb3abe0000 - 0x00007ffb3abf0000 	c:\Users\Adrianno\.vscode\extensions\redhat.java-1.44.0-win32-x64\jre\21.0.8-win32-x86_64\bin\verify.dll
0x00007ffb39090000 - 0x00007ffb390d5000 	C:\Users\Adrianno\AppData\Roaming\Code\User\globalStorage\redhat.java\1.44.0\config_win\org.eclipse.equinox.launcher\org.eclipse.equinox.launcher.win32.win32.x86_64_1.2.1400.v20250730-1736\eclipse_11913.dll
0x00007ffb47140000 - 0x00007ffb472de000 	C:\WINDOWS\System32\ole32.dll
0x00007ffb3ab90000 - 0x00007ffb3ab9a000 	C:\Users\Adrianno\.vscode\extensions\redhat.java-1.44.0-win32-x64\jre\21.0.8-win32-x86_64\bin\management.dll
0x00007ffb3ab80000 - 0x00007ffb3ab8b000 	C:\Users\Adrianno\.vscode\extensions\redhat.java-1.44.0-win32-x64\jre\21.0.8-win32-x86_64\bin\management_ext.dll
0x00007ffb47db0000 - 0x00007ffb47db8000 	C:\WINDOWS\System32\PSAPI.DLL
0x00007ffb44f00000 - 0x00007ffb44f1b000 	C:\WINDOWS\SYSTEM32\CRYPTSP.dll
0x00007ffb44510000 - 0x00007ffb4454b000 	C:\WINDOWS\system32\rsaenh.dll
0x00007ffb44bc0000 - 0x00007ffb44beb000 	C:\WINDOWS\SYSTEM32\USERENV.dll
0x00007ffb45730000 - 0x00007ffb45756000 	C:\WINDOWS\SYSTEM32\bcrypt.dll
0x00007ffb44ee0000 - 0x00007ffb44eec000 	C:\WINDOWS\SYSTEM32\CRYPTBASE.dll
0x00007ffb43fc0000 - 0x00007ffb43ff3000 	C:\WINDOWS\SYSTEM32\IPHLPAPI.DLL
0x00007ffb47130000 - 0x00007ffb4713a000 	C:\WINDOWS\System32\NSI.dll
0x00007ffb38fd0000 - 0x00007ffb39019000 	C:\Users\Adrianno\AppData\Local\Temp\jna--761698456\jna5861196946056448327.dll
0x00007ffb3cde0000 - 0x00007ffb3cdff000 	C:\WINDOWS\SYSTEM32\dhcpcsvc6.DLL
0x00007ffb3a470000 - 0x00007ffb3a495000 	C:\WINDOWS\SYSTEM32\dhcpcsvc.DLL
0x00007ffb3ab70000 - 0x00007ffb3ab7e000 	C:\Users\Adrianno\.vscode\extensions\redhat.java-1.44.0-win32-x64\jre\21.0.8-win32-x86_64\bin\sunmscapi.dll
0x00007ffb45850000 - 0x00007ffb459c7000 	C:\WINDOWS\System32\CRYPT32.dll
0x00007ffb450c0000 - 0x00007ffb450f0000 	C:\WINDOWS\SYSTEM32\ncrypt.dll
0x00007ffb45070000 - 0x00007ffb450af000 	C:\WINDOWS\SYSTEM32\NTASN1.dll
0x00007ffb44050000 - 0x00007ffb44176000 	C:\WINDOWS\SYSTEM32\DNSAPI.dll
0x00007ffb36940000 - 0x00007ffb3694b000 	C:\Windows\System32\rasadhlp.dll
0x00007ffb39db0000 - 0x00007ffb39e36000 	C:\WINDOWS\System32\fwpuclnt.dll
0x00007ffb3a6c0000 - 0x00007ffb3a6c9000 	C:\Users\Adrianno\.vscode\extensions\redhat.java-1.44.0-win32-x64\jre\21.0.8-win32-x86_64\bin\extnet.dll
0x00007ffb28000000 - 0x00007ffb28027000 	D:\AppNutrilfit\.gradle\native\1def1411415f61bf3af743bc5b6707747c0891f09f0c88961ee8f79bc544acac\windows-amd64\native-platform.dll
0x00007ffab57d0000 - 0x00007ffab57d8000 	C:\WINDOWS\system32\wshunix.dll

JVMTI agents:
c:\Users\Adrianno\.vscode\extensions\redhat.java-1.44.0-win32-x64\lombok\lombok-1.18.39-4050.jar path:c:\Users\Adrianno\.vscode\extensions\redhat.java-1.44.0-win32-x64\jre\21.0.8-win32-x86_64\bin\instrument.dll, loaded, initialized, instrumentlib options:none

dbghelp: loaded successfully - version: 4.0.5 - missing functions: none
symbol engine: initialized successfully - sym options: 0x614 - pdb path: .;c:\Users\Adrianno\.vscode\extensions\redhat.java-1.44.0-win32-x64\jre\21.0.8-win32-x86_64\bin;C:\WINDOWS\SYSTEM32;C:\WINDOWS\WinSxS\amd64_microsoft.windows.common-controls_6595b64144ccf1df_6.0.26100.4484_none_3e0e6d4ce32ef3b3;c:\Users\Adrianno\.vscode\extensions\redhat.java-1.44.0-win32-x64\jre\21.0.8-win32-x86_64\bin\server;C:\Users\Adrianno\AppData\Roaming\Code\User\globalStorage\redhat.java\1.44.0\config_win\org.eclipse.equinox.launcher\org.eclipse.equinox.launcher.win32.win32.x86_64_1.2.1400.v20250730-1736;C:\Users\Adrianno\AppData\Local\Temp\jna--761698456;D:\AppNutrilfit\.gradle\native\1def1411415f61bf3af743bc5b6707747c0891f09f0c88961ee8f79bc544acac\windows-amd64

VM Arguments:
jvm_args: --add-modules=ALL-SYSTEM --add-opens=java.base/java.util=ALL-UNNAMED --add-opens=java.base/java.lang=ALL-UNNAMED --add-opens=java.base/sun.nio.fs=ALL-UNNAMED -Declipse.application=org.eclipse.jdt.ls.core.id1 -Dosgi.bundles.defaultStartLevel=4 -Declipse.product=org.eclipse.jdt.ls.core.product -Djava.import.generatesMetadataFilesAtProjectRoot=false -DDetectVMInstallationsJob.disabled=true -Dfile.encoding=utf8 -XX:+UseParallelGC -XX:GCTimeRatio=4 -XX:AdaptiveSizePolicyWeight=90 -Dsun.zip.disableMemoryMapping=true -Xmx2G -Xms100m -Xlog:disable -javaagent:c:\Users\Adrianno\.vscode\extensions\redhat.java-1.44.0-win32-x64\lombok\lombok-1.18.39-4050.jar -XX:+HeapDumpOnOutOfMemoryError -XX:HeapDumpPath=c:\Users\Adrianno\AppData\Roaming\Code\User\workspaceStorage\781d6fa11dd267006e6a6756233025f1\redhat.java -Daether.dependencyCollector.impl=bf 
java_command: c:\Users\Adrianno\.vscode\extensions\redhat.java-1.44.0-win32-x64\server\plugins\org.eclipse.equinox.launcher_1.7.0.v20250519-0528.jar -configuration c:\Users\Adrianno\AppData\Roaming\Code\User\globalStorage\redhat.java\1.44.0\config_win -data c:\Users\Adrianno\AppData\Roaming\Code\User\workspaceStorage\781d6fa11dd267006e6a6756233025f1\redhat.java\jdt_ws --pipe=\\.\pipe\lsp-60ca5515aeafbbd02700f3f9ed2b548f-sock
java_class_path (initial): c:\Users\Adrianno\.vscode\extensions\redhat.java-1.44.0-win32-x64\server\plugins\org.eclipse.equinox.launcher_1.7.0.v20250519-0528.jar
Launcher Type: SUN_STANDARD

[Global flags]
    uintx AdaptiveSizePolicyWeight                 = 90                                        {product} {command line}
     intx CICompilerCount                          = 4                                         {product} {ergonomic}
    uintx GCTimeRatio                              = 4                                         {product} {command line}
     bool HeapDumpOnOutOfMemoryError               = true                                   {manageable} {command line}
    ccstr HeapDumpPath                             = c:\Users\Adrianno\AppData\Roaming\Code\User\workspaceStorage\781d6fa11dd267006e6a6756233025f1\redhat.java         {manageable} {command line}
   size_t InitialHeapSize                          = 104857600                                 {product} {command line}
   size_t MaxHeapSize                              = 2147483648                                {product} {command line}
   size_t MaxNewSize                               = 715653120                                 {product} {ergonomic}
   size_t MinHeapDeltaBytes                        = 524288                                    {product} {ergonomic}
   size_t MinHeapSize                              = 104857600                                 {product} {command line}
   size_t NewSize                                  = 34603008                                  {product} {ergonomic}
    uintx NonNMethodCodeHeapSize                   = 5839372                                {pd product} {ergonomic}
    uintx NonProfiledCodeHeapSize                  = 122909434                              {pd product} {ergonomic}
   size_t OldSize                                  = 70254592                                  {product} {ergonomic}
    uintx ProfiledCodeHeapSize                     = 122909434                              {pd product} {ergonomic}
    uintx ReservedCodeCacheSize                    = 251658240                              {pd product} {ergonomic}
     bool SegmentedCodeCache                       = true                                      {product} {ergonomic}
   size_t SoftMaxHeapSize                          = 2147483648                             {manageable} {ergonomic}
     bool UseCompressedOops                        = true                           {product lp64_product} {ergonomic}
     bool UseLargePagesIndividualAllocation        = false                                  {pd product} {ergonomic}
     bool UseParallelGC                            = true                                      {product} {command line}

Logging:
Log output configuration:
 #0: stdout all=off uptime,level,tags foldmultilines=false
 #1: stderr all=off uptime,level,tags foldmultilines=false

Environment Variables:
JAVA_HOME=C:\Program Files\Java\jdk-17
CLASSPATH=.;D:\Etudes\S5\Mr Tahina\Projet_Prelevement\WEB-INF\lib\ojdbc5.jar;C:\Users\Adrianno\AppData\Local\Programs\Python\Python312;
PATH=C:\Program Files\Common Files\Oracle\Java\javapath;C:\Program Files\Java\jdk-17\bin;.;G:\app\Adrianno\product\11.2.0\dbhome_1\bin;C:\app\Adrianno\product\21c\dbhomeXE\bin;C:\WINDOWS\system32;C:\WINDOWS;C:\WINDOWS\System32\Wbem;C:\WINDOWS\System32\WindowsPowerShell\v1.0\;C:\WINDOWS\System32\OpenSSH\;C:\Program Files\NVIDIA Corporation\NVIDIA NvDLISR;C:\Program Files (x86)\NVIDIA Corporation\PhysX\Common;C:\Program Files\dotnet\;%JBOSS_HOME%\bin;C:\xampp\php;D:\Etudes\S5\Mr Tahina\apache-ant-1.10.15\bin;C:\Users\Adrianno\AppData\Roaming\nvm;C:\Program Files\nodejs;C:\Program Files\nodejs\;C:\Program Files\PostgreSQL\16\bin;C:\Program Files\Java\jdk-21\bin;C:\Program Files\Apache Software Foundation\Tomcat 10.0\webapps\apache-maven-3.8.8-bin\apache-maven-3.8.8\bin;D:\Etudes\S5\Mr Tahina\Foot\project-bolt-sb1-9gpezuju\project\lib;D:\Etudes\S5\Mr Tahina\horsJeux\native;D:\Etudes\S5\Mr Tahina\horsJeux\lib\opencv-490.jar;C:\Users\Adrianno\Downloads\opencv\build\java\opencv-4110.jar;C:\Users\Adrianno\Downloads\opencv\build\java\x64\opencv_java4110.dll;C:\composer;C:\xampp\php\extras\openssl;C:\ProgramData\ComposerSetup\bin;C:\Program Files\Git\cmd;C:\Program Files\Git\bin;C:\Users\Adrianno\scoop\shims;.;C:\Users\Adrianno\AppData\Local\Programs\Python\Launcher\;C:\Users\Adrianno\AppData\Local\Microsoft\WindowsApps;C:\Users\Adrianno\AppData\Local\Programs\Microsoft VS Code\bin;%JBOSS_HOME%\bin;C:\Program Files\Java\jdk-21\bin;C:\Users\Adrianno\AppData\Roaming\nvm;C:\Program Files\nodejs;C:\Users\Adrianno\AppData\Roaming\npm;C:\Program Files\PostgreSQL\16\bin;C:\xampp\php;C:\Users\Adrianno\.dotnet\tools;C:\Program Files\Apache Software Foundation\Tomcat 10.0\webapps\apache-maven-3.8.8-bin\apache-maven-3.8.8\bin;D:\Etudes\S5\Mr Tahina\horsJeux\native\opencv-490.jar;C:\Users\Adrianno\Downloads\opencv\build\bin\opencv_videoio_ffmpeg4110_64.dll;C:\Users\Adrianno\Downloads\opencv\build\java\opencv-4110.jar;C:\Users\Adrianno\AppData\Local\GitHubDesktop\bin;C:\Users\Adrianno\AppData\Roaming\Composer\vendor\bin;C:\Program Files\Git\bin;C:\Program Files\Git\cmd;D:\AppNutrilfit\Android\SDK\platform-tools;D:\AppNutrilfit\Android\SDK\emulator;D:\AppNutrilfit\Android\SDK\tools;D:\cursor\resources\app\bin
USERNAME=Adrianno
OS=Windows_NT
PROCESSOR_IDENTIFIER=Intel64 Family 6 Model 158 Stepping 10, GenuineIntel
TMP=C:\Users\Adrianno\AppData\Local\Temp
TEMP=C:\Users\Adrianno\AppData\Local\Temp




Periodic native trim disabled

---------------  S Y S T E M  ---------------

OS:
 Windows 11 , 64 bit Build 26100 (10.0.26100.4484)
OS uptime: 0 days 1:49 hours
Hyper-V role detected

CPU: total 12 (initial active 12) (6 cores per cpu, 2 threads per core) family 6 model 158 stepping 10 microcode 0xde, cx8, cmov, fxsr, ht, mmx, 3dnowpref, sse, sse2, sse3, ssse3, sse4.1, sse4.2, popcnt, lzcnt, tsc, tscinvbit, avx, avx2, aes, erms, clmul, bmi1, bmi2, adx, fma, vzeroupper, clflush, clflushopt, hv, rdtscp, f16c
Processor Information for the first 12 processors :
  Max Mhz: 2208, Current Mhz: 2208, Mhz Limit: 2208

Memory: 4k page, system-wide physical 16234M (4727M free)
TotalPageFile size 31317M (AvailPageFile size 5M)
current process WorkingSet (physical memory assigned to process): 122M, peak: 1768M
current process commit charge ("private bytes"): 1101M, peak: 1714M

vm_info: OpenJDK 64-Bit Server VM (21.0.8+9-LTS) for windows-amd64 JRE (21.0.8+9-LTS), built on 2025-07-15T00:00:00Z by "admin" with MS VC++ 17.7 (VS2022)

END.
