#
# There is insufficient memory for the Java Runtime Environment to continue.
# Native memory allocation (mmap) failed to map 67108864 bytes for G1 virtual space
# Possible reasons:
#   The system is out of physical RAM or swap space
#   The process is running with CompressedOops enabled, and the Java Heap may be blocking the growth of the native heap
# Possible solutions:
#   Reduce memory load on the system
#   Increase physical memory or swap space
#   Check if swap backing store is full
#   Decrease Java heap size (-Xmx/-Xms)
#   Decrease number of Java threads
#   Decrease Java thread stack sizes (-Xss)
#   Set larger code cache with -XX:ReservedCodeCacheSize=
#   JVM is running with Unscaled Compressed Oops mode in which the Java heap is
#     placed in the first 4GB address space. The Java Heap base address is the
#     maximum limit for the native heap growth. Please use -XX:HeapBaseMinAddress
#     to set the Java Heap base and to place the Java Heap above 4GB virtual address.
# This output file may be truncated or incomplete.
#
#  Out of Memory Error (os_windows.cpp:3548), pid=15580, tid=22908
#
# JRE version:  (17.0.12+8) (build )
# Java VM: Java HotSpot(TM) 64-Bit Server VM (17.0.12+8-LTS-286, mixed mode, sharing, tiered, compressed oops, compressed class ptrs, g1 gc, windows-amd64)
# No core dump will be written. Minidumps are not enabled by default on client versions of Windows
#

---------------  S U M M A R Y ------------

Command Line: -Xmx64m -Xms64m -Dorg.gradle.appname=gradlew D:\AppNutrilfit\reactNativeNf\android\\gradle\wrapper\gradle-wrapper.jar app:installDebug -PreactNativeDevServerPort=8081

Host: Intel(R) Core(TM) i7-8750H CPU @ 2.20GHz, 12 cores, 15G,  Windows 11 , 64 bit Build 26100 (10.0.26100.4484)
Time: Wed Aug  6 23:39:52 2025 Arabie  elapsed time: 1.241554 seconds (0d 0h 0m 1s)

---------------  T H R E A D  ---------------

Current thread (0x0000020f87693e90):  JavaThread "Unknown thread" [_thread_in_vm, id=22908, stack(0x0000001e34500000,0x0000001e34600000)]

Stack: [0x0000001e34500000,0x0000001e34600000]
Native frames: (J=compiled Java code, j=interpreted, Vv=VM code, C=native code)
V  [jvm.dll+0x67a04a]
V  [jvm.dll+0x7da4ed]
V  [jvm.dll+0x7dbe33]
V  [jvm.dll+0x7dc4a3]
V  [jvm.dll+0x24508f]
V  [jvm.dll+0x677089]
V  [jvm.dll+0x66bd32]
V  [jvm.dll+0x301fa6]
V  [jvm.dll+0x309546]
V  [jvm.dll+0x359d2e]
V  [jvm.dll+0x359f5f]
V  [jvm.dll+0x2d9078]
V  [jvm.dll+0x2d9fe4]
V  [jvm.dll+0x7aca21]
V  [jvm.dll+0x367591]
V  [jvm.dll+0x78b999]
V  [jvm.dll+0x3ec83f]
V  [jvm.dll+0x3ee471]
C  [jli.dll+0x5297]
C  [ucrtbase.dll+0x37b0]
C  [KERNEL32.DLL+0x2e8d7]
C  [ntdll.dll+0x3c34c]


---------------  P R O C E S S  ---------------

Threads class SMR info:
_java_thread_list=0x00007ff938857a18, length=0, elements={
}

Java Threads: ( => current thread )

Other Threads:
  0x0000020f876b57e0 GCTaskThread "GC Thread#0" [stack: 0x0000001e34600000,0x0000001e34700000] [id=15052]
  0x0000020f876b6f30 ConcurrentGCThread "G1 Main Marker" [stack: 0x0000001e34700000,0x0000001e34800000] [id=14740]
  0x0000020f876ba630 ConcurrentGCThread "G1 Conc#0" [stack: 0x0000001e34800000,0x0000001e34900000] [id=20228]

[error occurred during error reporting (printing all threads), id 0xc0000005, EXCEPTION_ACCESS_VIOLATION (0xc0000005) at pc=0x00007ff938089b67]

VM state: not at safepoint (not fully initialized)

VM Mutex/Monitor currently owned by a thread:  ([mutex/lock_event])
[0x0000020f8768f6b0] Heap_lock - owner thread: 0x0000020f87693e90

Heap address: 0x00000000fc000000, size: 64 MB, Compressed Oops mode: 32-bit

CDS archive(s) mapped at: [0x0000000000000000-0x0000000000000000-0x0000000000000000), size 0, SharedBaseAddress: 0x0000000800000000, ArchiveRelocationMode: 1.
Narrow klass base: 0x0000000000000000, Narrow klass shift: 0, Narrow klass range: 0x0

GC Precious Log:
<Empty>

Heap:
 garbage-first heap   total 0K, used 0K [0x00000000fc000000, 0x0000000100000000)
  region size 1024K, 0 young (0K), 0 survivors (0K)

[error occurred during error reporting (printing heap information), id 0xc0000005, EXCEPTION_ACCESS_VIOLATION (0xc0000005) at pc=0x00007ff938473859]

GC Heap History (0 events):
No events

Deoptimization events (0 events):
No events

Classes unloaded (0 events):
No events

Classes redefined (0 events):
No events

Internal exceptions (0 events):
No events

VM Operations (0 events):
No events

Events (1 events):
Event: 0.012 Loaded shared library C:\Program Files\Java\jdk-17\bin\java.dll


Dynamic libraries:
0x00007ff62cea0000 - 0x00007ff62ceb0000 	C:\Program Files\Java\jdk-17\bin\java.exe
0x00007ff9ee720000 - 0x00007ff9ee988000 	C:\WINDOWS\SYSTEM32\ntdll.dll
0x00007ff9ec8d0000 - 0x00007ff9ec999000 	C:\WINDOWS\System32\KERNEL32.DLL
0x00007ff9ebc90000 - 0x00007ff9ec07d000 	C:\WINDOWS\System32\KERNELBASE.dll
0x00007ff9eb9f0000 - 0x00007ff9ebb3b000 	C:\WINDOWS\System32\ucrtbase.dll
0x00007ff9cf820000 - 0x00007ff9cf839000 	C:\Program Files\Java\jdk-17\bin\jli.dll
0x00007ff9cb620000 - 0x00007ff9cb63b000 	C:\Program Files\Java\jdk-17\bin\VCRUNTIME140.dll
0x00007ff9ee620000 - 0x00007ff9ee6d4000 	C:\WINDOWS\System32\ADVAPI32.dll
0x00007ff9ed310000 - 0x00007ff9ed3b9000 	C:\WINDOWS\System32\msvcrt.dll
0x00007ff9ee520000 - 0x00007ff9ee5c6000 	C:\WINDOWS\System32\sechost.dll
0x00007ff9ecec0000 - 0x00007ff9ecfd8000 	C:\WINDOWS\System32\RPCRT4.dll
0x00007ff9ecb10000 - 0x00007ff9eccdc000 	C:\WINDOWS\System32\USER32.dll
0x00007ff9eb9c0000 - 0x00007ff9eb9e7000 	C:\WINDOWS\System32\win32u.dll
0x00007ff9ceb80000 - 0x00007ff9cee1a000 	C:\WINDOWS\WinSxS\amd64_microsoft.windows.common-controls_6595b64144ccf1df_6.0.26100.4484_none_3e0e6d4ce32ef3b3\COMCTL32.dll
0x00007ff9ed1f0000 - 0x00007ff9ed21b000 	C:\WINDOWS\System32\GDI32.dll
0x00007ff9ec080000 - 0x00007ff9ec1b7000 	C:\WINDOWS\System32\gdi32full.dll
0x00007ff9ebb40000 - 0x00007ff9ebbe3000 	C:\WINDOWS\System32\msvcp_win.dll
0x00007ff9dc550000 - 0x00007ff9dc55b000 	C:\WINDOWS\SYSTEM32\VERSION.dll
0x00007ff9ed570000 - 0x00007ff9ed59f000 	C:\WINDOWS\System32\IMM32.DLL
0x00007ff9ce490000 - 0x00007ff9ce49c000 	C:\Program Files\Java\jdk-17\bin\vcruntime140_1.dll
0x00007ff9afe40000 - 0x00007ff9afece000 	C:\Program Files\Java\jdk-17\bin\msvcp140.dll
0x00007ff937da0000 - 0x00007ff938980000 	C:\Program Files\Java\jdk-17\bin\server\jvm.dll
0x00007ff9cb400000 - 0x00007ff9cb40a000 	C:\WINDOWS\SYSTEM32\WSOCK32.dll
0x00007ff9e34f0000 - 0x00007ff9e3525000 	C:\WINDOWS\SYSTEM32\WINMM.dll
0x00007ff9ed1e0000 - 0x00007ff9ed1e8000 	C:\WINDOWS\System32\PSAPI.DLL
0x00007ff9edd00000 - 0x00007ff9edd74000 	C:\WINDOWS\System32\WS2_32.dll
0x00007ff9ea5d0000 - 0x00007ff9ea5eb000 	C:\WINDOWS\SYSTEM32\kernel.appcore.dll
0x00007ff9cd530000 - 0x00007ff9cd53a000 	C:\Program Files\Java\jdk-17\bin\jimage.dll
0x00007ff9e90b0000 - 0x00007ff9e92f1000 	C:\WINDOWS\SYSTEM32\DBGHELP.DLL
0x00007ff9ec540000 - 0x00007ff9ec8c6000 	C:\WINDOWS\System32\combase.dll
0x00007ff9ed220000 - 0x00007ff9ed300000 	C:\WINDOWS\System32\OLEAUT32.dll
0x00007ff9d3440000 - 0x00007ff9d3483000 	C:\WINDOWS\SYSTEM32\dbgcore.DLL
0x00007ff9ebbf0000 - 0x00007ff9ebc89000 	C:\WINDOWS\System32\bcryptPrimitives.dll
0x00007ff9c76b0000 - 0x00007ff9c76d5000 	C:\Program Files\Java\jdk-17\bin\java.dll

dbghelp: loaded successfully - version: 4.0.5 - missing functions: none
symbol engine: initialized successfully - sym options: 0x614 - pdb path: .;C:\Program Files\Java\jdk-17\bin;C:\WINDOWS\SYSTEM32;C:\WINDOWS\WinSxS\amd64_microsoft.windows.common-controls_6595b64144ccf1df_6.0.26100.4484_none_3e0e6d4ce32ef3b3;C:\Program Files\Java\jdk-17\bin\server

VM Arguments:
jvm_args: -Xmx64m -Xms64m -Dorg.gradle.appname=gradlew 
java_command: D:\AppNutrilfit\reactNativeNf\android\\gradle\wrapper\gradle-wrapper.jar app:installDebug -PreactNativeDevServerPort=8081
java_class_path (initial): D:\AppNutrilfit\reactNativeNf\android\\gradle\wrapper\gradle-wrapper.jar
Launcher Type: SUN_STANDARD

[Global flags]
     intx CICompilerCount                          = 4                                         {product} {ergonomic}
     uint ConcGCThreads                            = 3                                         {product} {ergonomic}
     uint G1ConcRefinementThreads                  = 10                                        {product} {ergonomic}
   size_t G1HeapRegionSize                         = 1048576                                   {product} {ergonomic}
    uintx GCDrainStackTargetSize                   = 64                                        {product} {ergonomic}
   size_t InitialHeapSize                          = 67108864                                  {product} {command line}
   size_t MarkStackSize                            = 4194304                                   {product} {ergonomic}
   size_t MaxHeapSize                              = 67108864                                  {product} {command line}
   size_t MinHeapDeltaBytes                        = 1048576                                   {product} {ergonomic}
   size_t MinHeapSize                              = 67108864                                  {product} {command line}
    uintx NonNMethodCodeHeapSize                   = 5839372                                {pd product} {ergonomic}
    uintx NonProfiledCodeHeapSize                  = 122909434                              {pd product} {ergonomic}
    uintx ProfiledCodeHeapSize                     = 122909434                              {pd product} {ergonomic}
    uintx ReservedCodeCacheSize                    = 251658240                              {pd product} {ergonomic}
     bool SegmentedCodeCache                       = true                                      {product} {ergonomic}
   size_t SoftMaxHeapSize                          = 67108864                               {manageable} {ergonomic}
     bool UseCompressedClassPointers               = true                           {product lp64_product} {ergonomic}
     bool UseCompressedOops                        = true                           {product lp64_product} {ergonomic}
     bool UseG1GC                                  = true                                      {product} {ergonomic}
     bool UseLargePagesIndividualAllocation        = false                                  {pd product} {ergonomic}

Logging:
Log output configuration:
 #0: stdout all=warning uptime,level,tags
 #1: stderr all=off uptime,level,tags

Environment Variables:
JAVA_HOME=C:\Program Files\Java\jdk-17
PATH=D:\AppNutrilfit\reactNativeNf\node_modules\.bin;D:\AppNutrilfit\reactNativeNf\node_modules\.bin;D:\AppNutrilfit\node_modules\.bin;D:\node_modules\.bin;C:\Program Files\nodejs\node_modules\npm\node_modules\@npmcli\run-script\lib\node-gyp-bin;C:\Program Files\Common Files\Oracle\Java\javapath;C:\Program Files\Java\jdk-17\bin;.;G:\app\Adrianno\product\11.2.0\dbhome_1\bin;C:\app\Adrianno\product\21c\dbhomeXE\bin;C:\WINDOWS\system32;C:\WINDOWS;C:\WINDOWS\System32\Wbem;C:\WINDOWS\System32\WindowsPowerShell\v1.0\;C:\WINDOWS\System32\OpenSSH\;C:\Program Files\NVIDIA Corporation\NVIDIA NvDLISR;C:\Program Files (x86)\NVIDIA Corporation\PhysX\Common;C:\Program Files\dotnet\;%JBOSS_HOME%\bin;C:\xampp\php;D:\Etudes\S5\Mr Tahina\apache-ant-1.10.15\bin;C:\Users\Adrianno\AppData\Roaming\nvm;C:\Program Files\nodejs;C:\Program Files\nodejs\;C:\Program Files\PostgreSQL\16\bin;C:\Program Files\Java\jdk-21\bin;C:\Program Files\Apache Software Foundation\Tomcat 10.0\webapps\apache-maven-3.8.8-bin\apache-maven-3.8.8\bin;D:\Etudes\S5\Mr Tahina\Foot\project-bolt-sb1-9gpezuju\project\lib;D:\Etudes\S5\Mr Tahina\horsJeux\native;D:\Etudes\S5\Mr Tahina\horsJeux\lib\opencv-490.jar;C:\Users\Adrianno\Downloads\opencv\build\java\opencv-4110.jar;C:\Users\Adrianno\Downloads\opencv\build\java\x64\opencv_java4110.dll;C:\composer;C:\xampp\php\extras\openssl;C:\ProgramData\ComposerSetup\bin;C:\Program Files\Git\cmd;C:\Program Files\Git\bin;C:\Users\Adrianno\scoop\shims;.;C:\Users\Adrianno\AppData\Local\Programs\Python\Launcher\;C:\Users\Adrianno\AppData\Local\Microsoft\WindowsApps;C:\Users\Adrianno\AppData\Local\Programs\Microsoft VS Code\bin;%JBOSS_HOME%\bin;C:\Program Files\Java\jdk-21\bin;C:\Users\Adrianno\AppData\Roaming\nvm;C:\Program Files\nodejs;C:\Users\Adrianno\AppData\Roaming\npm;C:\Program Files\PostgreSQL\16\bin;C:\xampp\php;C:\Users\Adrianno\.dotnet\tools;C:\Program Files\Apache Software Foundation\Tomcat 10.0\webapps\apache-maven-3.8.8-bin\apache-maven-3.8.8\bin;D:\Etudes\S5\Mr Tahina\hors
USERNAME=Adrianno
LANG=en_US.UTF-8
OS=Windows_NT
PROCESSOR_IDENTIFIER=Intel64 Family 6 Model 158 Stepping 10, GenuineIntel



---------------  S Y S T E M  ---------------

OS:
 Windows 11 , 64 bit Build 26100 (10.0.26100.4484)
OS uptime: 0 days 3:27 hours
Hyper-V role detected

CPU: total 12 (initial active 12) (6 cores per cpu, 2 threads per core) family 6 model 158 stepping 10 microcode 0xde, cx8, cmov, fxsr, ht, mmx, 3dnowpref, sse, sse2, sse3, ssse3, sse4.1, sse4.2, popcnt, lzcnt, tsc, tscinvbit, avx, avx2, aes, erms, clmul, bmi1, bmi2, adx, fma, vzeroupper, clflush, clflushopt, hv

Memory: 4k page, system-wide physical 16234M (2908M free)
TotalPageFile size 31317M (AvailPageFile size 33M)
current process WorkingSet (physical memory assigned to process): 12M, peak: 12M
current process commit charge ("private bytes"): 63M, peak: 127M

vm_info: Java HotSpot(TM) 64-Bit Server VM (17.0.12+8-LTS-286) for windows-amd64 JRE (17.0.12+8-LTS-286), built on Jun  5 2024 06:46:59 by "mach5one" with MS VC++ 17.6 (VS2022)

END.
